{"D:\\Pakka Wala Final\\Multi_vondor_E_shop\\frontend\\src\\App.js": {"path":"D:\\Pakka Wala Final\\Multi_vondor_E_shop\\frontend\\src\\App.js","statementMap":{"0":{"start":{"line":69,"column":12},"end":{"line":357,"column":1}},"1":{"start":{"line":70,"column":42},"end":{"line":70,"column":54}},"2":{"start":{"line":77,"column":2},"end":{"line":83,"column":9}},"3":{"start":{"line":78,"column":4},"end":{"line":78,"column":31}},"4":{"start":{"line":79,"column":4},"end":{"line":79,"column":33}},"5":{"start":{"line":80,"column":4},"end":{"line":80,"column":37}},"6":{"start":{"line":81,"column":4},"end":{"line":81,"column":35}},"7":{"start":{"line":82,"column":4},"end":{"line":82,"column":22}},"8":{"start":{"line":85,"column":2},"end":{"line":356,"column":4}}},"fnMap":{"0":{"name":"(anonymous_0)","decl":{"start":{"line":69,"column":12},"end":{"line":69,"column":13}},"loc":{"start":{"line":69,"column":18},"end":{"line":357,"column":1}},"line":69},"1":{"name":"getStripeApikey","decl":{"start":{"line":72,"column":17},"end":{"line":72,"column":32}},"loc":{"start":{"line":72,"column":35},"end":{"line":75,"column":3}},"line":72},"2":{"name":"(anonymous_2)","decl":{"start":{"line":77,"column":12},"end":{"line":77,"column":13}},"loc":{"start":{"line":77,"column":18},"end":{"line":83,"column":3}},"line":77}},"branchMap":{"0":{"loc":{"start":{"line":87,"column":7},"end":{"line":100,"column":7}},"type":"binary-expr","locations":[{"start":{"line":87,"column":7},"end":{"line":87,"column":19}},{"start":{"line":88,"column":8},"end":{"line":99,"column":19}}],"line":87}},"s":{"0":0,"1":0,"2":0,"3":0,"4":0,"5":0,"6":0,"7":0,"8":0},"f":{"0":0,"1":0,"2":0},"b":{"0":[0,0]}}
,"D:\\Pakka Wala Final\\Multi_vondor_E_shop\\frontend\\src\\ShopRoutes.js": {"path":"D:\\Pakka Wala Final\\Multi_vondor_E_shop\\frontend\\src\\ShopRoutes.js","statementMap":{},"fnMap":{},"branchMap":{},"s":{},"f":{},"b":{}}
,"D:\\Pakka Wala Final\\Multi_vondor_E_shop\\frontend\\src\\server.js": {"path":"D:\\Pakka Wala Final\\Multi_vondor_E_shop\\frontend\\src\\server.js","statementMap":{"0":{"start":{"line":1,"column":22},"end":{"line":1,"column":67}},"1":{"start":{"line":3,"column":27},"end":{"line":3,"column":65}}},"fnMap":{},"branchMap":{},"s":{"0":0,"1":0},"f":{},"b":{}}
,"D:\\Pakka Wala Final\\Multi_vondor_E_shop\\frontend\\src\\components\\UserOrderDetails.jsx": {"path":"D:\\Pakka Wala Final\\Multi_vondor_E_shop\\frontend\\src\\components\\UserOrderDetails.jsx","statementMap":{"0":{"start":{"line":13,"column":25},"end":{"line":270,"column":1}},"1":{"start":{"line":14,"column":21},"end":{"line":14,"column":56}},"2":{"start":{"line":14,"column":44},"end":{"line":14,"column":55}},"3":{"start":{"line":15,"column":19},"end":{"line":15,"column":53}},"4":{"start":{"line":15,"column":42},"end":{"line":15,"column":52}},"5":{"start":{"line":16,"column":19},"end":{"line":16,"column":32}},"6":{"start":{"line":17,"column":26},"end":{"line":17,"column":41}},"7":{"start":{"line":18,"column":32},"end":{"line":18,"column":44}},"8":{"start":{"line":19,"column":42},"end":{"line":19,"column":56}},"9":{"start":{"line":20,"column":30},"end":{"line":20,"column":41}},"10":{"start":{"line":22,"column":17},"end":{"line":22,"column":28}},"11":{"start":{"line":24,"column":2},"end":{"line":26,"column":27}},"12":{"start":{"line":25,"column":4},"end":{"line":25,"column":43}},"13":{"start":{"line":28,"column":15},"end":{"line":28,"column":63}},"14":{"start":{"line":28,"column":47},"end":{"line":28,"column":62}},"15":{"start":{"line":30,"column":24},"end":{"line":58,"column":3}},"16":{"start":{"line":31,"column":4},"end":{"line":57,"column":5}},"17":{"start":{"line":33,"column":8},"end":{"line":35,"column":44}},"18":{"start":{"line":37,"column":18},"end":{"line":47,"column":7}},"19":{"start":{"line":49,"column":6},"end":{"line":49,"column":38}},"20":{"start":{"line":50,"column":6},"end":{"line":50,"column":45}},"21":{"start":{"line":51,"column":6},"end":{"line":51,"column":21}},"22":{"start":{"line":52,"column":6},"end":{"line":52,"column":22}},"23":{"start":{"line":53,"column":6},"end":{"line":53,"column":21}},"24":{"start":{"line":55,"column":6},"end":{"line":55,"column":27}},"25":{"start":{"line":56,"column":6},"end":{"line":56,"column":58}},"26":{"start":{"line":60,"column":26},"end":{"line":65,"column":3}},"27":{"start":{"line":61,"column":4},"end":{"line":64,"column":5}},"28":{"start":{"line":62,"column":6},"end":{"line":62,"column":37}},"29":{"start":{"line":63,"column":6},"end":{"line":63,"column":35}},"30":{"start":{"line":68,"column":24},"end":{"line":80,"column":3}},"31":{"start":{"line":69,"column":4},"end":{"line":79,"column":9}},"32":{"start":{"line":74,"column":8},"end":{"line":74,"column":40}},"33":{"start":{"line":75,"column":8},"end":{"line":75,"column":47}},"34":{"start":{"line":78,"column":8},"end":{"line":78,"column":49}},"35":{"start":{"line":82,"column":2},"end":{"line":269,"column":4}},"36":{"start":{"line":105,"column":10},"end":{"line":127,"column":12}},"37":{"start":{"line":121,"column":33},"end":{"line":121,"column":71}},"38":{"start":{"line":137,"column":31},"end":{"line":137,"column":45}},"39":{"start":{"line":168,"column":16},"end":{"line":184,"column":17}},"40":{"start":{"line":174,"column":35},"end":{"line":174,"column":47}},"41":{"start":{"line":182,"column":35},"end":{"line":182,"column":47}},"42":{"start":{"line":202,"column":33},"end":{"line":202,"column":59}}},"fnMap":{"0":{"name":"(anonymous_0)","decl":{"start":{"line":13,"column":25},"end":{"line":13,"column":26}},"loc":{"start":{"line":13,"column":31},"end":{"line":270,"column":1}},"line":13},"1":{"name":"(anonymous_1)","decl":{"start":{"line":14,"column":33},"end":{"line":14,"column":34}},"loc":{"start":{"line":14,"column":44},"end":{"line":14,"column":55}},"line":14},"2":{"name":"(anonymous_2)","decl":{"start":{"line":15,"column":31},"end":{"line":15,"column":32}},"loc":{"start":{"line":15,"column":42},"end":{"line":15,"column":52}},"line":15},"3":{"name":"(anonymous_3)","decl":{"start":{"line":24,"column":12},"end":{"line":24,"column":13}},"loc":{"start":{"line":24,"column":18},"end":{"line":26,"column":3}},"line":24},"4":{"name":"(anonymous_4)","decl":{"start":{"line":28,"column":37},"end":{"line":28,"column":38}},"loc":{"start":{"line":28,"column":47},"end":{"line":28,"column":62}},"line":28},"5":{"name":"(anonymous_5)","decl":{"start":{"line":30,"column":24},"end":{"line":30,"column":25}},"loc":{"start":{"line":30,"column":40},"end":{"line":58,"column":3}},"line":30},"6":{"name":"(anonymous_6)","decl":{"start":{"line":60,"column":26},"end":{"line":60,"column":27}},"loc":{"start":{"line":60,"column":38},"end":{"line":65,"column":3}},"line":60},"7":{"name":"(anonymous_7)","decl":{"start":{"line":68,"column":24},"end":{"line":68,"column":25}},"loc":{"start":{"line":68,"column":36},"end":{"line":80,"column":3}},"line":68},"8":{"name":"(anonymous_8)","decl":{"start":{"line":73,"column":12},"end":{"line":73,"column":13}},"loc":{"start":{"line":73,"column":21},"end":{"line":76,"column":7}},"line":73},"9":{"name":"(anonymous_9)","decl":{"start":{"line":77,"column":13},"end":{"line":77,"column":14}},"loc":{"start":{"line":77,"column":24},"end":{"line":79,"column":7}},"line":77},"10":{"name":"(anonymous_10)","decl":{"start":{"line":104,"column":23},"end":{"line":104,"column":24}},"loc":{"start":{"line":104,"column":40},"end":{"line":128,"column":9}},"line":104},"11":{"name":"(anonymous_11)","decl":{"start":{"line":121,"column":27},"end":{"line":121,"column":28}},"loc":{"start":{"line":121,"column":33},"end":{"line":121,"column":71}},"line":121},"12":{"name":"(anonymous_12)","decl":{"start":{"line":137,"column":25},"end":{"line":137,"column":26}},"loc":{"start":{"line":137,"column":31},"end":{"line":137,"column":45}},"line":137},"13":{"name":"(anonymous_13)","decl":{"start":{"line":167,"column":35},"end":{"line":167,"column":36}},"loc":{"start":{"line":168,"column":16},"end":{"line":184,"column":17}},"line":168},"14":{"name":"(anonymous_14)","decl":{"start":{"line":174,"column":29},"end":{"line":174,"column":30}},"loc":{"start":{"line":174,"column":35},"end":{"line":174,"column":47}},"line":174},"15":{"name":"(anonymous_15)","decl":{"start":{"line":182,"column":29},"end":{"line":182,"column":30}},"loc":{"start":{"line":182,"column":35},"end":{"line":182,"column":47}},"line":182},"16":{"name":"(anonymous_16)","decl":{"start":{"line":202,"column":26},"end":{"line":202,"column":27}},"loc":{"start":{"line":202,"column":33},"end":{"line":202,"column":59}},"line":202}},"branchMap":{"0":{"loc":{"start":{"line":28,"column":15},"end":{"line":28,"column":63}},"type":"binary-expr","locations":[{"start":{"line":28,"column":15},"end":{"line":28,"column":21}},{"start":{"line":28,"column":25},"end":{"line":28,"column":63}}],"line":28},"1":{"loc":{"start":{"line":33,"column":8},"end":{"line":35,"column":44}},"type":"cond-expr","locations":[{"start":{"line":34,"column":12},"end":{"line":34,"column":40}},{"start":{"line":35,"column":12},"end":{"line":35,"column":44}}],"line":33},"2":{"loc":{"start":{"line":61,"column":4},"end":{"line":64,"column":5}},"type":"if","locations":[{"start":{"line":61,"column":4},"end":{"line":64,"column":5}},{"start":{},"end":{}}],"line":61},"3":{"loc":{"start":{"line":103,"column":7},"end":{"line":128,"column":10}},"type":"binary-expr","locations":[{"start":{"line":103,"column":7},"end":{"line":103,"column":11}},{"start":{"line":104,"column":8},"end":{"line":128,"column":10}}],"line":103},"4":{"loc":{"start":{"line":118,"column":15},"end":{"line":125,"column":22}},"type":"cond-expr","locations":[{"start":{"line":119,"column":16},"end":{"line":124,"column":22}},{"start":{"line":125,"column":18},"end":{"line":125,"column":22}}],"line":118},"5":{"loc":{"start":{"line":118,"column":15},"end":{"line":118,"column":63}},"type":"binary-expr","locations":[{"start":{"line":118,"column":15},"end":{"line":118,"column":31}},{"start":{"line":118,"column":35},"end":{"line":118,"column":63}}],"line":118},"6":{"loc":{"start":{"line":121,"column":33},"end":{"line":121,"column":71}},"type":"binary-expr","locations":[{"start":{"line":121,"column":33},"end":{"line":121,"column":46}},{"start":{"line":121,"column":50},"end":{"line":121,"column":71}}],"line":121},"7":{"loc":{"start":{"line":131,"column":7},"end":{"line":215,"column":7}},"type":"binary-expr","locations":[{"start":{"line":131,"column":7},"end":{"line":131,"column":11}},{"start":{"line":132,"column":8},"end":{"line":214,"column":14}}],"line":131},"8":{"loc":{"start":{"line":168,"column":16},"end":{"line":184,"column":17}},"type":"cond-expr","locations":[{"start":{"line":169,"column":18},"end":{"line":175,"column":20}},{"start":{"line":177,"column":18},"end":{"line":183,"column":20}}],"line":168},"9":{"loc":{"start":{"line":209,"column":23},"end":{"line":209,"column":58}},"type":"cond-expr","locations":[{"start":{"line":209,"column":36},"end":{"line":209,"column":51}},{"start":{"line":209,"column":54},"end":{"line":209,"column":58}}],"line":209},"10":{"loc":{"start":{"line":248,"column":13},"end":{"line":248,"column":79}},"type":"cond-expr","locations":[{"start":{"line":248,"column":41},"end":{"line":248,"column":66}},{"start":{"line":248,"column":69},"end":{"line":248,"column":79}}],"line":248},"11":{"loc":{"start":{"line":251,"column":11},"end":{"line":258,"column":11}},"type":"binary-expr","locations":[{"start":{"line":251,"column":11},"end":{"line":251,"column":39}},{"start":{"line":252,"column":12},"end":{"line":257,"column":18}}],"line":251}},"s":{"0":0,"1":0,"2":0,"3":0,"4":0,"5":0,"6":0,"7":0,"8":0,"9":0,"10":0,"11":0,"12":0,"13":0,"14":0,"15":0,"16":0,"17":0,"18":0,"19":0,"20":0,"21":0,"22":0,"23":0,"24":0,"25":0,"26":0,"27":0,"28":0,"29":0,"30":0,"31":0,"32":0,"33":0,"34":0,"35":0,"36":0,"37":0,"38":0,"39":0,"40":0,"41":0,"42":0},"f":{"0":0,"1":0,"2":0,"3":0,"4":0,"5":0,"6":0,"7":0,"8":0,"9":0,"10":0,"11":0,"12":0,"13":0,"14":0,"15":0,"16":0},"b":{"0":[0,0],"1":[0,0],"2":[0,0],"3":[0,0],"4":[0,0],"5":[0,0],"6":[0,0],"7":[0,0],"8":[0,0],"9":[0,0],"10":[0,0],"11":[0,0]}}
,"D:\\Pakka Wala Final\\Multi_vondor_E_shop\\frontend\\src\\components\\Admin\\AdminDashboardMain.jsx": {"path":"D:\\Pakka Wala Final\\Multi_vondor_E_shop\\frontend\\src\\components\\Admin\\AdminDashboardMain.jsx","statementMap":{"0":{"start":{"line":12,"column":27},"end":{"line":102,"column":1}},"1":{"start":{"line":13,"column":19},"end":{"line":13,"column":32}},"2":{"start":{"line":14,"column":45},"end":{"line":14,"column":80}},"3":{"start":{"line":14,"column":68},"end":{"line":14,"column":79}},"4":{"start":{"line":15,"column":22},"end":{"line":15,"column":58}},"5":{"start":{"line":15,"column":45},"end":{"line":15,"column":57}},"6":{"start":{"line":17,"column":2},"end":{"line":20,"column":9}},"7":{"start":{"line":18,"column":4},"end":{"line":18,"column":36}},"8":{"start":{"line":19,"column":4},"end":{"line":19,"column":30}},"9":{"start":{"line":22,"column":23},"end":{"line":22,"column":89}},"10":{"start":{"line":22,"column":58},"end":{"line":22,"column":85}},"11":{"start":{"line":23,"column":23},"end":{"line":23,"column":47}},"12":{"start":{"line":25,"column":18},"end":{"line":37,"column":3}},"13":{"start":{"line":32,"column":34},"end":{"line":32,"column":114}},"14":{"start":{"line":39,"column":14},"end":{"line":39,"column":16}},"15":{"start":{"line":40,"column":2},"end":{"line":48,"column":5}},"16":{"start":{"line":41,"column":4},"end":{"line":47,"column":7}},"17":{"start":{"line":43,"column":49},"end":{"line":43,"column":63}},"18":{"start":{"line":50,"column":2},"end":{"line":101,"column":4}}},"fnMap":{"0":{"name":"(anonymous_0)","decl":{"start":{"line":12,"column":27},"end":{"line":12,"column":28}},"loc":{"start":{"line":12,"column":48},"end":{"line":102,"column":1}},"line":12},"1":{"name":"(anonymous_1)","decl":{"start":{"line":14,"column":57},"end":{"line":14,"column":58}},"loc":{"start":{"line":14,"column":68},"end":{"line":14,"column":79}},"line":14},"2":{"name":"(anonymous_2)","decl":{"start":{"line":15,"column":34},"end":{"line":15,"column":35}},"loc":{"start":{"line":15,"column":45},"end":{"line":15,"column":57}},"line":15},"3":{"name":"(anonymous_3)","decl":{"start":{"line":17,"column":12},"end":{"line":17,"column":13}},"loc":{"start":{"line":17,"column":18},"end":{"line":20,"column":3}},"line":17},"4":{"name":"(anonymous_4)","decl":{"start":{"line":22,"column":43},"end":{"line":22,"column":44}},"loc":{"start":{"line":22,"column":58},"end":{"line":22,"column":85}},"line":22},"5":{"name":"(anonymous_5)","decl":{"start":{"line":32,"column":21},"end":{"line":32,"column":22}},"loc":{"start":{"line":32,"column":34},"end":{"line":32,"column":114}},"line":32},"6":{"name":"(anonymous_6)","decl":{"start":{"line":40,"column":23},"end":{"line":40,"column":24}},"loc":{"start":{"line":40,"column":33},"end":{"line":48,"column":3}},"line":40},"7":{"name":"(anonymous_7)","decl":{"start":{"line":43,"column":34},"end":{"line":43,"column":35}},"loc":{"start":{"line":43,"column":49},"end":{"line":43,"column":63}},"line":43}},"branchMap":{"0":{"loc":{"start":{"line":32,"column":34},"end":{"line":32,"column":114}},"type":"cond-expr","locations":[{"start":{"line":32,"column":89},"end":{"line":32,"column":101}},{"start":{"line":32,"column":104},"end":{"line":32,"column":114}}],"line":32},"1":{"loc":{"start":{"line":50,"column":9},"end":{"line":101,"column":3}},"type":"cond-expr","locations":[{"start":{"line":51,"column":4},"end":{"line":51,"column":14}},{"start":{"line":53,"column":4},"end":{"line":100,"column":10}}],"line":50},"2":{"loc":{"start":{"line":56,"column":20},"end":{"line":56,"column":50}},"type":"cond-expr","locations":[{"start":{"line":56,"column":34},"end":{"line":56,"column":41}},{"start":{"line":56,"column":44},"end":{"line":56,"column":50}}],"line":56},"3":{"loc":{"start":{"line":57,"column":21},"end":{"line":57,"column":49}},"type":"cond-expr","locations":[{"start":{"line":57,"column":35},"end":{"line":57,"column":40}},{"start":{"line":57,"column":43},"end":{"line":57,"column":49}}],"line":57},"4":{"loc":{"start":{"line":58,"column":15},"end":{"line":58,"column":58}},"type":"cond-expr","locations":[{"start":{"line":58,"column":29},"end":{"line":58,"column":49}},{"start":{"line":58,"column":52},"end":{"line":58,"column":58}}],"line":58}},"s":{"0":0,"1":0,"2":0,"3":0,"4":0,"5":0,"6":0,"7":0,"8":0,"9":0,"10":0,"11":0,"12":0,"13":0,"14":0,"15":0,"16":0,"17":0,"18":0},"f":{"0":0,"1":0,"2":0,"3":0,"4":0,"5":0,"6":0,"7":0},"b":{"0":[0,0],"1":[0,0],"2":[0,0],"3":[0,0],"4":[0,0]}}
,"D:\\Pakka Wala Final\\Multi_vondor_E_shop\\frontend\\src\\components\\Admin\\AllEvents.jsx": {"path":"D:\\Pakka Wala Final\\Multi_vondor_E_shop\\frontend\\src\\components\\Admin\\AllEvents.jsx","statementMap":{"0":{"start":{"line":9,"column":18},"end":{"line":110,"column":1}},"1":{"start":{"line":10,"column":30},"end":{"line":10,"column":42}},"2":{"start":{"line":12,"column":2},"end":{"line":18,"column":9}},"3":{"start":{"line":13,"column":4},"end":{"line":17,"column":9}},"4":{"start":{"line":16,"column":8},"end":{"line":16,"column":35}},"5":{"start":{"line":20,"column":18},"end":{"line":67,"column":3}},"6":{"start":{"line":56,"column":8},"end":{"line":64,"column":10}},"7":{"start":{"line":69,"column":14},"end":{"line":69,"column":16}},"8":{"start":{"line":71,"column":2},"end":{"line":80,"column":7}},"9":{"start":{"line":73,"column":6},"end":{"line":79,"column":9}},"10":{"start":{"line":82,"column":2},"end":{"line":109,"column":4}}},"fnMap":{"0":{"name":"(anonymous_0)","decl":{"start":{"line":9,"column":18},"end":{"line":9,"column":19}},"loc":{"start":{"line":9,"column":24},"end":{"line":110,"column":1}},"line":9},"1":{"name":"(anonymous_1)","decl":{"start":{"line":12,"column":12},"end":{"line":12,"column":13}},"loc":{"start":{"line":12,"column":18},"end":{"line":18,"column":3}},"line":12},"2":{"name":"(anonymous_2)","decl":{"start":{"line":15,"column":12},"end":{"line":15,"column":13}},"loc":{"start":{"line":15,"column":21},"end":{"line":17,"column":7}},"line":15},"3":{"name":"(anonymous_3)","decl":{"start":{"line":55,"column":18},"end":{"line":55,"column":19}},"loc":{"start":{"line":55,"column":30},"end":{"line":65,"column":7}},"line":55},"4":{"name":"(anonymous_4)","decl":{"start":{"line":72,"column":19},"end":{"line":72,"column":20}},"loc":{"start":{"line":72,"column":29},"end":{"line":80,"column":5}},"line":72}},"branchMap":{"0":{"loc":{"start":{"line":71,"column":2},"end":{"line":80,"column":6}},"type":"binary-expr","locations":[{"start":{"line":71,"column":2},"end":{"line":71,"column":8}},{"start":{"line":72,"column":4},"end":{"line":80,"column":6}}],"line":71}},"s":{"0":0,"1":0,"2":0,"3":0,"4":0,"5":0,"6":0,"7":0,"8":0,"9":0,"10":0},"f":{"0":0,"1":0,"2":0,"3":0,"4":0},"b":{"0":[0,0]}}
,"D:\\Pakka Wala Final\\Multi_vondor_E_shop\\frontend\\src\\components\\Admin\\AllProducts.jsx": {"path":"D:\\Pakka Wala Final\\Multi_vondor_E_shop\\frontend\\src\\components\\Admin\\AllProducts.jsx","statementMap":{"0":{"start":{"line":9,"column":20},"end":{"line":111,"column":1}},"1":{"start":{"line":10,"column":26},"end":{"line":10,"column":38}},"2":{"start":{"line":12,"column":2},"end":{"line":18,"column":9}},"3":{"start":{"line":13,"column":4},"end":{"line":17,"column":9}},"4":{"start":{"line":16,"column":8},"end":{"line":16,"column":35}},"5":{"start":{"line":20,"column":18},"end":{"line":70,"column":3}},"6":{"start":{"line":41,"column":8},"end":{"line":41,"column":58}},"7":{"start":{"line":59,"column":8},"end":{"line":67,"column":10}},"8":{"start":{"line":72,"column":14},"end":{"line":72,"column":16}},"9":{"start":{"line":73,"column":2},"end":{"line":82,"column":7}},"10":{"start":{"line":75,"column":6},"end":{"line":81,"column":9}},"11":{"start":{"line":84,"column":2},"end":{"line":110,"column":4}}},"fnMap":{"0":{"name":"(anonymous_0)","decl":{"start":{"line":9,"column":20},"end":{"line":9,"column":21}},"loc":{"start":{"line":9,"column":26},"end":{"line":111,"column":1}},"line":9},"1":{"name":"(anonymous_1)","decl":{"start":{"line":12,"column":12},"end":{"line":12,"column":13}},"loc":{"start":{"line":12,"column":18},"end":{"line":18,"column":3}},"line":12},"2":{"name":"(anonymous_2)","decl":{"start":{"line":15,"column":12},"end":{"line":15,"column":13}},"loc":{"start":{"line":15,"column":21},"end":{"line":17,"column":7}},"line":15},"3":{"name":"(anonymous_3)","decl":{"start":{"line":40,"column":21},"end":{"line":40,"column":22}},"loc":{"start":{"line":40,"column":33},"end":{"line":42,"column":7}},"line":40},"4":{"name":"(anonymous_4)","decl":{"start":{"line":58,"column":18},"end":{"line":58,"column":19}},"loc":{"start":{"line":58,"column":30},"end":{"line":68,"column":7}},"line":58},"5":{"name":"(anonymous_5)","decl":{"start":{"line":74,"column":17},"end":{"line":74,"column":18}},"loc":{"start":{"line":74,"column":27},"end":{"line":82,"column":5}},"line":74}},"branchMap":{"0":{"loc":{"start":{"line":41,"column":15},"end":{"line":41,"column":57}},"type":"cond-expr","locations":[{"start":{"line":41,"column":36},"end":{"line":41,"column":45}},{"start":{"line":41,"column":48},"end":{"line":41,"column":57}}],"line":41},"1":{"loc":{"start":{"line":73,"column":2},"end":{"line":82,"column":6}},"type":"binary-expr","locations":[{"start":{"line":73,"column":2},"end":{"line":73,"column":6}},{"start":{"line":74,"column":4},"end":{"line":82,"column":6}}],"line":73}},"s":{"0":0,"1":0,"2":0,"3":0,"4":0,"5":0,"6":0,"7":0,"8":0,"9":0,"10":0,"11":0},"f":{"0":0,"1":0,"2":0,"3":0,"4":0,"5":0},"b":{"0":[0,0],"1":[0,0]}}
,"D:\\Pakka Wala Final\\Multi_vondor_E_shop\\frontend\\src\\components\\Admin\\AllSellers.jsx": {"path":"D:\\Pakka Wala Final\\Multi_vondor_E_shop\\frontend\\src\\components\\Admin\\AllSellers.jsx","statementMap":{"0":{"start":{"line":14,"column":19},"end":{"line":124,"column":1}},"1":{"start":{"line":15,"column":19},"end":{"line":15,"column":32}},"2":{"start":{"line":16,"column":22},"end":{"line":16,"column":58}},"3":{"start":{"line":16,"column":45},"end":{"line":16,"column":57}},"4":{"start":{"line":17,"column":26},"end":{"line":17,"column":41}},"5":{"start":{"line":18,"column":30},"end":{"line":18,"column":42}},"6":{"start":{"line":19,"column":32},"end":{"line":19,"column":47}},"7":{"start":{"line":21,"column":2},"end":{"line":23,"column":17}},"8":{"start":{"line":22,"column":4},"end":{"line":22,"column":30}},"9":{"start":{"line":25,"column":23},"end":{"line":37,"column":3}},"10":{"start":{"line":26,"column":4},"end":{"line":26,"column":21}},"11":{"start":{"line":27,"column":4},"end":{"line":36,"column":5}},"12":{"start":{"line":28,"column":6},"end":{"line":28,"column":90}},"13":{"start":{"line":29,"column":6},"end":{"line":29,"column":52}},"14":{"start":{"line":30,"column":6},"end":{"line":30,"column":32}},"15":{"start":{"line":32,"column":6},"end":{"line":32,"column":43}},"16":{"start":{"line":34,"column":6},"end":{"line":34,"column":24}},"17":{"start":{"line":35,"column":6},"end":{"line":35,"column":21}},"18":{"start":{"line":39,"column":18},"end":{"line":71,"column":3}},"19":{"start":{"line":52,"column":8},"end":{"line":56,"column":15}},"20":{"start":{"line":66,"column":8},"end":{"line":68,"column":17}},"21":{"start":{"line":66,"column":33},"end":{"line":66,"column":54}},"22":{"start":{"line":66,"column":55},"end":{"line":66,"column":69}},"23":{"start":{"line":73,"column":15},"end":{"line":79,"column":5}},"24":{"start":{"line":73,"column":38},"end":{"line":79,"column":3}},"25":{"start":{"line":81,"column":2},"end":{"line":123,"column":4}},"26":{"start":{"line":99,"column":51},"end":{"line":99,"column":65}},"27":{"start":{"line":107,"column":33},"end":{"line":107,"column":47}},"28":{"start":{"line":113,"column":33},"end":{"line":113,"column":53}}},"fnMap":{"0":{"name":"(anonymous_0)","decl":{"start":{"line":14,"column":19},"end":{"line":14,"column":20}},"loc":{"start":{"line":14,"column":25},"end":{"line":124,"column":1}},"line":14},"1":{"name":"(anonymous_1)","decl":{"start":{"line":16,"column":34},"end":{"line":16,"column":35}},"loc":{"start":{"line":16,"column":45},"end":{"line":16,"column":57}},"line":16},"2":{"name":"(anonymous_2)","decl":{"start":{"line":21,"column":12},"end":{"line":21,"column":13}},"loc":{"start":{"line":21,"column":18},"end":{"line":23,"column":3}},"line":21},"3":{"name":"(anonymous_3)","decl":{"start":{"line":25,"column":23},"end":{"line":25,"column":24}},"loc":{"start":{"line":25,"column":37},"end":{"line":37,"column":3}},"line":25},"4":{"name":"(anonymous_4)","decl":{"start":{"line":51,"column":18},"end":{"line":51,"column":19}},"loc":{"start":{"line":52,"column":8},"end":{"line":56,"column":15}},"line":52},"5":{"name":"(anonymous_5)","decl":{"start":{"line":65,"column":18},"end":{"line":65,"column":19}},"loc":{"start":{"line":66,"column":8},"end":{"line":68,"column":17}},"line":66},"6":{"name":"(anonymous_6)","decl":{"start":{"line":66,"column":25},"end":{"line":66,"column":26}},"loc":{"start":{"line":66,"column":31},"end":{"line":66,"column":71}},"line":66},"7":{"name":"(anonymous_7)","decl":{"start":{"line":73,"column":27},"end":{"line":73,"column":28}},"loc":{"start":{"line":73,"column":38},"end":{"line":79,"column":3}},"line":73},"8":{"name":"(anonymous_8)","decl":{"start":{"line":99,"column":45},"end":{"line":99,"column":46}},"loc":{"start":{"line":99,"column":51},"end":{"line":99,"column":65}},"line":99},"9":{"name":"(anonymous_9)","decl":{"start":{"line":107,"column":27},"end":{"line":107,"column":28}},"loc":{"start":{"line":107,"column":33},"end":{"line":107,"column":47}},"line":107},"10":{"name":"(anonymous_10)","decl":{"start":{"line":113,"column":27},"end":{"line":113,"column":28}},"loc":{"start":{"line":113,"column":33},"end":{"line":113,"column":53}},"line":113}},"branchMap":{"0":{"loc":{"start":{"line":95,"column":9},"end":{"line":120,"column":9}},"type":"binary-expr","locations":[{"start":{"line":95,"column":9},"end":{"line":95,"column":13}},{"start":{"line":96,"column":10},"end":{"line":119,"column":16}}],"line":95},"1":{"loc":{"start":{"line":115,"column":19},"end":{"line":115,"column":54}},"type":"cond-expr","locations":[{"start":{"line":115,"column":29},"end":{"line":115,"column":42}},{"start":{"line":115,"column":45},"end":{"line":115,"column":54}}],"line":115}},"s":{"0":0,"1":0,"2":0,"3":0,"4":0,"5":0,"6":0,"7":0,"8":0,"9":0,"10":0,"11":0,"12":0,"13":0,"14":0,"15":0,"16":0,"17":0,"18":0,"19":0,"20":0,"21":0,"22":0,"23":0,"24":0,"25":0,"26":0,"27":0,"28":0},"f":{"0":0,"1":0,"2":0,"3":0,"4":0,"5":0,"6":0,"7":0,"8":0,"9":0,"10":0},"b":{"0":[0,0],"1":[0,0]}}
,"D:\\Pakka Wala Final\\Multi_vondor_E_shop\\frontend\\src\\components\\Admin\\AllUsers.jsx": {"path":"D:\\Pakka Wala Final\\Multi_vondor_E_shop\\frontend\\src\\components\\Admin\\AllUsers.jsx","statementMap":{"0":{"start":{"line":11,"column":17},"end":{"line":158,"column":1}},"1":{"start":{"line":12,"column":28},"end":{"line":12,"column":40}},"2":{"start":{"line":13,"column":26},"end":{"line":13,"column":41}},"3":{"start":{"line":14,"column":30},"end":{"line":14,"column":42}},"4":{"start":{"line":16,"column":21},"end":{"line":25,"column":3}},"5":{"start":{"line":17,"column":4},"end":{"line":24,"column":5}},"6":{"start":{"line":18,"column":18},"end":{"line":20,"column":8}},"7":{"start":{"line":21,"column":6},"end":{"line":21,"column":31}},"8":{"start":{"line":23,"column":6},"end":{"line":23,"column":77}},"9":{"start":{"line":27,"column":2},"end":{"line":29,"column":9}},"10":{"start":{"line":28,"column":4},"end":{"line":28,"column":17}},"11":{"start":{"line":31,"column":23},"end":{"line":41,"column":3}},"12":{"start":{"line":32,"column":4},"end":{"line":40,"column":5}},"13":{"start":{"line":33,"column":18},"end":{"line":35,"column":8}},"14":{"start":{"line":36,"column":6},"end":{"line":36,"column":38}},"15":{"start":{"line":37,"column":6},"end":{"line":37,"column":19}},"16":{"start":{"line":39,"column":6},"end":{"line":39,"column":75}},"17":{"start":{"line":43,"column":18},"end":{"line":92,"column":3}},"18":{"start":{"line":79,"column":8},"end":{"line":89,"column":10}},"19":{"start":{"line":82,"column":14},"end":{"line":82,"column":35}},"20":{"start":{"line":83,"column":14},"end":{"line":83,"column":28}},"21":{"start":{"line":94,"column":15},"end":{"line":100,"column":5}},"22":{"start":{"line":94,"column":36},"end":{"line":100,"column":3}},"23":{"start":{"line":102,"column":2},"end":{"line":157,"column":4}},"24":{"start":{"line":130,"column":51},"end":{"line":130,"column":65}},"25":{"start":{"line":138,"column":33},"end":{"line":138,"column":47}},"26":{"start":{"line":145,"column":20},"end":{"line":145,"column":35}},"27":{"start":{"line":146,"column":20},"end":{"line":146,"column":41}}},"fnMap":{"0":{"name":"(anonymous_0)","decl":{"start":{"line":11,"column":17},"end":{"line":11,"column":18}},"loc":{"start":{"line":11,"column":23},"end":{"line":158,"column":1}},"line":11},"1":{"name":"(anonymous_1)","decl":{"start":{"line":16,"column":21},"end":{"line":16,"column":22}},"loc":{"start":{"line":16,"column":33},"end":{"line":25,"column":3}},"line":16},"2":{"name":"(anonymous_2)","decl":{"start":{"line":27,"column":12},"end":{"line":27,"column":13}},"loc":{"start":{"line":27,"column":18},"end":{"line":29,"column":3}},"line":27},"3":{"name":"(anonymous_3)","decl":{"start":{"line":31,"column":23},"end":{"line":31,"column":24}},"loc":{"start":{"line":31,"column":37},"end":{"line":41,"column":3}},"line":31},"4":{"name":"(anonymous_4)","decl":{"start":{"line":78,"column":18},"end":{"line":78,"column":19}},"loc":{"start":{"line":78,"column":30},"end":{"line":90,"column":7}},"line":78},"5":{"name":"(anonymous_5)","decl":{"start":{"line":81,"column":21},"end":{"line":81,"column":22}},"loc":{"start":{"line":81,"column":27},"end":{"line":84,"column":13}},"line":81},"6":{"name":"(anonymous_6)","decl":{"start":{"line":94,"column":25},"end":{"line":94,"column":26}},"loc":{"start":{"line":94,"column":36},"end":{"line":100,"column":3}},"line":94},"7":{"name":"(anonymous_7)","decl":{"start":{"line":130,"column":45},"end":{"line":130,"column":46}},"loc":{"start":{"line":130,"column":51},"end":{"line":130,"column":65}},"line":130},"8":{"name":"(anonymous_8)","decl":{"start":{"line":138,"column":27},"end":{"line":138,"column":28}},"loc":{"start":{"line":138,"column":33},"end":{"line":138,"column":47}},"line":138},"9":{"name":"(anonymous_9)","decl":{"start":{"line":144,"column":27},"end":{"line":144,"column":28}},"loc":{"start":{"line":144,"column":33},"end":{"line":147,"column":19}},"line":144}},"branchMap":{"0":{"loc":{"start":{"line":23,"column":18},"end":{"line":23,"column":75}},"type":"binary-expr","locations":[{"start":{"line":23,"column":18},"end":{"line":23,"column":48}},{"start":{"line":23,"column":52},"end":{"line":23,"column":75}}],"line":23},"1":{"loc":{"start":{"line":39,"column":18},"end":{"line":39,"column":73}},"type":"binary-expr","locations":[{"start":{"line":39,"column":18},"end":{"line":39,"column":46}},{"start":{"line":39,"column":50},"end":{"line":39,"column":73}}],"line":39},"2":{"loc":{"start":{"line":126,"column":9},"end":{"line":154,"column":9}},"type":"binary-expr","locations":[{"start":{"line":126,"column":9},"end":{"line":126,"column":13}},{"start":{"line":127,"column":10},"end":{"line":153,"column":16}}],"line":126}},"s":{"0":0,"1":0,"2":0,"3":0,"4":0,"5":0,"6":0,"7":0,"8":0,"9":0,"10":0,"11":0,"12":0,"13":0,"14":0,"15":0,"16":0,"17":0,"18":0,"19":0,"20":0,"21":0,"22":0,"23":0,"24":0,"25":0,"26":0,"27":0},"f":{"0":0,"1":0,"2":0,"3":0,"4":0,"5":0,"6":0,"7":0,"8":0,"9":0},"b":{"0":[0,0],"1":[0,0],"2":[0,0]}}
,"D:\\Pakka Wala Final\\Multi_vondor_E_shop\\frontend\\src\\components\\Admin\\AllWithdraw.jsx": {"path":"D:\\Pakka Wala Final\\Multi_vondor_E_shop\\frontend\\src\\components\\Admin\\AllWithdraw.jsx","statementMap":{"0":{"start":{"line":10,"column":20},"end":{"line":123,"column":1}},"1":{"start":{"line":11,"column":26},"end":{"line":11,"column":38}},"2":{"start":{"line":12,"column":26},"end":{"line":12,"column":41}},"3":{"start":{"line":13,"column":42},"end":{"line":13,"column":52}},"4":{"start":{"line":14,"column":46},"end":{"line":14,"column":68}},"5":{"start":{"line":16,"column":2},"end":{"line":27,"column":9}},"6":{"start":{"line":17,"column":4},"end":{"line":26,"column":9}},"7":{"start":{"line":22,"column":8},"end":{"line":22,"column":36}},"8":{"start":{"line":25,"column":8},"end":{"line":25,"column":49}},"9":{"start":{"line":29,"column":18},"end":{"line":52,"column":3}},"10":{"start":{"line":45,"column":8},"end":{"line":49,"column":10}},"11":{"start":{"line":48,"column":25},"end":{"line":48,"column":69}},"12":{"start":{"line":54,"column":23},"end":{"line":69,"column":3}},"13":{"start":{"line":55,"column":4},"end":{"line":68,"column":9}},"14":{"start":{"line":65,"column":8},"end":{"line":65,"column":64}},"15":{"start":{"line":66,"column":8},"end":{"line":66,"column":36}},"16":{"start":{"line":67,"column":8},"end":{"line":67,"column":23}},"17":{"start":{"line":71,"column":15},"end":{"line":78,"column":5}},"18":{"start":{"line":71,"column":35},"end":{"line":78,"column":3}},"19":{"start":{"line":80,"column":2},"end":{"line":122,"column":4}},"20":{"start":{"line":96,"column":49},"end":{"line":96,"column":63}},"21":{"start":{"line":103,"column":31},"end":{"line":103,"column":64}}},"fnMap":{"0":{"name":"(anonymous_0)","decl":{"start":{"line":10,"column":20},"end":{"line":10,"column":21}},"loc":{"start":{"line":10,"column":26},"end":{"line":123,"column":1}},"line":10},"1":{"name":"(anonymous_1)","decl":{"start":{"line":16,"column":12},"end":{"line":16,"column":13}},"loc":{"start":{"line":16,"column":18},"end":{"line":27,"column":3}},"line":16},"2":{"name":"(anonymous_2)","decl":{"start":{"line":21,"column":12},"end":{"line":21,"column":13}},"loc":{"start":{"line":21,"column":21},"end":{"line":23,"column":7}},"line":21},"3":{"name":"(anonymous_3)","decl":{"start":{"line":24,"column":13},"end":{"line":24,"column":14}},"loc":{"start":{"line":24,"column":24},"end":{"line":26,"column":7}},"line":24},"4":{"name":"(anonymous_4)","decl":{"start":{"line":44,"column":18},"end":{"line":44,"column":19}},"loc":{"start":{"line":45,"column":8},"end":{"line":49,"column":10}},"line":45},"5":{"name":"(anonymous_5)","decl":{"start":{"line":48,"column":19},"end":{"line":48,"column":20}},"loc":{"start":{"line":48,"column":25},"end":{"line":48,"column":69}},"line":48},"6":{"name":"(anonymous_6)","decl":{"start":{"line":54,"column":23},"end":{"line":54,"column":24}},"loc":{"start":{"line":54,"column":35},"end":{"line":69,"column":3}},"line":54},"7":{"name":"(anonymous_7)","decl":{"start":{"line":64,"column":12},"end":{"line":64,"column":13}},"loc":{"start":{"line":64,"column":21},"end":{"line":68,"column":7}},"line":64},"8":{"name":"(anonymous_8)","decl":{"start":{"line":71,"column":24},"end":{"line":71,"column":25}},"loc":{"start":{"line":71,"column":35},"end":{"line":78,"column":3}},"line":71},"9":{"name":"(anonymous_9)","decl":{"start":{"line":96,"column":43},"end":{"line":96,"column":44}},"loc":{"start":{"line":96,"column":49},"end":{"line":96,"column":63}},"line":96},"10":{"name":"(anonymous_10)","decl":{"start":{"line":103,"column":24},"end":{"line":103,"column":25}},"loc":{"start":{"line":103,"column":31},"end":{"line":103,"column":64}},"line":103}},"branchMap":{"0":{"loc":{"start":{"line":47,"column":24},"end":{"line":47,"column":74}},"type":"cond-expr","locations":[{"start":{"line":47,"column":61},"end":{"line":47,"column":69}},{"start":{"line":47,"column":72},"end":{"line":47,"column":74}}],"line":47},"1":{"loc":{"start":{"line":48,"column":25},"end":{"line":48,"column":69}},"type":"binary-expr","locations":[{"start":{"line":48,"column":25},"end":{"line":48,"column":38}},{"start":{"line":48,"column":42},"end":{"line":48,"column":69}}],"line":48},"2":{"loc":{"start":{"line":92,"column":7},"end":{"line":120,"column":7}},"type":"binary-expr","locations":[{"start":{"line":92,"column":7},"end":{"line":92,"column":11}},{"start":{"line":93,"column":8},"end":{"line":119,"column":14}}],"line":92}},"s":{"0":0,"1":0,"2":0,"3":0,"4":0,"5":0,"6":0,"7":0,"8":0,"9":0,"10":0,"11":0,"12":0,"13":0,"14":0,"15":0,"16":0,"17":0,"18":0,"19":0,"20":0,"21":0},"f":{"0":0,"1":0,"2":0,"3":0,"4":0,"5":0,"6":0,"7":0,"8":0,"9":0,"10":0},"b":{"0":[0,0],"1":[0,0],"2":[0,0]}}
,"D:\\Pakka Wala Final\\Multi_vondor_E_shop\\frontend\\src\\components\\Admin\\MonthlyTrendChart.jsx": {"path":"D:\\Pakka Wala Final\\Multi_vondor_E_shop\\frontend\\src\\components\\Admin\\MonthlyTrendChart.jsx","statementMap":{"0":{"start":{"line":15,"column":0},"end":{"line":23,"column":2}},"1":{"start":{"line":25,"column":26},"end":{"line":141,"column":1}},"2":{"start":{"line":26,"column":38},"end":{"line":26,"column":52}},"3":{"start":{"line":27,"column":30},"end":{"line":27,"column":44}},"4":{"start":{"line":28,"column":34},"end":{"line":28,"column":48}},"5":{"start":{"line":30,"column":4},"end":{"line":61,"column":11}},"6":{"start":{"line":31,"column":31},"end":{"line":37,"column":9}},"7":{"start":{"line":39,"column":8},"end":{"line":60,"column":15}},"8":{"start":{"line":41,"column":16},"end":{"line":43,"column":17}},"9":{"start":{"line":42,"column":20},"end":{"line":42,"column":88}},"10":{"start":{"line":44,"column":16},"end":{"line":44,"column":39}},"11":{"start":{"line":47,"column":16},"end":{"line":53,"column":17}},"12":{"start":{"line":49,"column":20},"end":{"line":49,"column":51}},"13":{"start":{"line":51,"column":20},"end":{"line":51,"column":71}},"14":{"start":{"line":52,"column":20},"end":{"line":52,"column":80}},"15":{"start":{"line":54,"column":16},"end":{"line":54,"column":34}},"16":{"start":{"line":57,"column":16},"end":{"line":57,"column":65}},"17":{"start":{"line":58,"column":16},"end":{"line":58,"column":71}},"18":{"start":{"line":59,"column":16},"end":{"line":59,"column":34}},"19":{"start":{"line":63,"column":4},"end":{"line":65,"column":5}},"20":{"start":{"line":64,"column":8},"end":{"line":64,"column":77}},"21":{"start":{"line":67,"column":4},"end":{"line":69,"column":5}},"22":{"start":{"line":68,"column":8},"end":{"line":68,"column":64}},"23":{"start":{"line":72,"column":31},"end":{"line":97,"column":14}},"24":{"start":{"line":75,"column":51},"end":{"line":75,"column":82}},"25":{"start":{"line":76,"column":31},"end":{"line":76,"column":67}},"26":{"start":{"line":77,"column":18},"end":{"line":82,"column":21}},"27":{"start":{"line":87,"column":52},"end":{"line":87,"column":62}},"28":{"start":{"line":99,"column":20},"end":{"line":124,"column":5}},"29":{"start":{"line":126,"column":4},"end":{"line":140,"column":6}}},"fnMap":{"0":{"name":"(anonymous_0)","decl":{"start":{"line":25,"column":26},"end":{"line":25,"column":27}},"loc":{"start":{"line":25,"column":32},"end":{"line":141,"column":1}},"line":25},"1":{"name":"(anonymous_1)","decl":{"start":{"line":30,"column":14},"end":{"line":30,"column":15}},"loc":{"start":{"line":30,"column":20},"end":{"line":61,"column":5}},"line":30},"2":{"name":"(anonymous_2)","decl":{"start":{"line":40,"column":18},"end":{"line":40,"column":19}},"loc":{"start":{"line":40,"column":32},"end":{"line":45,"column":13}},"line":40},"3":{"name":"(anonymous_3)","decl":{"start":{"line":46,"column":18},"end":{"line":46,"column":19}},"loc":{"start":{"line":46,"column":28},"end":{"line":55,"column":13}},"line":46},"4":{"name":"(anonymous_4)","decl":{"start":{"line":56,"column":19},"end":{"line":56,"column":20}},"loc":{"start":{"line":56,"column":28},"end":{"line":60,"column":13}},"line":56},"5":{"name":"(anonymous_5)","decl":{"start":{"line":74,"column":36},"end":{"line":74,"column":37}},"loc":{"start":{"line":74,"column":46},"end":{"line":83,"column":15}},"line":74},"6":{"name":"(anonymous_6)","decl":{"start":{"line":87,"column":42},"end":{"line":87,"column":43}},"loc":{"start":{"line":87,"column":52},"end":{"line":87,"column":62}},"line":87}},"branchMap":{"0":{"loc":{"start":{"line":41,"column":16},"end":{"line":43,"column":17}},"type":"if","locations":[{"start":{"line":41,"column":16},"end":{"line":43,"column":17}},{"start":{},"end":{}}],"line":41},"1":{"loc":{"start":{"line":47,"column":16},"end":{"line":53,"column":17}},"type":"if","locations":[{"start":{"line":47,"column":16},"end":{"line":53,"column":17}},{"start":{"line":50,"column":23},"end":{"line":53,"column":17}}],"line":47},"2":{"loc":{"start":{"line":47,"column":20},"end":{"line":47,"column":69}},"type":"binary-expr","locations":[{"start":{"line":47,"column":20},"end":{"line":47,"column":33}},{"start":{"line":47,"column":37},"end":{"line":47,"column":69}}],"line":47},"3":{"loc":{"start":{"line":63,"column":4},"end":{"line":65,"column":5}},"type":"if","locations":[{"start":{"line":63,"column":4},"end":{"line":65,"column":5}},{"start":{},"end":{}}],"line":63},"4":{"loc":{"start":{"line":67,"column":4},"end":{"line":69,"column":5}},"type":"if","locations":[{"start":{"line":67,"column":4},"end":{"line":69,"column":5}},{"start":{},"end":{}}],"line":67},"5":{"loc":{"start":{"line":72,"column":31},"end":{"line":97,"column":14}},"type":"cond-expr","locations":[{"start":{"line":73,"column":10},"end":{"line":96,"column":11}},{"start":{"line":97,"column":10},"end":{"line":97,"column":14}}],"line":72},"6":{"loc":{"start":{"line":132,"column":13},"end":{"line":138,"column":13}},"type":"cond-expr","locations":[{"start":{"line":133,"column":16},"end":{"line":135,"column":22}},{"start":{"line":137,"column":16},"end":{"line":137,"column":46}}],"line":132},"7":{"loc":{"start":{"line":132,"column":13},"end":{"line":132,"column":71}},"type":"binary-expr","locations":[{"start":{"line":132,"column":13},"end":{"line":132,"column":31}},{"start":{"line":132,"column":35},"end":{"line":132,"column":71}}],"line":132}},"s":{"0":0,"1":0,"2":0,"3":0,"4":0,"5":0,"6":0,"7":0,"8":0,"9":0,"10":0,"11":0,"12":0,"13":0,"14":0,"15":0,"16":0,"17":0,"18":0,"19":0,"20":0,"21":0,"22":0,"23":0,"24":0,"25":0,"26":0,"27":0,"28":0,"29":0},"f":{"0":0,"1":0,"2":0,"3":0,"4":0,"5":0,"6":0},"b":{"0":[0,0],"1":[0,0],"2":[0,0],"3":[0,0],"4":[0,0],"5":[0,0],"6":[0,0],"7":[0,0]}}
,"D:\\Pakka Wala Final\\Multi_vondor_E_shop\\frontend\\src\\components\\Admin\\Layout\\AdminSideBar.jsx": {"path":"D:\\Pakka Wala Final\\Multi_vondor_E_shop\\frontend\\src\\components\\Admin\\Layout\\AdminSideBar.jsx","statementMap":{"0":{"start":{"line":12,"column":21},"end":{"line":100,"column":1}},"1":{"start":{"line":13,"column":30},"end":{"line":13,"column":45}},"2":{"start":{"line":14,"column":21},"end":{"line":14,"column":33}},"3":{"start":{"line":17,"column":2},"end":{"line":31,"column":15}},"4":{"start":{"line":18,"column":31},"end":{"line":22,"column":5}},"5":{"start":{"line":19,"column":6},"end":{"line":21,"column":7}},"6":{"start":{"line":20,"column":8},"end":{"line":20,"column":25}},"7":{"start":{"line":24,"column":4},"end":{"line":28,"column":5}},"8":{"start":{"line":25,"column":6},"end":{"line":25,"column":65}},"9":{"start":{"line":27,"column":6},"end":{"line":27,"column":68}},"10":{"start":{"line":30,"column":4},"end":{"line":30,"column":79}},"11":{"start":{"line":30,"column":17},"end":{"line":30,"column":78}},"12":{"start":{"line":33,"column":2},"end":{"line":99,"column":4}},"13":{"start":{"line":64,"column":12},"end":{"line":84,"column":18}},"14":{"start":{"line":93,"column":25},"end":{"line":93,"column":40}}},"fnMap":{"0":{"name":"(anonymous_0)","decl":{"start":{"line":12,"column":21},"end":{"line":12,"column":22}},"loc":{"start":{"line":12,"column":37},"end":{"line":100,"column":1}},"line":12},"1":{"name":"(anonymous_1)","decl":{"start":{"line":17,"column":12},"end":{"line":17,"column":13}},"loc":{"start":{"line":17,"column":18},"end":{"line":31,"column":3}},"line":17},"2":{"name":"(anonymous_2)","decl":{"start":{"line":18,"column":31},"end":{"line":18,"column":32}},"loc":{"start":{"line":18,"column":42},"end":{"line":22,"column":5}},"line":18},"3":{"name":"(anonymous_3)","decl":{"start":{"line":30,"column":11},"end":{"line":30,"column":12}},"loc":{"start":{"line":30,"column":17},"end":{"line":30,"column":78}},"line":30},"4":{"name":"(anonymous_4)","decl":{"start":{"line":63,"column":16},"end":{"line":63,"column":17}},"loc":{"start":{"line":64,"column":12},"end":{"line":84,"column":18}},"line":64},"5":{"name":"(anonymous_5)","decl":{"start":{"line":93,"column":19},"end":{"line":93,"column":20}},"loc":{"start":{"line":93,"column":25},"end":{"line":93,"column":40}},"line":93}},"branchMap":{"0":{"loc":{"start":{"line":19,"column":6},"end":{"line":21,"column":7}},"type":"if","locations":[{"start":{"line":19,"column":6},"end":{"line":21,"column":7}},{"start":{},"end":{}}],"line":19},"1":{"loc":{"start":{"line":19,"column":10},"end":{"line":19,"column":74}},"type":"binary-expr","locations":[{"start":{"line":19,"column":10},"end":{"line":19,"column":28}},{"start":{"line":19,"column":32},"end":{"line":19,"column":74}}],"line":19},"2":{"loc":{"start":{"line":24,"column":4},"end":{"line":28,"column":5}},"type":"if","locations":[{"start":{"line":24,"column":4},"end":{"line":28,"column":5}},{"start":{"line":26,"column":11},"end":{"line":28,"column":5}}],"line":24},"3":{"loc":{"start":{"line":39,"column":10},"end":{"line":39,"column":56}},"type":"cond-expr","locations":[{"start":{"line":39,"column":19},"end":{"line":39,"column":34}},{"start":{"line":39,"column":37},"end":{"line":39,"column":56}}],"line":39},"4":{"loc":{"start":{"line":67,"column":35},"end":{"line":67,"column":81}},"type":"cond-expr","locations":[{"start":{"line":67,"column":56},"end":{"line":67,"column":65}},{"start":{"line":67,"column":68},"end":{"line":67,"column":81}}],"line":67},"5":{"loc":{"start":{"line":68,"column":25},"end":{"line":68,"column":62}},"type":"cond-expr","locations":[{"start":{"line":68,"column":46},"end":{"line":68,"column":53}},{"start":{"line":68,"column":56},"end":{"line":68,"column":62}}],"line":68},"6":{"loc":{"start":{"line":69,"column":32},"end":{"line":69,"column":67}},"type":"cond-expr","locations":[{"start":{"line":69,"column":53},"end":{"line":69,"column":59}},{"start":{"line":69,"column":62},"end":{"line":69,"column":67}}],"line":69},"7":{"loc":{"start":{"line":74,"column":37},"end":{"line":74,"column":81}},"type":"cond-expr","locations":[{"start":{"line":74,"column":58},"end":{"line":74,"column":65}},{"start":{"line":74,"column":68},"end":{"line":74,"column":81}}],"line":74},"8":{"loc":{"start":{"line":75,"column":27},"end":{"line":75,"column":66}},"type":"cond-expr","locations":[{"start":{"line":75,"column":48},"end":{"line":75,"column":57}},{"start":{"line":75,"column":60},"end":{"line":75,"column":66}}],"line":75},"9":{"loc":{"start":{"line":90,"column":7},"end":{"line":97,"column":7}},"type":"binary-expr","locations":[{"start":{"line":90,"column":7},"end":{"line":90,"column":14}},{"start":{"line":91,"column":8},"end":{"line":96,"column":17}}],"line":90}},"s":{"0":0,"1":0,"2":0,"3":0,"4":0,"5":0,"6":0,"7":0,"8":0,"9":0,"10":0,"11":0,"12":0,"13":0,"14":0},"f":{"0":0,"1":0,"2":0,"3":0,"4":0,"5":0},"b":{"0":[0,0],"1":[0,0],"2":[0,0],"3":[0,0],"4":[0,0],"5":[0,0],"6":[0,0],"7":[0,0],"8":[0,0],"9":[0,0]}}
,"D:\\Pakka Wala Final\\Multi_vondor_E_shop\\frontend\\src\\components\\Checkout\\Checkout.jsx": {"path":"D:\\Pakka Wala Final\\Multi_vondor_E_shop\\frontend\\src\\components\\Checkout\\Checkout.jsx","statementMap":{"0":{"start":{"line":11,"column":17},"end":{"line":149,"column":1}},"1":{"start":{"line":12,"column":21},"end":{"line":12,"column":55}},"2":{"start":{"line":12,"column":44},"end":{"line":12,"column":54}},"3":{"start":{"line":13,"column":21},"end":{"line":13,"column":55}},"4":{"start":{"line":13,"column":44},"end":{"line":13,"column":54}},"5":{"start":{"line":14,"column":34},"end":{"line":14,"column":46}},"6":{"start":{"line":15,"column":28},"end":{"line":15,"column":40}},"7":{"start":{"line":16,"column":36},"end":{"line":16,"column":51}},"8":{"start":{"line":17,"column":36},"end":{"line":17,"column":48}},"9":{"start":{"line":18,"column":36},"end":{"line":18,"column":48}},"10":{"start":{"line":19,"column":34},"end":{"line":19,"column":48}},"11":{"start":{"line":20,"column":40},"end":{"line":20,"column":52}},"12":{"start":{"line":21,"column":48},"end":{"line":21,"column":62}},"13":{"start":{"line":22,"column":46},"end":{"line":22,"column":60}},"14":{"start":{"line":23,"column":21},"end":{"line":23,"column":34}},"15":{"start":{"line":24,"column":27},"end":{"line":24,"column":39}},"16":{"start":{"line":25,"column":4},"end":{"line":27,"column":11}},"17":{"start":{"line":26,"column":8},"end":{"line":26,"column":30}},"18":{"start":{"line":29,"column":26},"end":{"line":55,"column":5}},"19":{"start":{"line":30,"column":8},"end":{"line":54,"column":9}},"20":{"start":{"line":31,"column":12},"end":{"line":31,"column":63}},"21":{"start":{"line":33,"column":36},"end":{"line":39,"column":13}},"22":{"start":{"line":41,"column":30},"end":{"line":49,"column":13}},"23":{"start":{"line":52,"column":12},"end":{"line":52,"column":75}},"24":{"start":{"line":53,"column":12},"end":{"line":53,"column":29}},"25":{"start":{"line":57,"column":26},"end":{"line":60,"column":5}},"26":{"start":{"line":58,"column":23},"end":{"line":58,"column":58}},"27":{"start":{"line":63,"column":21},"end":{"line":63,"column":40}},"28":{"start":{"line":65,"column":25},"end":{"line":99,"column":5}},"29":{"start":{"line":66,"column":8},"end":{"line":66,"column":27}},"30":{"start":{"line":67,"column":21},"end":{"line":67,"column":31}},"31":{"start":{"line":69,"column":8},"end":{"line":98,"column":11}},"32":{"start":{"line":71,"column":27},"end":{"line":71,"column":54}},"33":{"start":{"line":73,"column":36},"end":{"line":73,"column":62}},"34":{"start":{"line":75,"column":12},"end":{"line":93,"column":13}},"35":{"start":{"line":77,"column":20},"end":{"line":77,"column":73}},"36":{"start":{"line":77,"column":50},"end":{"line":77,"column":72}},"37":{"start":{"line":79,"column":16},"end":{"line":92,"column":17}},"38":{"start":{"line":80,"column":20},"end":{"line":80,"column":74}},"39":{"start":{"line":81,"column":20},"end":{"line":81,"column":38}},"40":{"start":{"line":84,"column":42},"end":{"line":87,"column":21}},"41":{"start":{"line":85,"column":39},"end":{"line":85,"column":74}},"42":{"start":{"line":88,"column":42},"end":{"line":88,"column":81}},"43":{"start":{"line":89,"column":20},"end":{"line":89,"column":52}},"44":{"start":{"line":90,"column":20},"end":{"line":90,"column":59}},"45":{"start":{"line":91,"column":20},"end":{"line":91,"column":38}},"46":{"start":{"line":94,"column":12},"end":{"line":97,"column":13}},"47":{"start":{"line":95,"column":16},"end":{"line":95,"column":59}},"48":{"start":{"line":96,"column":16},"end":{"line":96,"column":34}},"49":{"start":{"line":101,"column":32},"end":{"line":101,"column":67}},"50":{"start":{"line":103,"column":23},"end":{"line":105,"column":47}},"51":{"start":{"line":107,"column":4},"end":{"line":107,"column":37}},"52":{"start":{"line":109,"column":4},"end":{"line":148,"column":6}},"53":{"start":{"line":151,"column":21},"end":{"line":308,"column":1}},"54":{"start":{"line":166,"column":4},"end":{"line":307,"column":6}},"55":{"start":{"line":207,"column":45},"end":{"line":207,"column":71}},"56":{"start":{"line":220,"column":45},"end":{"line":220,"column":71}},"57":{"start":{"line":227,"column":36},"end":{"line":229,"column":45}},"58":{"start":{"line":238,"column":45},"end":{"line":238,"column":68}},"59":{"start":{"line":245,"column":36},"end":{"line":247,"column":45}},"60":{"start":{"line":260,"column":45},"end":{"line":260,"column":72}},"61":{"start":{"line":269,"column":45},"end":{"line":269,"column":72}},"62":{"start":{"line":280,"column":31},"end":{"line":280,"column":53}},"63":{"start":{"line":288,"column":28},"end":{"line":302,"column":34}},"64":{"start":{"line":294,"column":40},"end":{"line":298,"column":58}},"65":{"start":{"line":310,"column":17},"end":{"line":357,"column":1}},"66":{"start":{"line":319,"column":4},"end":{"line":356,"column":6}},"67":{"start":{"line":345,"column":37},"end":{"line":345,"column":66}}},"fnMap":{"0":{"name":"(anonymous_0)","decl":{"start":{"line":11,"column":17},"end":{"line":11,"column":18}},"loc":{"start":{"line":11,"column":23},"end":{"line":149,"column":1}},"line":11},"1":{"name":"(anonymous_1)","decl":{"start":{"line":12,"column":33},"end":{"line":12,"column":34}},"loc":{"start":{"line":12,"column":44},"end":{"line":12,"column":54}},"line":12},"2":{"name":"(anonymous_2)","decl":{"start":{"line":13,"column":33},"end":{"line":13,"column":34}},"loc":{"start":{"line":13,"column":44},"end":{"line":13,"column":54}},"line":13},"3":{"name":"(anonymous_3)","decl":{"start":{"line":25,"column":14},"end":{"line":25,"column":15}},"loc":{"start":{"line":25,"column":20},"end":{"line":27,"column":5}},"line":25},"4":{"name":"(anonymous_4)","decl":{"start":{"line":29,"column":26},"end":{"line":29,"column":27}},"loc":{"start":{"line":29,"column":32},"end":{"line":55,"column":5}},"line":29},"5":{"name":"(anonymous_5)","decl":{"start":{"line":58,"column":8},"end":{"line":58,"column":9}},"loc":{"start":{"line":58,"column":23},"end":{"line":58,"column":58}},"line":58},"6":{"name":"(anonymous_6)","decl":{"start":{"line":65,"column":25},"end":{"line":65,"column":26}},"loc":{"start":{"line":65,"column":38},"end":{"line":99,"column":5}},"line":65},"7":{"name":"(anonymous_7)","decl":{"start":{"line":69,"column":74},"end":{"line":69,"column":75}},"loc":{"start":{"line":69,"column":83},"end":{"line":98,"column":9}},"line":69},"8":{"name":"(anonymous_8)","decl":{"start":{"line":77,"column":40},"end":{"line":77,"column":41}},"loc":{"start":{"line":77,"column":50},"end":{"line":77,"column":72}},"line":77},"9":{"name":"(anonymous_9)","decl":{"start":{"line":85,"column":24},"end":{"line":85,"column":25}},"loc":{"start":{"line":85,"column":39},"end":{"line":85,"column":74}},"line":85},"10":{"name":"(anonymous_10)","decl":{"start":{"line":151,"column":21},"end":{"line":151,"column":22}},"loc":{"start":{"line":165,"column":6},"end":{"line":308,"column":1}},"line":165},"11":{"name":"(anonymous_11)","decl":{"start":{"line":207,"column":38},"end":{"line":207,"column":39}},"loc":{"start":{"line":207,"column":45},"end":{"line":207,"column":71}},"line":207},"12":{"name":"(anonymous_12)","decl":{"start":{"line":220,"column":38},"end":{"line":220,"column":39}},"loc":{"start":{"line":220,"column":45},"end":{"line":220,"column":71}},"line":220},"13":{"name":"(anonymous_13)","decl":{"start":{"line":226,"column":62},"end":{"line":226,"column":63}},"loc":{"start":{"line":227,"column":36},"end":{"line":229,"column":45}},"line":227},"14":{"name":"(anonymous_14)","decl":{"start":{"line":238,"column":38},"end":{"line":238,"column":39}},"loc":{"start":{"line":238,"column":45},"end":{"line":238,"column":68}},"line":238},"15":{"name":"(anonymous_15)","decl":{"start":{"line":244,"column":70},"end":{"line":244,"column":71}},"loc":{"start":{"line":245,"column":36},"end":{"line":247,"column":45}},"line":245},"16":{"name":"(anonymous_16)","decl":{"start":{"line":260,"column":38},"end":{"line":260,"column":39}},"loc":{"start":{"line":260,"column":45},"end":{"line":260,"column":72}},"line":260},"17":{"name":"(anonymous_17)","decl":{"start":{"line":269,"column":38},"end":{"line":269,"column":39}},"loc":{"start":{"line":269,"column":45},"end":{"line":269,"column":72}},"line":269},"18":{"name":"(anonymous_18)","decl":{"start":{"line":280,"column":25},"end":{"line":280,"column":26}},"loc":{"start":{"line":280,"column":31},"end":{"line":280,"column":53}},"line":280},"19":{"name":"(anonymous_19)","decl":{"start":{"line":287,"column":43},"end":{"line":287,"column":44}},"loc":{"start":{"line":288,"column":28},"end":{"line":302,"column":34}},"line":288},"20":{"name":"(anonymous_20)","decl":{"start":{"line":293,"column":45},"end":{"line":293,"column":46}},"loc":{"start":{"line":294,"column":40},"end":{"line":298,"column":58}},"line":294},"21":{"name":"(anonymous_21)","decl":{"start":{"line":310,"column":17},"end":{"line":310,"column":18}},"loc":{"start":{"line":318,"column":6},"end":{"line":357,"column":1}},"line":318},"22":{"name":"(anonymous_22)","decl":{"start":{"line":345,"column":30},"end":{"line":345,"column":31}},"loc":{"start":{"line":345,"column":37},"end":{"line":345,"column":66}},"line":345}},"branchMap":{"0":{"loc":{"start":{"line":30,"column":8},"end":{"line":54,"column":9}},"type":"if","locations":[{"start":{"line":30,"column":8},"end":{"line":54,"column":9}},{"start":{"line":32,"column":15},"end":{"line":54,"column":9}}],"line":30},"1":{"loc":{"start":{"line":30,"column":12},"end":{"line":30,"column":99}},"type":"binary-expr","locations":[{"start":{"line":30,"column":12},"end":{"line":30,"column":27}},{"start":{"line":30,"column":31},"end":{"line":30,"column":46}},{"start":{"line":30,"column":50},"end":{"line":30,"column":66}},{"start":{"line":30,"column":70},"end":{"line":30,"column":84}},{"start":{"line":30,"column":88},"end":{"line":30,"column":99}}],"line":30},"2":{"loc":{"start":{"line":75,"column":12},"end":{"line":93,"column":13}},"type":"if","locations":[{"start":{"line":75,"column":12},"end":{"line":93,"column":13}},{"start":{},"end":{}}],"line":75},"3":{"loc":{"start":{"line":77,"column":20},"end":{"line":77,"column":73}},"type":"binary-expr","locations":[{"start":{"line":77,"column":20},"end":{"line":77,"column":24}},{"start":{"line":77,"column":28},"end":{"line":77,"column":73}}],"line":77},"4":{"loc":{"start":{"line":79,"column":16},"end":{"line":92,"column":17}},"type":"if","locations":[{"start":{"line":79,"column":16},"end":{"line":92,"column":17}},{"start":{"line":82,"column":23},"end":{"line":92,"column":17}}],"line":79},"5":{"loc":{"start":{"line":94,"column":12},"end":{"line":97,"column":13}},"type":"if","locations":[{"start":{"line":94,"column":12},"end":{"line":97,"column":13}},{"start":{},"end":{}}],"line":94},"6":{"loc":{"start":{"line":101,"column":32},"end":{"line":101,"column":67}},"type":"cond-expr","locations":[{"start":{"line":101,"column":49},"end":{"line":101,"column":62}},{"start":{"line":101,"column":65},"end":{"line":101,"column":67}}],"line":101},"7":{"loc":{"start":{"line":103,"column":23},"end":{"line":105,"column":47}},"type":"cond-expr","locations":[{"start":{"line":104,"column":10},"end":{"line":104,"column":69}},{"start":{"line":105,"column":10},"end":{"line":105,"column":47}}],"line":103},"8":{"loc":{"start":{"line":176,"column":35},"end":{"line":176,"column":52}},"type":"binary-expr","locations":[{"start":{"line":176,"column":35},"end":{"line":176,"column":39}},{"start":{"line":176,"column":43},"end":{"line":176,"column":52}}],"line":176},"9":{"loc":{"start":{"line":185,"column":35},"end":{"line":185,"column":53}},"type":"binary-expr","locations":[{"start":{"line":185,"column":35},"end":{"line":185,"column":39}},{"start":{"line":185,"column":43},"end":{"line":185,"column":53}}],"line":185},"10":{"loc":{"start":{"line":198,"column":35},"end":{"line":198,"column":59}},"type":"binary-expr","locations":[{"start":{"line":198,"column":35},"end":{"line":198,"column":39}},{"start":{"line":198,"column":43},"end":{"line":198,"column":59}}],"line":198},"11":{"loc":{"start":{"line":225,"column":29},"end":{"line":230,"column":34}},"type":"binary-expr","locations":[{"start":{"line":225,"column":29},"end":{"line":225,"column":36}},{"start":{"line":226,"column":32},"end":{"line":230,"column":34}}],"line":225},"12":{"loc":{"start":{"line":243,"column":29},"end":{"line":248,"column":34}},"type":"binary-expr","locations":[{"start":{"line":243,"column":29},"end":{"line":243,"column":34}},{"start":{"line":244,"column":32},"end":{"line":248,"column":34}}],"line":243},"13":{"loc":{"start":{"line":284,"column":13},"end":{"line":305,"column":13}},"type":"binary-expr","locations":[{"start":{"line":284,"column":13},"end":{"line":284,"column":21}},{"start":{"line":285,"column":16},"end":{"line":304,"column":22}}],"line":284},"14":{"loc":{"start":{"line":286,"column":21},"end":{"line":303,"column":26}},"type":"binary-expr","locations":[{"start":{"line":286,"column":21},"end":{"line":286,"column":25}},{"start":{"line":287,"column":24},"end":{"line":303,"column":26}}],"line":286},"15":{"loc":{"start":{"line":294,"column":40},"end":{"line":298,"column":58}},"type":"binary-expr","locations":[{"start":{"line":294,"column":40},"end":{"line":294,"column":66}},{"start":{"line":295,"column":40},"end":{"line":295,"column":66}},{"start":{"line":296,"column":40},"end":{"line":296,"column":64}},{"start":{"line":297,"column":40},"end":{"line":297,"column":64}},{"start":{"line":298,"column":40},"end":{"line":298,"column":58}}],"line":294},"16":{"loc":{"start":{"line":334,"column":23},"end":{"line":334,"column":88}},"type":"cond-expr","locations":[{"start":{"line":334,"column":45},"end":{"line":334,"column":81}},{"start":{"line":334,"column":84},"end":{"line":334,"column":88}}],"line":334}},"s":{"0":0,"1":0,"2":0,"3":0,"4":0,"5":0,"6":0,"7":0,"8":0,"9":0,"10":0,"11":0,"12":0,"13":0,"14":0,"15":0,"16":0,"17":0,"18":0,"19":0,"20":0,"21":0,"22":0,"23":0,"24":0,"25":0,"26":0,"27":0,"28":0,"29":0,"30":0,"31":0,"32":0,"33":0,"34":0,"35":0,"36":0,"37":0,"38":0,"39":0,"40":0,"41":0,"42":0,"43":0,"44":0,"45":0,"46":0,"47":0,"48":0,"49":0,"50":0,"51":0,"52":0,"53":0,"54":0,"55":0,"56":0,"57":0,"58":0,"59":0,"60":0,"61":0,"62":0,"63":0,"64":0,"65":0,"66":0,"67":0},"f":{"0":0,"1":0,"2":0,"3":0,"4":0,"5":0,"6":0,"7":0,"8":0,"9":0,"10":0,"11":0,"12":0,"13":0,"14":0,"15":0,"16":0,"17":0,"18":0,"19":0,"20":0,"21":0,"22":0},"b":{"0":[0,0],"1":[0,0,0,0,0],"2":[0,0],"3":[0,0],"4":[0,0],"5":[0,0],"6":[0,0],"7":[0,0],"8":[0,0],"9":[0,0],"10":[0,0],"11":[0,0],"12":[0,0],"13":[0,0],"14":[0,0],"15":[0,0,0,0,0],"16":[0,0]}}
,"D:\\Pakka Wala Final\\Multi_vondor_E_shop\\frontend\\src\\components\\Checkout\\CheckoutSteps.jsx": {"path":"D:\\Pakka Wala Final\\Multi_vondor_E_shop\\frontend\\src\\components\\Checkout\\CheckoutSteps.jsx","statementMap":{"0":{"start":{"line":4,"column":22},"end":{"line":39,"column":1}},"1":{"start":{"line":5,"column":4},"end":{"line":5,"column":24}},"2":{"start":{"line":6,"column":4},"end":{"line":38,"column":5}}},"fnMap":{"0":{"name":"(anonymous_0)","decl":{"start":{"line":4,"column":22},"end":{"line":4,"column":23}},"loc":{"start":{"line":4,"column":38},"end":{"line":39,"column":1}},"line":4}},"branchMap":{"0":{"loc":{"start":{"line":13,"column":39},"end":{"line":14,"column":77}},"type":"cond-expr","locations":[{"start":{"line":13,"column":52},"end":{"line":13,"column":99}},{"start":{"line":14,"column":30},"end":{"line":14,"column":77}}],"line":13},"1":{"loc":{"start":{"line":19,"column":39},"end":{"line":19,"column":115}},"type":"cond-expr","locations":[{"start":{"line":19,"column":52},"end":{"line":19,"column":75}},{"start":{"line":19,"column":78},"end":{"line":19,"column":115}}],"line":19},"2":{"loc":{"start":{"line":20,"column":44},"end":{"line":20,"column":132}},"type":"cond-expr","locations":[{"start":{"line":20,"column":57},"end":{"line":20,"column":85}},{"start":{"line":20,"column":88},"end":{"line":20,"column":132}}],"line":20},"3":{"loc":{"start":{"line":27,"column":39},"end":{"line":28,"column":77}},"type":"cond-expr","locations":[{"start":{"line":27,"column":52},"end":{"line":27,"column":99}},{"start":{"line":28,"column":30},"end":{"line":28,"column":77}}],"line":27},"4":{"loc":{"start":{"line":30,"column":39},"end":{"line":30,"column":115}},"type":"cond-expr","locations":[{"start":{"line":30,"column":52},"end":{"line":30,"column":75}},{"start":{"line":30,"column":78},"end":{"line":30,"column":115}}],"line":30},"5":{"loc":{"start":{"line":31,"column":44},"end":{"line":31,"column":132}},"type":"cond-expr","locations":[{"start":{"line":31,"column":57},"end":{"line":31,"column":85}},{"start":{"line":31,"column":88},"end":{"line":31,"column":132}}],"line":31}},"s":{"0":0,"1":0,"2":0},"f":{"0":0},"b":{"0":[0,0],"1":[0,0],"2":[0,0],"3":[0,0],"4":[0,0],"5":[0,0]}}
,"D:\\Pakka Wala Final\\Multi_vondor_E_shop\\frontend\\src\\components\\Events\\CountDown.jsx": {"path":"D:\\Pakka Wala Final\\Multi_vondor_E_shop\\frontend\\src\\components\\Events\\CountDown.jsx","statementMap":{"0":{"start":{"line":5,"column":18},"end":{"line":73,"column":1}},"1":{"start":{"line":6,"column":34},"end":{"line":6,"column":63}},"2":{"start":{"line":8,"column":2},"end":{"line":37,"column":17}},"3":{"start":{"line":9,"column":18},"end":{"line":11,"column":12}},"4":{"start":{"line":10,"column":6},"end":{"line":10,"column":39}},"5":{"start":{"line":14,"column":4},"end":{"line":34,"column":5}},"6":{"start":{"line":20,"column":20},"end":{"line":20,"column":49}},"7":{"start":{"line":22,"column":6},"end":{"line":33,"column":11}},"8":{"start":{"line":29,"column":10},"end":{"line":29,"column":52}},"9":{"start":{"line":32,"column":10},"end":{"line":32,"column":47}},"10":{"start":{"line":36,"column":4},"end":{"line":36,"column":37}},"11":{"start":{"line":36,"column":17},"end":{"line":36,"column":36}},"12":{"start":{"line":40,"column":23},"end":{"line":40,"column":64}},"13":{"start":{"line":41,"column":19},"end":{"line":41,"column":21}},"14":{"start":{"line":43,"column":4},"end":{"line":50,"column":5}},"15":{"start":{"line":44,"column":6},"end":{"line":49,"column":8}},"16":{"start":{"line":51,"column":4},"end":{"line":51,"column":20}},"17":{"start":{"line":54,"column":26},"end":{"line":62,"column":4}},"18":{"start":{"line":55,"column":4},"end":{"line":55,"column":41}},"19":{"start":{"line":55,"column":29},"end":{"line":55,"column":41}},"20":{"start":{"line":57,"column":4},"end":{"line":61,"column":6}},"21":{"start":{"line":64,"column":2},"end":{"line":72,"column":4}}},"fnMap":{"0":{"name":"(anonymous_0)","decl":{"start":{"line":5,"column":18},"end":{"line":5,"column":19}},"loc":{"start":{"line":5,"column":32},"end":{"line":73,"column":1}},"line":5},"1":{"name":"(anonymous_1)","decl":{"start":{"line":8,"column":12},"end":{"line":8,"column":13}},"loc":{"start":{"line":8,"column":18},"end":{"line":37,"column":3}},"line":8},"2":{"name":"(anonymous_2)","decl":{"start":{"line":9,"column":29},"end":{"line":9,"column":30}},"loc":{"start":{"line":9,"column":35},"end":{"line":11,"column":5}},"line":9},"3":{"name":"(anonymous_3)","decl":{"start":{"line":28,"column":14},"end":{"line":28,"column":15}},"loc":{"start":{"line":28,"column":20},"end":{"line":30,"column":9}},"line":28},"4":{"name":"(anonymous_4)","decl":{"start":{"line":31,"column":15},"end":{"line":31,"column":16}},"loc":{"start":{"line":31,"column":24},"end":{"line":33,"column":9}},"line":31},"5":{"name":"(anonymous_5)","decl":{"start":{"line":36,"column":11},"end":{"line":36,"column":12}},"loc":{"start":{"line":36,"column":17},"end":{"line":36,"column":36}},"line":36},"6":{"name":"calculateTimeLeft","decl":{"start":{"line":39,"column":11},"end":{"line":39,"column":28}},"loc":{"start":{"line":39,"column":31},"end":{"line":52,"column":3}},"line":39},"7":{"name":"(anonymous_7)","decl":{"start":{"line":54,"column":52},"end":{"line":54,"column":53}},"loc":{"start":{"line":54,"column":66},"end":{"line":62,"column":3}},"line":54}},"branchMap":{"0":{"loc":{"start":{"line":14,"column":4},"end":{"line":34,"column":5}},"type":"if","locations":[{"start":{"line":14,"column":4},"end":{"line":34,"column":5}},{"start":{},"end":{}}],"line":14},"1":{"loc":{"start":{"line":15,"column":6},"end":{"line":18,"column":45}},"type":"binary-expr","locations":[{"start":{"line":15,"column":6},"end":{"line":15,"column":42}},{"start":{"line":16,"column":6},"end":{"line":16,"column":43}},{"start":{"line":17,"column":6},"end":{"line":17,"column":45}},{"start":{"line":18,"column":6},"end":{"line":18,"column":45}}],"line":15},"2":{"loc":{"start":{"line":43,"column":4},"end":{"line":50,"column":5}},"type":"if","locations":[{"start":{"line":43,"column":4},"end":{"line":50,"column":5}},{"start":{},"end":{}}],"line":43},"3":{"loc":{"start":{"line":55,"column":4},"end":{"line":55,"column":41}},"type":"if","locations":[{"start":{"line":55,"column":4},"end":{"line":55,"column":41}},{"start":{},"end":{}}],"line":55},"4":{"loc":{"start":{"line":66,"column":7},"end":{"line":70,"column":7}},"type":"cond-expr","locations":[{"start":{"line":67,"column":8},"end":{"line":67,"column":23}},{"start":{"line":69,"column":8},"end":{"line":69,"column":74}}],"line":66}},"s":{"0":0,"1":0,"2":0,"3":0,"4":0,"5":0,"6":0,"7":0,"8":0,"9":0,"10":0,"11":0,"12":0,"13":0,"14":0,"15":0,"16":0,"17":0,"18":0,"19":0,"20":0,"21":0},"f":{"0":0,"1":0,"2":0,"3":0,"4":0,"5":0,"6":0,"7":0},"b":{"0":[0,0],"1":[0,0,0,0],"2":[0,0],"3":[0,0],"4":[0,0]}}
,"D:\\Pakka Wala Final\\Multi_vondor_E_shop\\frontend\\src\\components\\Events\\EventCard.jsx": {"path":"D:\\Pakka Wala Final\\Multi_vondor_E_shop\\frontend\\src\\components\\Events\\EventCard.jsx","statementMap":{"0":{"start":{"line":10,"column":18},"end":{"line":76,"column":1}},"1":{"start":{"line":11,"column":19},"end":{"line":11,"column":53}},"2":{"start":{"line":11,"column":42},"end":{"line":11,"column":52}},"3":{"start":{"line":12,"column":19},"end":{"line":12,"column":32}},"4":{"start":{"line":14,"column":2},"end":{"line":16,"column":9}},"5":{"start":{"line":15,"column":4},"end":{"line":15,"column":26}},"6":{"start":{"line":18,"column":27},"end":{"line":31,"column":3}},"7":{"start":{"line":19,"column":25},"end":{"line":19,"column":69}},"8":{"start":{"line":19,"column":50},"end":{"line":19,"column":68}},"9":{"start":{"line":20,"column":4},"end":{"line":30,"column":5}},"10":{"start":{"line":21,"column":6},"end":{"line":21,"column":42}},"11":{"start":{"line":23,"column":6},"end":{"line":29,"column":7}},"12":{"start":{"line":24,"column":8},"end":{"line":24,"column":46}},"13":{"start":{"line":26,"column":25},"end":{"line":26,"column":44}},"14":{"start":{"line":27,"column":8},"end":{"line":27,"column":38}},"15":{"start":{"line":28,"column":8},"end":{"line":28,"column":58}},"16":{"start":{"line":33,"column":2},"end":{"line":75,"column":4}},"17":{"start":{"line":68,"column":27},"end":{"line":68,"column":49}}},"fnMap":{"0":{"name":"(anonymous_0)","decl":{"start":{"line":10,"column":18},"end":{"line":10,"column":19}},"loc":{"start":{"line":10,"column":40},"end":{"line":76,"column":1}},"line":10},"1":{"name":"(anonymous_1)","decl":{"start":{"line":11,"column":31},"end":{"line":11,"column":32}},"loc":{"start":{"line":11,"column":42},"end":{"line":11,"column":52}},"line":11},"2":{"name":"(anonymous_2)","decl":{"start":{"line":14,"column":12},"end":{"line":14,"column":13}},"loc":{"start":{"line":14,"column":18},"end":{"line":16,"column":3}},"line":14},"3":{"name":"(anonymous_3)","decl":{"start":{"line":18,"column":27},"end":{"line":18,"column":28}},"loc":{"start":{"line":18,"column":37},"end":{"line":31,"column":3}},"line":18},"4":{"name":"(anonymous_4)","decl":{"start":{"line":19,"column":43},"end":{"line":19,"column":44}},"loc":{"start":{"line":19,"column":50},"end":{"line":19,"column":68}},"line":19},"5":{"name":"(anonymous_5)","decl":{"start":{"line":68,"column":21},"end":{"line":68,"column":22}},"loc":{"start":{"line":68,"column":27},"end":{"line":68,"column":49}},"line":68}},"branchMap":{"0":{"loc":{"start":{"line":19,"column":25},"end":{"line":19,"column":69}},"type":"binary-expr","locations":[{"start":{"line":19,"column":25},"end":{"line":19,"column":29}},{"start":{"line":19,"column":33},"end":{"line":19,"column":69}}],"line":19},"1":{"loc":{"start":{"line":20,"column":4},"end":{"line":30,"column":5}},"type":"if","locations":[{"start":{"line":20,"column":4},"end":{"line":30,"column":5}},{"start":{"line":22,"column":11},"end":{"line":30,"column":5}}],"line":20},"2":{"loc":{"start":{"line":23,"column":6},"end":{"line":29,"column":7}},"type":"if","locations":[{"start":{"line":23,"column":6},"end":{"line":29,"column":7}},{"start":{"line":25,"column":13},"end":{"line":29,"column":7}}],"line":23},"3":{"loc":{"start":{"line":36,"column":8},"end":{"line":36,"column":34}},"type":"cond-expr","locations":[{"start":{"line":36,"column":17},"end":{"line":36,"column":24}},{"start":{"line":36,"column":27},"end":{"line":36,"column":34}}],"line":36}},"s":{"0":0,"1":0,"2":0,"3":0,"4":0,"5":0,"6":0,"7":0,"8":0,"9":0,"10":0,"11":0,"12":0,"13":0,"14":0,"15":0,"16":0,"17":0},"f":{"0":0,"1":0,"2":0,"3":0,"4":0,"5":0},"b":{"0":[0,0],"1":[0,0],"2":[0,0],"3":[0,0]}}
,"D:\\Pakka Wala Final\\Multi_vondor_E_shop\\frontend\\src\\components\\Events\\Events.jsx": {"path":"D:\\Pakka Wala Final\\Multi_vondor_E_shop\\frontend\\src\\components\\Events\\Events.jsx","statementMap":{"0":{"start":{"line":6,"column":15},"end":{"line":27,"column":1}},"1":{"start":{"line":7,"column":35},"end":{"line":7,"column":71}},"2":{"start":{"line":7,"column":58},"end":{"line":7,"column":70}},"3":{"start":{"line":9,"column":2},"end":{"line":26,"column":4}}},"fnMap":{"0":{"name":"(anonymous_0)","decl":{"start":{"line":6,"column":15},"end":{"line":6,"column":16}},"loc":{"start":{"line":6,"column":21},"end":{"line":27,"column":1}},"line":6},"1":{"name":"(anonymous_1)","decl":{"start":{"line":7,"column":47},"end":{"line":7,"column":48}},"loc":{"start":{"line":7,"column":58},"end":{"line":7,"column":70}},"line":7}},"branchMap":{"0":{"loc":{"start":{"line":11,"column":7},"end":{"line":24,"column":7}},"type":"binary-expr","locations":[{"start":{"line":11,"column":7},"end":{"line":11,"column":17}},{"start":{"line":12,"column":8},"end":{"line":23,"column":14}}],"line":11},"1":{"loc":{"start":{"line":18,"column":13},"end":{"line":20,"column":13}},"type":"binary-expr","locations":[{"start":{"line":18,"column":13},"end":{"line":18,"column":35}},{"start":{"line":19,"column":14},"end":{"line":19,"column":60}}],"line":18},"2":{"loc":{"start":{"line":19,"column":31},"end":{"line":19,"column":56}},"type":"binary-expr","locations":[{"start":{"line":19,"column":31},"end":{"line":19,"column":40}},{"start":{"line":19,"column":44},"end":{"line":19,"column":56}}],"line":19},"3":{"loc":{"start":{"line":21,"column":17},"end":{"line":21,"column":61}},"type":"binary-expr","locations":[{"start":{"line":21,"column":17},"end":{"line":21,"column":40}},{"start":{"line":21,"column":44},"end":{"line":21,"column":61}}],"line":21}},"s":{"0":0,"1":0,"2":0,"3":0},"f":{"0":0,"1":0},"b":{"0":[0,0],"1":[0,0],"2":[0,0],"3":[0,0]}}
,"D:\\Pakka Wala Final\\Multi_vondor_E_shop\\frontend\\src\\components\\Layout\\AdminHeader.jsx": {"path":"D:\\Pakka Wala Final\\Multi_vondor_E_shop\\frontend\\src\\components\\Layout\\AdminHeader.jsx","statementMap":{"0":{"start":{"line":9,"column":20},"end":{"line":59,"column":1}},"1":{"start":{"line":10,"column":19},"end":{"line":10,"column":53}},"2":{"start":{"line":10,"column":42},"end":{"line":10,"column":52}},"3":{"start":{"line":11,"column":36},"end":{"line":11,"column":50}},"4":{"start":{"line":13,"column":2},"end":{"line":20,"column":9}},"5":{"start":{"line":15,"column":18},"end":{"line":17,"column":12}},"6":{"start":{"line":16,"column":6},"end":{"line":16,"column":26}},"7":{"start":{"line":19,"column":4},"end":{"line":19,"column":37}},"8":{"start":{"line":19,"column":17},"end":{"line":19,"column":36}},"9":{"start":{"line":22,"column":2},"end":{"line":58,"column":4}},"10":{"start":{"line":27,"column":26},"end":{"line":27,"column":44}},"11":{"start":{"line":28,"column":26},"end":{"line":28,"column":45}}},"fnMap":{"0":{"name":"(anonymous_0)","decl":{"start":{"line":9,"column":20},"end":{"line":9,"column":21}},"loc":{"start":{"line":9,"column":26},"end":{"line":59,"column":1}},"line":9},"1":{"name":"(anonymous_1)","decl":{"start":{"line":10,"column":31},"end":{"line":10,"column":32}},"loc":{"start":{"line":10,"column":42},"end":{"line":10,"column":52}},"line":10},"2":{"name":"(anonymous_2)","decl":{"start":{"line":13,"column":12},"end":{"line":13,"column":13}},"loc":{"start":{"line":13,"column":18},"end":{"line":20,"column":3}},"line":13},"3":{"name":"(anonymous_3)","decl":{"start":{"line":15,"column":29},"end":{"line":15,"column":30}},"loc":{"start":{"line":15,"column":35},"end":{"line":17,"column":5}},"line":15},"4":{"name":"(anonymous_4)","decl":{"start":{"line":19,"column":11},"end":{"line":19,"column":12}},"loc":{"start":{"line":19,"column":17},"end":{"line":19,"column":36}},"line":19},"5":{"name":"(anonymous_5)","decl":{"start":{"line":27,"column":20},"end":{"line":27,"column":21}},"loc":{"start":{"line":27,"column":26},"end":{"line":27,"column":44}},"line":27},"6":{"name":"(anonymous_6)","decl":{"start":{"line":28,"column":20},"end":{"line":28,"column":21}},"loc":{"start":{"line":28,"column":26},"end":{"line":28,"column":45}},"line":28}},"branchMap":{"0":{"loc":{"start":{"line":25,"column":8},"end":{"line":25,"column":67}},"type":"cond-expr","locations":[{"start":{"line":25,"column":20},"end":{"line":25,"column":33}},{"start":{"line":25,"column":36},"end":{"line":25,"column":67}}],"line":25}},"s":{"0":0,"1":0,"2":0,"3":0,"4":0,"5":0,"6":0,"7":0,"8":0,"9":0,"10":0,"11":0},"f":{"0":0,"1":0,"2":0,"3":0,"4":0,"5":0,"6":0},"b":{"0":[0,0]}}
,"D:\\Pakka Wala Final\\Multi_vondor_E_shop\\frontend\\src\\components\\Layout\\DropDown.jsx": {"path":"D:\\Pakka Wala Final\\Multi_vondor_E_shop\\frontend\\src\\components\\Layout\\DropDown.jsx","statementMap":{"0":{"start":{"line":5,"column":17},"end":{"line":37,"column":1}},"1":{"start":{"line":6,"column":21},"end":{"line":6,"column":34}},"2":{"start":{"line":7,"column":25},"end":{"line":11,"column":5}},"3":{"start":{"line":8,"column":8},"end":{"line":8,"column":50}},"4":{"start":{"line":9,"column":8},"end":{"line":9,"column":27}},"5":{"start":{"line":10,"column":8},"end":{"line":10,"column":33}},"6":{"start":{"line":12,"column":4},"end":{"line":36,"column":6}},"7":{"start":{"line":16,"column":20},"end":{"line":33,"column":26}},"8":{"start":{"line":19,"column":39},"end":{"line":19,"column":54}}},"fnMap":{"0":{"name":"(anonymous_0)","decl":{"start":{"line":5,"column":17},"end":{"line":5,"column":18}},"loc":{"start":{"line":5,"column":54},"end":{"line":37,"column":1}},"line":5},"1":{"name":"(anonymous_1)","decl":{"start":{"line":7,"column":25},"end":{"line":7,"column":26}},"loc":{"start":{"line":7,"column":32},"end":{"line":11,"column":5}},"line":7},"2":{"name":"(anonymous_2)","decl":{"start":{"line":15,"column":35},"end":{"line":15,"column":36}},"loc":{"start":{"line":16,"column":20},"end":{"line":33,"column":26}},"line":16},"3":{"name":"(anonymous_3)","decl":{"start":{"line":19,"column":33},"end":{"line":19,"column":34}},"loc":{"start":{"line":19,"column":39},"end":{"line":19,"column":54}},"line":19}},"branchMap":{"0":{"loc":{"start":{"line":14,"column":13},"end":{"line":34,"column":18}},"type":"binary-expr","locations":[{"start":{"line":14,"column":13},"end":{"line":14,"column":27}},{"start":{"line":15,"column":16},"end":{"line":34,"column":18}}],"line":14}},"s":{"0":0,"1":0,"2":0,"3":0,"4":0,"5":0,"6":0,"7":0,"8":0},"f":{"0":0,"1":0,"2":0,"3":0},"b":{"0":[0,0]}}
,"D:\\Pakka Wala Final\\Multi_vondor_E_shop\\frontend\\src\\components\\Layout\\Footer.jsx": {"path":"D:\\Pakka Wala Final\\Multi_vondor_E_shop\\frontend\\src\\components\\Layout\\Footer.jsx","statementMap":{"0":{"start":{"line":15,"column":15},"end":{"line":124,"column":1}},"1":{"start":{"line":16,"column":4},"end":{"line":123,"column":6}},"2":{"start":{"line":66,"column":24},"end":{"line":74,"column":29}},"3":{"start":{"line":81,"column":24},"end":{"line":89,"column":29}},"4":{"start":{"line":96,"column":24},"end":{"line":104,"column":29}}},"fnMap":{"0":{"name":"(anonymous_0)","decl":{"start":{"line":15,"column":15},"end":{"line":15,"column":16}},"loc":{"start":{"line":15,"column":21},"end":{"line":124,"column":1}},"line":15},"1":{"name":"(anonymous_1)","decl":{"start":{"line":65,"column":44},"end":{"line":65,"column":45}},"loc":{"start":{"line":66,"column":24},"end":{"line":74,"column":29}},"line":66},"2":{"name":"(anonymous_2)","decl":{"start":{"line":80,"column":44},"end":{"line":80,"column":45}},"loc":{"start":{"line":81,"column":24},"end":{"line":89,"column":29}},"line":81},"3":{"name":"(anonymous_3)","decl":{"start":{"line":95,"column":44},"end":{"line":95,"column":45}},"loc":{"start":{"line":96,"column":24},"end":{"line":104,"column":29}},"line":96}},"branchMap":{},"s":{"0":0,"1":0,"2":0,"3":0,"4":0},"f":{"0":0,"1":0,"2":0,"3":0},"b":{}}
[...]
2)","decl":{"start":{"line":16,"column":21},"end":{"line":16,"column":22}},"loc":{"start":{"line":16,"column":40},"end":{"line":20,"column":3}},"line":16},"3":{"name":"(anonymous_3)","decl":{"start":{"line":23,"column":29},"end":{"line":23,"column":30}},"loc":{"start":{"line":23,"column":40},"end":{"line":25,"column":3}},"line":23},"4":{"name":"(anonymous_4)","decl":{"start":{"line":26,"column":29},"end":{"line":26,"column":30}},"loc":{"start":{"line":26,"column":48},"end":{"line":29,"column":3}},"line":26},"5":{"name":"(anonymous_5)","decl":{"start":{"line":30,"column":28},"end":{"line":30,"column":29}},"loc":{"start":{"line":30,"column":47},"end":{"line":33,"column":3}},"line":30},"6":{"name":"(anonymous_6)","decl":{"start":{"line":36,"column":24},"end":{"line":36,"column":25}},"loc":{"start":{"line":36,"column":35},"end":{"line":38,"column":3}},"line":36},"7":{"name":"(anonymous_7)","decl":{"start":{"line":39,"column":24},"end":{"line":39,"column":25}},"loc":{"start":{"line":39,"column":43},"end":{"line":42,"column":3}},"line":39},"8":{"name":"(anonymous_8)","decl":{"start":{"line":43,"column":23},"end":{"line":43,"column":24}},"loc":{"start":{"line":43,"column":42},"end":{"line":46,"column":3}},"line":43},"9":{"name":"(anonymous_9)","decl":{"start":{"line":49,"column":25},"end":{"line":49,"column":26}},"loc":{"start":{"line":49,"column":36},"end":{"line":51,"column":3}},"line":49},"10":{"name":"(anonymous_10)","decl":{"start":{"line":52,"column":25},"end":{"line":52,"column":26}},"loc":{"start":{"line":52,"column":44},"end":{"line":55,"column":3}},"line":52},"11":{"name":"(anonymous_11)","decl":{"start":{"line":56,"column":24},"end":{"line":56,"column":25}},"loc":{"start":{"line":56,"column":43},"end":{"line":59,"column":3}},"line":56},"12":{"name":"(anonymous_12)","decl":{"start":{"line":61,"column":15},"end":{"line":61,"column":16}},"loc":{"start":{"line":61,"column":26},"end":{"line":63,"column":3}},"line":61}},"branchMap":{},"s":{"0":0,"1":0,"2":0,"3":0,"4":0,"5":0,"6":0,"7":0,"8":0,"9":0,"10":0,"11":0,"12":0,"13":0,"14":0,"15":0,"16":0,"17":0,"18":0,"19":0,"20":0,"21":0,"22":0,"23":0,"24":0},"f":{"0":0,"1":0,"2":0,"3":0,"4":0,"5":0,"6":0,"7":0,"8":0,"9":0,"10":0,"11":0,"12":0},"b":{}}
,"D:\\Pakka Wala Final\\Multi_vondor_E_shop\\frontend\\src\\redux\\reducers\\seller.js": {"path":"D:\\Pakka Wala Final\\Multi_vondor_E_shop\\frontend\\src\\redux\\reducers\\seller.js","statementMap":{"0":{"start":{"line":3,"column":21},"end":{"line":5,"column":1}},"1":{"start":{"line":7,"column":29},"end":{"line":37,"column":2}},"2":{"start":{"line":9,"column":4},"end":{"line":9,"column":27}},"3":{"start":{"line":12,"column":4},"end":{"line":12,"column":26}},"4":{"start":{"line":13,"column":4},"end":{"line":13,"column":28}},"5":{"start":{"line":14,"column":4},"end":{"line":14,"column":34}},"6":{"start":{"line":17,"column":4},"end":{"line":17,"column":28}},"7":{"start":{"line":18,"column":4},"end":{"line":18,"column":33}},"8":{"start":{"line":19,"column":4},"end":{"line":19,"column":27}},"9":{"start":{"line":23,"column":4},"end":{"line":23,"column":27}},"10":{"start":{"line":26,"column":4},"end":{"line":26,"column":28}},"11":{"start":{"line":27,"column":4},"end":{"line":27,"column":35}},"12":{"start":{"line":30,"column":4},"end":{"line":30,"column":28}},"13":{"start":{"line":31,"column":4},"end":{"line":31,"column":33}},"14":{"start":{"line":35,"column":4},"end":{"line":35,"column":23}}},"fnMap":{"0":{"name":"(anonymous_0)","decl":{"start":{"line":8,"column":21},"end":{"line":8,"column":22}},"loc":{"start":{"line":8,"column":32},"end":{"line":10,"column":3}},"line":8},"1":{"name":"(anonymous_1)","decl":{"start":{"line":11,"column":21},"end":{"line":11,"column":22}},"loc":{"start":{"line":11,"column":40},"end":{"line":15,"column":3}},"line":11},"2":{"name":"(anonymous_2)","decl":{"start":{"line":16,"column":18},"end":{"line":16,"column":19}},"loc":{"start":{"line":16,"column":37},"end":{"line":20,"column":3}},"line":16},"3":{"name":"(anonymous_3)","decl":{"start":{"line":22,"column":24},"end":{"line":22,"column":25}},"loc":{"start":{"line":22,"column":35},"end":{"line":24,"column":3}},"line":22},"4":{"name":"(anonymous_4)","decl":{"start":{"line":25,"column":24},"end":{"line":25,"column":25}},"loc":{"start":{"line":25,"column":43},"end":{"line":28,"column":3}},"line":25},"5":{"name":"(anonymous_5)","decl":{"start":{"line":29,"column":22},"end":{"line":29,"column":23}},"loc":{"start":{"line":29,"column":41},"end":{"line":32,"column":3}},"line":29},"6":{"name":"(anonymous_6)","decl":{"start":{"line":34,"column":15},"end":{"line":34,"column":16}},"loc":{"start":{"line":34,"column":26},"end":{"line":36,"column":3}},"line":34}},"branchMap":{},"s":{"0":0,"1":0,"2":0,"3":0,"4":0,"5":0,"6":0,"7":0,"8":0,"9":0,"10":0,"11":0,"12":0,"13":0,"14":0},"f":{"0":0,"1":0,"2":0,"3":0,"4":0,"5":0,"6":0},"b":{}}
,"D:\\Pakka Wala Final\\Multi_vondor_E_shop\\frontend\\src\\redux\\reducers\\user.js": {"path":"D:\\Pakka Wala Final\\Multi_vondor_E_shop\\frontend\\src\\redux\\reducers\\user.js","statementMap":{"0":{"start":{"line":3,"column":21},"end":{"line":5,"column":1}},"1":{"start":{"line":7,"column":27},"end":{"line":79,"column":2}},"2":{"start":{"line":9,"column":4},"end":{"line":9,"column":25}},"3":{"start":{"line":13,"column":4},"end":{"line":13,"column":33}},"4":{"start":{"line":14,"column":4},"end":{"line":14,"column":26}},"5":{"start":{"line":15,"column":4},"end":{"line":15,"column":32}},"6":{"start":{"line":18,"column":4},"end":{"line":18,"column":26}},"7":{"start":{"line":19,"column":4},"end":{"line":19,"column":33}},"8":{"start":{"line":20,"column":4},"end":{"line":20,"column":34}},"9":{"start":{"line":25,"column":4},"end":{"line":25,"column":25}},"10":{"start":{"line":28,"column":4},"end":{"line":28,"column":26}},"11":{"start":{"line":29,"column":4},"end":{"line":29,"column":32}},"12":{"start":{"line":32,"column":4},"end":{"line":32,"column":26}},"13":{"start":{"line":33,"column":4},"end":{"line":33,"column":33}},"14":{"start":{"line":38,"column":4},"end":{"line":38,"column":32}},"15":{"start":{"line":41,"column":4},"end":{"line":41,"column":33}},"16":{"start":{"line":42,"column":4},"end":{"line":42,"column":57}},"17":{"start":{"line":43,"column":4},"end":{"line":43,"column":37}},"18":{"start":{"line":46,"column":4},"end":{"line":46,"column":33}},"19":{"start":{"line":47,"column":4},"end":{"line":47,"column":33}},"20":{"start":{"line":52,"column":4},"end":{"line":52,"column":32}},"21":{"start":{"line":55,"column":4},"end":{"line":55,"column":33}},"22":{"start":{"line":56,"column":4},"end":{"line":56,"column":57}},"23":{"start":{"line":57,"column":4},"end":{"line":57,"column":37}},"24":{"start":{"line":60,"column":4},"end":{"line":60,"column":33}},"25":{"start":{"line":61,"column":4},"end":{"line":61,"column":33}},"26":{"start":{"line":65,"column":4},"end":{"line":65,"column":30}},"27":{"start":{"line":68,"column":4},"end":{"line":68,"column":31}},"28":{"start":{"line":69,"column":4},"end":{"line":69,"column":33}},"29":{"start":{"line":72,"column":4},"end":{"line":72,"column":31}},"30":{"start":{"line":73,"column":4},"end":{"line":73,"column":33}},"31":{"start":{"line":77,"column":4},"end":{"line":77,"column":23}}},"fnMap":{"0":{"name":"(anonymous_0)","decl":{"start":{"line":8,"column":19},"end":{"line":8,"column":20}},"loc":{"start":{"line":8,"column":30},"end":{"line":11,"column":3}},"line":8},"1":{"name":"(anonymous_1)","decl":{"start":{"line":12,"column":19},"end":{"line":12,"column":20}},"loc":{"start":{"line":12,"column":38},"end":{"line":16,"column":3}},"line":12},"2":{"name":"(anonymous_2)","decl":{"start":{"line":17,"column":16},"end":{"line":17,"column":17}},"loc":{"start":{"line":17,"column":35},"end":{"line":21,"column":3}},"line":17},"3":{"name":"(anonymous_3)","decl":{"start":{"line":24,"column":25},"end":{"line":24,"column":26}},"loc":{"start":{"line":24,"column":36},"end":{"line":26,"column":3}},"line":24},"4":{"name":"(anonymous_4)","decl":{"start":{"line":27,"column":25},"end":{"line":27,"column":26}},"loc":{"start":{"line":27,"column":44},"end":{"line":30,"column":3}},"line":27},"5":{"name":"(anonymous_5)","decl":{"start":{"line":31,"column":24},"end":{"line":31,"column":25}},"loc":{"start":{"line":31,"column":43},"end":{"line":34,"column":3}},"line":31},"6":{"name":"(anonymous_6)","decl":{"start":{"line":37,"column":28},"end":{"line":37,"column":29}},"loc":{"start":{"line":37,"column":39},"end":{"line":39,"column":3}},"line":37},"7":{"name":"(anonymous_7)","decl":{"start":{"line":40,"column":28},"end":{"line":40,"column":29}},"loc":{"start":{"line":40,"column":47},"end":{"line":44,"column":3}},"line":40},"8":{"name":"(anonymous_8)","decl":{"start":{"line":45,"column":27},"end":{"line":45,"column":28}},"loc":{"start":{"line":45,"column":46},"end":{"line":48,"column":3}},"line":45},"9":{"name":"(anonymous_9)","decl":{"start":{"line":51,"column":28},"end":{"line":51,"column":29}},"loc":{"start":{"line":51,"column":39},"end":{"line":53,"column":3}},"line":51},"10":{"name":"(anonymous_10)","decl":{"start":{"line":54,"column":28},"end":{"line":54,"column":29}},"loc":{"start":{"line":54,"column":47},"end":{"line":58,"column":3}},"line":54},"11":{"name":"(anonymous_11)","decl":{"start":{"line":59,"column":27},"end":{"line":59,"column":28}},"loc":{"start":{"line":59,"column":46},"end":{"line":62,"column":3}},"line":59},"12":{"name":"(anonymous_12)","decl":{"start":{"line":64,"column":22},"end":{"line":64,"column":23}},"loc":{"start":{"line":64,"column":33},"end":{"line":66,"column":3}},"line":64},"13":{"name":"(anonymous_13)","decl":{"start":{"line":67,"column":22},"end":{"line":67,"column":23}},"loc":{"start":{"line":67,"column":41},"end":{"line":70,"column":3}},"line":67},"14":{"name":"(anonymous_14)","decl":{"start":{"line":71,"column":21},"end":{"line":71,"column":22}},"loc":{"start":{"line":71,"column":40},"end":{"line":74,"column":3}},"line":71},"15":{"name":"(anonymous_15)","decl":{"start":{"line":76,"column":15},"end":{"line":76,"column":16}},"loc":{"start":{"line":76,"column":26},"end":{"line":78,"column":3}},"line":76}},"branchMap":{},"s":{"0":0,"1":0,"2":0,"3":0,"4":0,"5":0,"6":0,"7":0,"8":0,"9":0,"10":0,"11":0,"12":0,"13":0,"14":0,"15":0,"16":0,"17":0,"18":0,"19":0,"20":0,"21":0,"22":0,"23":0,"24":0,"25":0,"26":0,"27":0,"28":0,"29":0,"30":0,"31":0},"f":{"0":0,"1":0,"2":0,"3":0,"4":0,"5":0,"6":0,"7":0,"8":0,"9":0,"10":0,"11":0,"12":0,"13":0,"14":0,"15":0},"b":{}}
,"D:\\Pakka Wala Final\\Multi_vondor_E_shop\\frontend\\src\\redux\\reducers\\wishlist.js": {"path":"D:\\Pakka Wala Final\\Multi_vondor_E_shop\\frontend\\src\\redux\\reducers\\wishlist.js","statementMap":{"0":{"start":{"line":3,"column":21},"end":{"line":7,"column":1}},"1":{"start":{"line":9,"column":31},"end":{"line":34,"column":2}},"2":{"start":{"line":11,"column":17},"end":{"line":11,"column":31}},"3":{"start":{"line":12,"column":24},"end":{"line":12,"column":70}},"4":{"start":{"line":12,"column":51},"end":{"line":12,"column":69}},"5":{"start":{"line":13,"column":4},"end":{"line":25,"column":5}},"6":{"start":{"line":14,"column":6},"end":{"line":19,"column":8}},"7":{"start":{"line":17,"column":10},"end":{"line":17,"column":46}},"8":{"start":{"line":21,"column":6},"end":{"line":24,"column":8}},"9":{"start":{"line":29,"column":4},"end":{"line":32,"column":6}},"10":{"start":{"line":31,"column":45},"end":{"line":31,"column":69}}},"fnMap":{"0":{"name":"(anonymous_0)","decl":{"start":{"line":10,"column":17},"end":{"line":10,"column":18}},"loc":{"start":{"line":10,"column":36},"end":{"line":26,"column":3}},"line":10},"1":{"name":"(anonymous_1)","decl":{"start":{"line":12,"column":44},"end":{"line":12,"column":45}},"loc":{"start":{"line":12,"column":51},"end":{"line":12,"column":69}},"line":12},"2":{"name":"(anonymous_2)","decl":{"start":{"line":16,"column":37},"end":{"line":16,"column":38}},"loc":{"start":{"line":17,"column":10},"end":{"line":17,"column":46}},"line":17},"3":{"name":"(anonymous_3)","decl":{"start":{"line":28,"column":22},"end":{"line":28,"column":23}},"loc":{"start":{"line":28,"column":41},"end":{"line":33,"column":3}},"line":28},"4":{"name":"(anonymous_4)","decl":{"start":{"line":31,"column":38},"end":{"line":31,"column":39}},"loc":{"start":{"line":31,"column":45},"end":{"line":31,"column":69}},"line":31}},"branchMap":{"0":{"loc":{"start":{"line":4,"column":12},"end":{"line":6,"column":8}},"type":"cond-expr","locations":[{"start":{"line":5,"column":6},"end":{"line":5,"column":55}},{"start":{"line":6,"column":6},"end":{"line":6,"column":8}}],"line":4},"1":{"loc":{"start":{"line":13,"column":4},"end":{"line":25,"column":5}},"type":"if","locations":[{"start":{"line":13,"column":4},"end":{"line":25,"column":5}},{"start":{"line":20,"column":11},"end":{"line":25,"column":5}}],"line":13},"2":{"loc":{"start":{"line":17,"column":10},"end":{"line":17,"column":46}},"type":"cond-expr","locations":[{"start":{"line":17,"column":38},"end":{"line":17,"column":42}},{"start":{"line":17,"column":45},"end":{"line":17,"column":46}}],"line":17}},"s":{"0":0,"1":0,"2":0,"3":0,"4":0,"5":0,"6":0,"7":0,"8":0,"9":0,"10":0},"f":{"0":0,"1":0,"2":0,"3":0,"4":0},"b":{"0":[0,0],"1":[0,0],"2":[0,0]}}
,"D:\\Pakka Wala Final\\Multi_vondor_E_shop\\frontend\\src\\routes\\AdminRoutes.js": {"path":"D:\\Pakka Wala Final\\Multi_vondor_E_shop\\frontend\\src\\routes\\AdminRoutes.js","statementMap":{},"fnMap":{},"branchMap":{},"s":{},"f":{},"b":{}}
,"D:\\Pakka Wala Final\\Multi_vondor_E_shop\\frontend\\src\\routes\\ProtectedAdminRoute.js": {"path":"D:\\Pakka Wala Final\\Multi_vondor_E_shop\\frontend\\src\\routes\\ProtectedAdminRoute.js","statementMap":{"0":{"start":{"line":4,"column":28},"end":{"line":14,"column":1}},"1":{"start":{"line":5,"column":45},"end":{"line":5,"column":79}},"2":{"start":{"line":5,"column":68},"end":{"line":5,"column":78}},"3":{"start":{"line":6,"column":2},"end":{"line":13,"column":3}},"4":{"start":{"line":7,"column":4},"end":{"line":11,"column":5}},"5":{"start":{"line":8,"column":6},"end":{"line":8,"column":46}},"6":{"start":{"line":9,"column":11},"end":{"line":11,"column":5}},"7":{"start":{"line":10,"column":6},"end":{"line":10,"column":41}},"8":{"start":{"line":12,"column":4},"end":{"line":12,"column":20}}},"fnMap":{"0":{"name":"(anonymous_0)","decl":{"start":{"line":4,"column":28},"end":{"line":4,"column":29}},"loc":{"start":{"line":4,"column":46},"end":{"line":14,"column":1}},"line":4},"1":{"name":"(anonymous_1)","decl":{"start":{"line":5,"column":57},"end":{"line":5,"column":58}},"loc":{"start":{"line":5,"column":68},"end":{"line":5,"column":78}},"line":5}},"branchMap":{"0":{"loc":{"start":{"line":6,"column":2},"end":{"line":13,"column":3}},"type":"if","locations":[{"start":{"line":6,"column":2},"end":{"line":13,"column":3}},{"start":{},"end":{}}],"line":6},"1":{"loc":{"start":{"line":7,"column":4},"end":{"line":11,"column":5}},"type":"if","locations":[{"start":{"line":7,"column":4},"end":{"line":11,"column":5}},{"start":{"line":9,"column":11},"end":{"line":11,"column":5}}],"line":7},"2":{"loc":{"start":{"line":9,"column":11},"end":{"line":11,"column":5}},"type":"if","locations":[{"start":{"line":9,"column":11},"end":{"line":11,"column":5}},{"start":{},"end":{}}],"line":9}},"s":{"0":0,"1":0,"2":0,"3":0,"4":0,"5":0,"6":0,"7":0,"8":0},"f":{"0":0,"1":0},"b":{"0":[0,0],"1":[0,0],"2":[0,0]}}
,"D:\\Pakka Wala Final\\Multi_vondor_E_shop\\frontend\\src\\routes\\ProtectedRoute.js": {"path":"D:\\Pakka Wala Final\\Multi_vondor_E_shop\\frontend\\src\\routes\\ProtectedRoute.js","statementMap":{"0":{"start":{"line":4,"column":23},"end":{"line":12,"column":1}},"1":{"start":{"line":5,"column":39},"end":{"line":5,"column":73}},"2":{"start":{"line":5,"column":62},"end":{"line":5,"column":72}},"3":{"start":{"line":6,"column":2},"end":{"line":11,"column":3}},"4":{"start":{"line":7,"column":4},"end":{"line":9,"column":5}},"5":{"start":{"line":8,"column":6},"end":{"line":8,"column":46}},"6":{"start":{"line":10,"column":4},"end":{"line":10,"column":20}}},"fnMap":{"0":{"name":"(anonymous_0)","decl":{"start":{"line":4,"column":23},"end":{"line":4,"column":24}},"loc":{"start":{"line":4,"column":41},"end":{"line":12,"column":1}},"line":4},"1":{"name":"(anonymous_1)","decl":{"start":{"line":5,"column":51},"end":{"line":5,"column":52}},"loc":{"start":{"line":5,"column":62},"end":{"line":5,"column":72}},"line":5}},"branchMap":{"0":{"loc":{"start":{"line":6,"column":2},"end":{"line":11,"column":3}},"type":"if","locations":[{"start":{"line":6,"column":2},"end":{"line":11,"column":3}},{"start":{},"end":{}}],"line":6},"1":{"loc":{"start":{"line":7,"column":4},"end":{"line":9,"column":5}},"type":"if","locations":[{"start":{"line":7,"column":4},"end":{"line":9,"column":5}},{"start":{},"end":{}}],"line":7}},"s":{"0":0,"1":0,"2":0,"3":0,"4":0,"5":0,"6":0},"f":{"0":0,"1":0},"b":{"0":[0,0],"1":[0,0]}}
,"D:\\Pakka Wala Final\\Multi_vondor_E_shop\\frontend\\src\\routes\\Routes.js": {"path":"D:\\Pakka Wala Final\\Multi_vondor_E_shop\\frontend\\src\\routes\\Routes.js","statementMap":{},"fnMap":{},"branchMap":{},"s":{},"f":{},"b":{}}
,"D:\\Pakka Wala Final\\Multi_vondor_E_shop\\frontend\\src\\routes\\SellerProtectedRoute.js": {"path":"D:\\Pakka Wala Final\\Multi_vondor_E_shop\\frontend\\src\\routes\\SellerProtectedRoute.js","statementMap":{"0":{"start":{"line":5,"column":29},"end":{"line":15,"column":1}},"1":{"start":{"line":6,"column":34},"end":{"line":6,"column":70}},"2":{"start":{"line":6,"column":57},"end":{"line":6,"column":69}},"3":{"start":{"line":7,"column":2},"end":{"line":14,"column":3}},"4":{"start":{"line":8,"column":4},"end":{"line":8,"column":22}},"5":{"start":{"line":10,"column":4},"end":{"line":12,"column":5}},"6":{"start":{"line":11,"column":6},"end":{"line":11,"column":53}},"7":{"start":{"line":13,"column":4},"end":{"line":13,"column":20}}},"fnMap":{"0":{"name":"(anonymous_0)","decl":{"start":{"line":5,"column":29},"end":{"line":5,"column":30}},"loc":{"start":{"line":5,"column":47},"end":{"line":15,"column":1}},"line":5},"1":{"name":"(anonymous_1)","decl":{"start":{"line":6,"column":46},"end":{"line":6,"column":47}},"loc":{"start":{"line":6,"column":57},"end":{"line":6,"column":69}},"line":6}},"branchMap":{"0":{"loc":{"start":{"line":7,"column":2},"end":{"line":14,"column":3}},"type":"if","locations":[{"start":{"line":7,"column":2},"end":{"line":14,"column":3}},{"start":{"line":9,"column":9},"end":{"line":14,"column":3}}],"line":7},"1":{"loc":{"start":{"line":10,"column":4},"end":{"line":12,"column":5}},"type":"if","locations":[{"start":{"line":10,"column":4},"end":{"line":12,"column":5}},{"start":{},"end":{}}],"line":10}},"s":{"0":0,"1":0,"2":0,"3":0,"4":0,"5":0,"6":0,"7":0},"f":{"0":0,"1":0},"b":{"0":[0,0],"1":[0,0]}}
,"D:\\Pakka Wala Final\\Multi_vondor_E_shop\\frontend\\src\\routes\\ShopRoutes.js": {"path":"D:\\Pakka Wala Final\\Multi_vondor_E_shop\\frontend\\src\\routes\\ShopRoutes.js","statementMap":{},"fnMap":{},"branchMap":{},"s":{},"f":{},"b":{}}
,"D:\\Pakka Wala Final\\Multi_vondor_E_shop\\frontend\\src\\static\\data.js": {"path":"D:\\Pakka Wala Final\\Multi_vondor_E_shop\\frontend\\src\\static\\data.js","statementMap":{"0":{"start":{"line":2,"column":24},"end":{"line":23,"column":1}},"1":{"start":{"line":26,"column":28},"end":{"line":188,"column":1}},"2":{"start":{"line":191,"column":30},"end":{"line":261,"column":1}},"3":{"start":{"line":264,"column":27},"end":{"line":552,"column":1}},"4":{"start":{"line":554,"column":34},"end":{"line":575,"column":1}},"5":{"start":{"line":577,"column":34},"end":{"line":593,"column":1}},"6":{"start":{"line":595,"column":34},"end":{"line":611,"column":1}}},"fnMap":{},"branchMap":{},"s":{"0":0,"1":0,"2":0,"3":0,"4":0,"5":0,"6":0},"f":{},"b":{}}
,"D:\\Pakka Wala Final\\Multi_vondor_E_shop\\frontend\\src\\styles\\styles.js": {"path":"D:\\Pakka Wala Final\\Multi_vondor_E_shop\\frontend\\src\\styles\\styles.js","statementMap":{"0":{"start":{"line":1,"column":15},"end":{"line":20,"column":1}}},"fnMap":{},"branchMap":{},"s":{"0":0},"f":{},"b":{}}
}
