TN:
SF:src\App.js
FN:69,(anonymous_0)
FN:72,getStripeApikey
FN:77,(anonymous_2)
FNF:3
FNH:0
FNDA:0,(anonymous_0)
FNDA:0,getStripeApikey
FNDA:0,(anonymous_2)
DA:69,0
DA:70,0
DA:77,0
DA:78,0
DA:79,0
DA:80,0
DA:81,0
DA:82,0
DA:85,0
LF:9
LH:0
BRDA:87,0,0,0
BRDA:87,0,1,0
BRF:2
BRH:0
end_of_record
TN:
SF:src\ShopRoutes.js
FNF:0
FNH:0
LF:0
LH:0
BRF:0
BRH:0
end_of_record
TN:
SF:src\server.js
FNF:0
FNH:0
DA:1,0
DA:3,0
LF:2
LH:0
BRF:0
BRH:0
end_of_record
TN:
SF:src\components\UserOrderDetails.jsx
FN:13,(anonymous_0)
FN:14,(anonymous_1)
FN:15,(anonymous_2)
FN:24,(anonymous_3)
FN:28,(anonymous_4)
FN:30,(anonymous_5)
FN:60,(anonymous_6)
FN:68,(anonymous_7)
FN:73,(anonymous_8)
FN:77,(anonymous_9)
FN:104,(anonymous_10)
FN:121,(anonymous_11)
FN:137,(anonymous_12)
FN:167,(anonymous_13)
FN:174,(anonymous_14)
FN:182,(anonymous_15)
FN:202,(anonymous_16)
FNF:17
FNH:0
FNDA:0,(anonymous_0)
FNDA:0,(anonymous_1)
FNDA:0,(anonymous_2)
FNDA:0,(anonymous_3)
FNDA:0,(anonymous_4)
FNDA:0,(anonymous_5)
FNDA:0,(anonymous_6)
FNDA:0,(anonymous_7)
FNDA:0,(anonymous_8)
FNDA:0,(anonymous_9)
FNDA:0,(anonymous_10)
FNDA:0,(anonymous_11)
FNDA:0,(anonymous_12)
FNDA:0,(anonymous_13)
FNDA:0,(anonymous_14)
FNDA:0,(anonymous_15)
FNDA:0,(anonymous_16)
DA:13,0
DA:14,0
DA:15,0
DA:16,0
DA:17,0
DA:18,0
DA:19,0
DA:20,0
DA:22,0
DA:24,0
DA:25,0
DA:28,0
DA:30,0
DA:31,0
DA:33,0
DA:37,0
DA:49,0
DA:50,0
DA:51,0
DA:52,0
DA:53,0
DA:55,0
DA:56,0
DA:60,0
DA:61,0
DA:62,0
DA:63,0
DA:68,0
DA:69,0
DA:74,0
DA:75,0
DA:78,0
DA:82,0
DA:105,0
DA:121,0
DA:137,0
DA:168,0
DA:174,0
DA:182,0
DA:202,0
LF:40
LH:0
BRDA:28,0,0,0
BRDA:28,0,1,0
BRDA:33,1,0,0
BRDA:33,1,1,0
BRDA:61,2,0,0
BRDA:61,2,1,0
BRDA:103,3,0,0
BRDA:103,3,1,0
BRDA:118,4,0,0
BRDA:118,4,1,0
BRDA:118,5,0,0
BRDA:118,5,1,0
BRDA:121,6,0,0
BRDA:121,6,1,0
BRDA:131,7,0,0
BRDA:131,7,1,0
BRDA:168,8,0,0
BRDA:168,8,1,0
BRDA:209,9,0,0
BRDA:209,9,1,0
BRDA:248,10,0,0
BRDA:248,10,1,0
BRDA:251,11,0,0
BRDA:251,11,1,0
BRF:24
BRH:0
end_of_record
TN:
SF:src\components\Admin\AdminDashboardMain.jsx
FN:12,(anonymous_0)
FN:14,(anonymous_1)
FN:15,(anonymous_2)
FN:17,(anonymous_3)
FN:22,(anonymous_4)
FN:32,(anonymous_5)
FN:40,(anonymous_6)
FN:43,(anonymous_7)
FNF:8
FNH:0
FNDA:0,(anonymous_0)
FNDA:0,(anonymous_1)
FNDA:0,(anonymous_2)
FNDA:0,(anonymous_3)
FNDA:0,(anonymous_4)
FNDA:0,(anonymous_5)
FNDA:0,(anonymous_6)
FNDA:0,(anonymous_7)
DA:12,0
DA:13,0
DA:14,0
DA:15,0
DA:17,0
DA:18,0
DA:19,0
DA:22,0
DA:23,0
DA:25,0
DA:32,0
DA:39,0
DA:40,0
DA:41,0
DA:43,0
DA:50,0
LF:16
LH:0
BRDA:32,0,0,0
BRDA:32,0,1,0
BRDA:50,1,0,0
BRDA:50,1,1,0
BRDA:56,2,0,0
BRDA:56,2,1,0
BRDA:57,3,0,0
BRDA:57,3,1,0
BRDA:58,4,0,0
BRDA:58,4,1,0
BRF:10
BRH:0
end_of_record
TN:
SF:src\components\Admin\AllEvents.jsx
FN:9,(anonymous_0)
FN:12,(anonymous_1)
FN:15,(anonymous_2)
FN:55,(anonymous_3)
FN:72,(anonymous_4)
FNF:5
FNH:0
FNDA:0,(anonymous_0)
FNDA:0,(anonymous_1)
FNDA:0,(anonymous_2)
FNDA:0,(anonymous_3)
FNDA:0,(anonymous_4)
DA:9,0
DA:10,0
DA:12,0
DA:13,0
DA:16,0
DA:20,0
DA:56,0
DA:69,0
DA:71,0
DA:73,0
DA:82,0
LF:11
LH:0
BRDA:71,0,0,0
BRDA:71,0,1,0
BRF:2
BRH:0
end_of_record
TN:
SF:src\components\Admin\AllProducts.jsx
FN:9,(anonymous_0)
FN:12,(anonymous_1)
FN:15,(anonymous_2)
FN:40,(anonymous_3)
FN:58,(anonymous_4)
FN:74,(anonymous_5)
FNF:6
FNH:0
FNDA:0,(anonymous_0)
FNDA:0,(anonymous_1)
FNDA:0,(anonymous_2)
FNDA:0,(anonymous_3)
FNDA:0,(anonymous_4)
FNDA:0,(anonymous_5)
DA:9,0
DA:10,0
DA:12,0
DA:13,0
DA:16,0
DA:20,0
DA:41,0
DA:59,0
DA:72,0
DA:73,0
DA:75,0
DA:84,0
LF:12
LH:0
BRDA:41,0,0,0
BRDA:41,0,1,0
BRDA:73,1,0,0
BRDA:73,1,1,0
BRF:4
BRH:0
end_of_record
TN:
SF:src\components\Admin\AllSellers.jsx
FN:14,(anonymous_0)
FN:16,(anonymous_1)
FN:21,(anonymous_2)
FN:25,(anonymous_3)
FN:51,(anonymous_4)
FN:65,(anonymous_5)
FN:66,(anonymous_6)
FN:73,(anonymous_7)
FN:99,(anonymous_8)
FN:107,(anonymous_9)
FN:113,(anonymous_10)
FNF:11
FNH:0
FNDA:0,(anonymous_0)
FNDA:0,(anonymous_1)
FNDA:0,(anonymous_2)
FNDA:0,(anonymous_3)
FNDA:0,(anonymous_4)
FNDA:0,(anonymous_5)
FNDA:0,(anonymous_6)
FNDA:0,(anonymous_7)
FNDA:0,(anonymous_8)
FNDA:0,(anonymous_9)
FNDA:0,(anonymous_10)
DA:14,0
DA:15,0
DA:16,0
DA:17,0
DA:18,0
DA:19,0
DA:21,0
DA:22,0
DA:25,0
DA:26,0
DA:27,0
DA:28,0
DA:29,0
DA:30,0
DA:32,0
DA:34,0
DA:35,0
DA:39,0
DA:52,0
DA:66,0
DA:73,0
DA:81,0
DA:99,0
DA:107,0
DA:113,0
LF:25
LH:0
BRDA:95,0,0,0
BRDA:95,0,1,0
BRDA:115,1,0,0
BRDA:115,1,1,0
BRF:4
BRH:0
end_of_record
TN:
SF:src\components\Admin\AllUsers.jsx
FN:11,(anonymous_0)
FN:16,(anonymous_1)
FN:27,(anonymous_2)
FN:31,(anonymous_3)
FN:78,(anonymous_4)
FN:81,(anonymous_5)
FN:94,(anonymous_6)
FN:130,(anonymous_7)
FN:138,(anonymous_8)
FN:144,(anonymous_9)
FNF:10
FNH:0
FNDA:0,(anonymous_0)
FNDA:0,(anonymous_1)
FNDA:0,(anonymous_2)
FNDA:0,(anonymous_3)
FNDA:0,(anonymous_4)
FNDA:0,(anonymous_5)
FNDA:0,(anonymous_6)
FNDA:0,(anonymous_7)
FNDA:0,(anonymous_8)
FNDA:0,(anonymous_9)
DA:11,0
DA:12,0
DA:13,0
DA:14,0
DA:16,0
DA:17,0
DA:18,0
DA:21,0
DA:23,0
DA:27,0
DA:28,0
DA:31,0
DA:32,0
DA:33,0
DA:36,0
DA:37,0
DA:39,0
DA:43,0
DA:79,0
DA:82,0
DA:83,0
DA:94,0
DA:102,0
DA:130,0
DA:138,0
DA:145,0
DA:146,0
LF:27
LH:0
BRDA:23,0,0,0
BRDA:23,0,1,0
BRDA:39,1,0,0
BRDA:39,1,1,0
BRDA:126,2,0,0
BRDA:126,2,1,0
BRF:6
BRH:0
end_of_record
TN:
SF:src\components\Admin\AllWithdraw.jsx
FN:10,(anonymous_0)
FN:16,(anonymous_1)
FN:21,(anonymous_2)
FN:24,(anonymous_3)
FN:44,(anonymous_4)
FN:48,(anonymous_5)
FN:54,(anonymous_6)
FN:64,(anonymous_7)
FN:71,(anonymous_8)
FN:96,(anonymous_9)
FN:103,(anonymous_10)
FNF:11
FNH:0
FNDA:0,(anonymous_0)
FNDA:0,(anonymous_1)
FNDA:0,(anonymous_2)
FNDA:0,(anonymous_3)
FNDA:0,(anonymous_4)
FNDA:0,(anonymous_5)
FNDA:0,(anonymous_6)
FNDA:0,(anonymous_7)
FNDA:0,(anonymous_8)
FNDA:0,(anonymous_9)
FNDA:0,(anonymous_10)
DA:10,0
DA:11,0
DA:12,0
DA:13,0
DA:14,0
DA:16,0
DA:17,0
DA:22,0
DA:25,0
DA:29,0
DA:45,0
DA:48,0
DA:54,0
DA:55,0
DA:65,0
DA:66,0
DA:67,0
DA:71,0
DA:80,0
DA:96,0
DA:103,0
LF:21
LH:0
BRDA:47,0,0,0
BRDA:47,0,1,0
BRDA:48,1,0,0
BRDA:48,1,1,0
BRDA:92,2,0,0
BRDA:92,2,1,0
BRF:6
BRH:0
end_of_record
TN:
SF:src\components\Admin\MonthlyTrendChart.jsx
FN:25,(anonymous_0)
FN:30,(anonymous_1)
FN:40,(anonymous_2)
FN:46,(anonymous_3)
FN:56,(anonymous_4)
FN:74,(anonymous_5)
FN:87,(anonymous_6)
FNF:7
FNH:0
FNDA:0,(anonymous_0)
FNDA:0,(anonymous_1)
FNDA:0,(anonymous_2)
FNDA:0,(anonymous_3)
FNDA:0,(anonymous_4)
FNDA:0,(anonymous_5)
FNDA:0,(anonymous_6)
DA:15,0
DA:25,0
DA:26,0
DA:27,0
DA:28,0
DA:30,0
DA:31,0
DA:39,0
DA:41,0
DA:42,0
DA:44,0
DA:47,0
DA:49,0
DA:51,0
DA:52,0
DA:54,0
DA:57,0
DA:58,0
DA:59,0
DA:63,0
DA:64,0
DA:67,0
DA:68,0
DA:72,0
DA:75,0
DA:76,0
DA:77,0
DA:87,0
DA:99,0
DA:126,0
LF:30
LH:0
BRDA:41,0,0,0
BRDA:41,0,1,0
BRDA:47,1,0,0
BRDA:47,1,1,0
BRDA:47,2,0,0
BRDA:47,2,1,0
BRDA:63,3,0,0
BRDA:63,3,1,0
BRDA:67,4,0,0
BRDA:67,4,1,0
BRDA:72,5,0,0
BRDA:72,5,1,0
BRDA:132,6,0,0
BRDA:132,6,1,0
BRDA:132,7,0,0
BRDA:132,7,1,0
BRF:16
BRH:0
end_of_record
TN:
SF:src\components\Admin\Layout\AdminSideBar.jsx
FN:12,(anonymous_0)
FN:17,(anonymous_1)
FN:18,(anonymous_2)
FN:30,(anonymous_3)
FN:63,(anonymous_4)
FN:93,(anonymous_5)
FNF:6
FNH:0
FNDA:0,(anonymous_0)
FNDA:0,(anonymous_1)
FNDA:0,(anonymous_2)
FNDA:0,(anonymous_3)
FNDA:0,(anonymous_4)
FNDA:0,(anonymous_5)
DA:12,0
DA:13,0
DA:14,0
DA:17,0
DA:18,0
DA:19,0
DA:20,0
DA:24,0
DA:25,0
DA:27,0
DA:30,0
DA:33,0
DA:64,0
DA:93,0
LF:14
LH:0
BRDA:19,0,0,0
BRDA:19,0,1,0
BRDA:19,1,0,0
BRDA:19,1,1,0
BRDA:24,2,0,0
BRDA:24,2,1,0
BRDA:39,3,0,0
BRDA:39,3,1,0
BRDA:67,4,0,0
BRDA:67,4,1,0
BRDA:68,5,0,0
BRDA:68,5,1,0
BRDA:69,6,0,0
BRDA:69,6,1,0
BRDA:74,7,0,0
BRDA:74,7,1,0
BRDA:75,8,0,0
BRDA:75,8,1,0
BRDA:90,9,0,0
BRDA:90,9,1,0
BRF:20
BRH:0
end_of_record
TN:
SF:src\components\Checkout\Checkout.jsx
FN:11,(anonymous_0)
FN:12,(anonymous_1)
FN:13,(anonymous_2)
FN:25,(anonymous_3)
FN:29,(anonymous_4)
FN:58,(anonymous_5)
FN:65,(anonymous_6)
FN:69,(anonymous_7)
FN:77,(anonymous_8)
FN:85,(anonymous_9)
FN:151,(anonymous_10)
FN:207,(anonymous_11)
FN:220,(anonymous_12)
FN:226,(anonymous_13)
FN:238,(anonymous_14)
FN:244,(anonymous_15)
FN:260,(anonymous_16)
FN:269,(anonymous_17)
FN:280,(anonymous_18)
FN:287,(anonymous_19)
FN:293,(anonymous_20)
FN:310,(anonymous_21)
FN:345,(anonymous_22)
FNF:23
FNH:0
FNDA:0,(anonymous_0)
FNDA:0,(anonymous_1)
FNDA:0,(anonymous_2)
FNDA:0,(anonymous_3)
FNDA:0,(anonymous_4)
FNDA:0,(anonymous_5)
FNDA:0,(anonymous_6)
FNDA:0,(anonymous_7)
FNDA:0,(anonymous_8)
FNDA:0,(anonymous_9)
FNDA:0,(anonymous_10)
FNDA:0,(anonymous_11)
FNDA:0,(anonymous_12)
FNDA:0,(anonymous_13)
FNDA:0,(anonymous_14)
FNDA:0,(anonymous_15)
FNDA:0,(anonymous_16)
FNDA:0,(anonymous_17)
FNDA:0,(anonymous_18)
FNDA:0,(anonymous_19)
FNDA:0,(anonymous_20)
FNDA:0,(anonymous_21)
FNDA:0,(anonymous_22)
DA:11,0
DA:12,0
DA:13,0
DA:14,0
DA:15,0
DA:16,0
DA:17,0
DA:18,0
DA:19,0
DA:20,0
DA:21,0
DA:22,0
DA:23,0
DA:24,0
DA:25,0
DA:26,0
DA:29,0
DA:30,0
DA:31,0
DA:33,0
DA:41,0
DA:52,0
DA:53,0
DA:57,0
DA:58,0
DA:63,0
DA:65,0
DA:66,0
DA:67,0
DA:69,0
DA:71,0
DA:73,0
DA:75,0
DA:77,0
DA:79,0
DA:80,0
DA:81,0
DA:84,0
DA:85,0
DA:88,0
DA:89,0
DA:90,0
DA:91,0
DA:94,0
DA:95,0
DA:96,0
DA:101,0
DA:103,0
DA:107,0
DA:109,0
DA:151,0
DA:166,0
DA:207,0
DA:220,0
DA:227,0
DA:238,0
DA:245,0
DA:260,0
DA:269,0
DA:280,0
DA:288,0
DA:294,0
DA:310,0
DA:319,0
DA:345,0
LF:65
LH:0
BRDA:30,0,0,0
BRDA:30,0,1,0
BRDA:30,1,0,0
BRDA:30,1,1,0
BRDA:30,1,2,0
BRDA:30,1,3,0
BRDA:30,1,4,0
BRDA:75,2,0,0
BRDA:75,2,1,0
BRDA:77,3,0,0
BRDA:77,3,1,0
BRDA:79,4,0,0
BRDA:79,4,1,0
BRDA:94,5,0,0
BRDA:94,5,1,0
BRDA:101,6,0,0
BRDA:101,6,1,0
BRDA:103,7,0,0
BRDA:103,7,1,0
BRDA:176,8,0,0
BRDA:176,8,1,0
BRDA:185,9,0,0
BRDA:185,9,1,0
BRDA:198,10,0,0
BRDA:198,10,1,0
BRDA:225,11,0,0
BRDA:225,11,1,0
BRDA:243,12,0,0
BRDA:243,12,1,0
BRDA:284,13,0,0
BRDA:284,13,1,0
BRDA:286,14,0,0
BRDA:286,14,1,0
BRDA:294,15,0,0
BRDA:294,15,1,0
BRDA:294,15,2,0
BRDA:294,15,3,0
BRDA:294,15,4,0
BRDA:334,16,0,0
BRDA:334,16,1,0
BRF:40
BRH:0
end_of_record
TN:
SF:src\components\Checkout\CheckoutSteps.jsx
FN:4,(anonymous_0)
FNF:1
FNH:0
FNDA:0,(anonymous_0)
DA:4,0
DA:5,0
DA:6,0
LF:3
LH:0
BRDA:13,0,0,0
BRDA:13,0,1,0
BRDA:19,1,0,0
BRDA:19,1,1,0
BRDA:20,2,0,0
BRDA:20,2,1,0
BRDA:27,3,0,0
BRDA:27,3,1,0
BRDA:30,4,0,0
BRDA:30,4,1,0
BRDA:31,5,0,0
BRDA:31,5,1,0
BRF:12
BRH:0
end_of_record
TN:
SF:src\components\Events\CountDown.jsx
FN:5,(anonymous_0)
FN:8,(anonymous_1)
FN:9,(anonymous_2)
FN:28,(anonymous_3)
FN:31,(anonymous_4)
FN:36,(anonymous_5)
FN:39,calculateTimeLeft
FN:54,(anonymous_7)
FNF:8
FNH:0
FNDA:0,(anonymous_0)
FNDA:0,(anonymous_1)
FNDA:0,(anonymous_2)
FNDA:0,(anonymous_3)
FNDA:0,(anonymous_4)
FNDA:0,(anonymous_5)
FNDA:0,calculateTimeLeft
FNDA:0,(anonymous_7)
DA:5,0
DA:6,0
DA:8,0
DA:9,0
DA:10,0
DA:14,0
DA:20,0
DA:22,0
DA:29,0
DA:32,0
DA:36,0
DA:40,0
DA:41,0
DA:43,0
DA:44,0
DA:51,0
DA:54,0
DA:55,0
DA:57,0
DA:64,0
LF:20
LH:0
BRDA:14,0,0,0
BRDA:14,0,1,0
BRDA:15,1,0,0
BRDA:15,1,1,0
BRDA:15,1,2,0
BRDA:15,1,3,0
BRDA:43,2,0,0
BRDA:43,2,1,0
BRDA:55,3,0,0
BRDA:55,3,1,0
BRDA:66,4,0,0
BRDA:66,4,1,0
BRF:12
BRH:0
end_of_record
TN:
SF:src\components\Events\EventCard.jsx
FN:10,(anonymous_0)
FN:11,(anonymous_1)
FN:14,(anonymous_2)
FN:18,(anonymous_3)
FN:19,(anonymous_4)
FN:68,(anonymous_5)
FNF:6
FNH:0
FNDA:0,(anonymous_0)
FNDA:0,(anonymous_1)
FNDA:0,(anonymous_2)
FNDA:0,(anonymous_3)
FNDA:0,(anonymous_4)
FNDA:0,(anonymous_5)
DA:10,0
DA:11,0
DA:12,0
DA:14,0
DA:15,0
DA:18,0
DA:19,0
DA:20,0
DA:21,0
DA:23,0
DA:24,0
DA:26,0
DA:27,0
DA:28,0
DA:33,0
DA:68,0
LF:16
LH:0
BRDA:19,0,0,0
BRDA:19,0,1,0
BRDA:20,1,0,0
BRDA:20,1,1,0
BRDA:23,2,0,0
BRDA:23,2,1,0
BRDA:36,3,0,0
BRDA:36,3,1,0
BRF:8
BRH:0
end_of_record
TN:
SF:src\components\Events\Events.jsx
FN:6,(anonymous_0)
FN:7,(anonymous_1)
FNF:2
FNH:0
FNDA:0,(anonymous_0)
FNDA:0,(anonymous_1)
DA:6,0
DA:7,0
DA:9,0
LF:3
LH:0
BRDA:11,0,0,0
BRDA:11,0,1,0
BRDA:18,1,0,0
BRDA:18,1,1,0
BRDA:19,2,0,0
BRDA:19,2,1,0
BRDA:21,3,0,0
BRDA:21,3,1,0
BRF:8
BRH:0
end_of_record
TN:
SF:src\components\Layout\AdminHeader.jsx
FN:9,(anonymous_0)
FN:10,(anonymous_1)
FN:13,(anonymous_2)
FN:15,(anonymous_3)
FN:19,(anonymous_4)
FN:27,(anonymous_5)
FN:28,(anonymous_6)
FNF:7
FNH:0
FNDA:0,(anonymous_0)
FNDA:0,(anonymous_1)
FNDA:0,(anonymous_2)
FNDA:0,(anonymous_3)
FNDA:0,(anonymous_4)
FNDA:0,(anonymous_5)
FNDA:0,(anonymous_6)
DA:9,0
DA:10,0
DA:11,0
DA:13,0
DA:15,0
DA:16,0
DA:19,0
DA:22,0
DA:27,0
DA:28,0
LF:10
LH:0
BRDA:25,0,0,0
BRDA:25,0,1,0
BRF:2
BRH:0
end_of_record
TN:
SF:src\components\Layout\DropDown.jsx
FN:5,(anonymous_0)
FN:7,(anonymous_1)
FN:15,(anonymous_2)
FN:19,(anonymous_3)
FNF:4
FNH:0
FNDA:0,(anonymous_0)
FNDA:0,(anonymous_1)
FNDA:0,(anonymous_2)
FNDA:0,(anonymous_3)
DA:5,0
DA:6,0
DA:7,0
DA:8,0
DA:9,0
DA:10,0
DA:12,0
DA:16,0
DA:19,0
LF:9
LH:0
BRDA:14,0,0,0
BRDA:14,0,1,0
BRF:2
BRH:0
end_of_record
TN:
SF:src\components\Layout\Footer.jsx
FN:15,(anonymous_0)
FN:65,(anonymous_1)
FN:80,(anonymous_2)
FN:95,(anonymous_3)
FNF:4
FNH:0
FNDA:0,(anonymous_0)
FNDA:0,(anonymous_1)
FNDA:0,(anonymous_2)
FNDA:0,(anonymous_3)
DA:15,0
DA:16,0
DA:66,0
DA:81,0
DA:96,0
LF:5
LH:0
BRF:0
BRH:0
end_of_record
TN:
SF:src\components\Layout\Header.jsx
FN:21,(anonymous_0)
FN:22,(anonymous_1)
FN:23,(anonymous_2)
FN:24,(anonymous_3)
FN:25,(anonymous_4)
FN:26,(anonymous_5)
FN:36,(anonymous_6)
FN:43,(anonymous_7)
FN:49,(anonymous_8)
FN:88,(anonymous_9)
FN:133,(anonymous_10)
FN:144,(anonymous_11)
FN:166,(anonymous_12)
FN:177,(anonymous_13)
FN:238,(anonymous_14)
FN:254,(anonymous_15)
FN:278,(anonymous_16)
FN:290,(anonymous_17)
FN:306,(anonymous_18)
FNF:19
FNH:0
FNDA:0,(anonymous_0)
FNDA:0,(anonymous_1)
FNDA:0,(anonymous_2)
FNDA:0,(anonymous_3)
FNDA:0,(anonymous_4)
FNDA:0,(anonymous_5)
FNDA:0,(anonymous_6)
FNDA:0,(anonymous_7)
FNDA:0,(anonymous_8)
FNDA:0,(anonymous_9)
FNDA:0,(anonymous_10)
FNDA:0,(anonymous_11)
FNDA:0,(anonymous_12)
FNDA:0,(anonymous_13)
FNDA:0,(anonymous_14)
FNDA:0,(anonymous_15)
FNDA:0,(anonymous_16)
FNDA:0,(anonymous_17)
FNDA:0,(anonymous_18)
DA:21,0
DA:22,0
DA:23,0
DA:24,0
DA:25,0
DA:26,0
DA:27,0
DA:28,0
DA:29,0
DA:30,0
DA:31,0
DA:32,0
DA:33,0
DA:36,0
DA:37,0
DA:38,0
DA:42,0
DA:44,0
DA:46,0
DA:49,0
DA:50,0
DA:51,0
DA:53,0
DA:57,0
DA:89,0
DA:91,0
DA:133,0
DA:144,0
DA:166,0
DA:177,0
DA:238,0
DA:254,0
DA:278,0
DA:290,0
DA:307,0
DA:309,0
DA:310,0
LF:37
LH:0
BRDA:42,0,0,0
BRDA:42,0,1,0
BRDA:50,1,0,0
BRDA:50,1,1,0
BRDA:85,2,0,0
BRDA:85,2,1,0
BRDA:85,3,0,0
BRDA:85,3,1,0
BRDA:87,4,0,0
BRDA:87,4,1,0
BRDA:112,5,0,0
BRDA:112,5,1,0
BRDA:114,6,0,0
BRDA:114,6,1,0
BRDA:126,7,0,0
BRDA:126,7,1,0
BRDA:146,8,0,0
BRDA:146,8,1,0
BRDA:161,9,0,0
BRDA:161,9,1,0
BRDA:161,9,2,0
BRDA:170,10,0,0
BRDA:170,10,1,0
BRDA:184,11,0,0
BRDA:184,11,1,0
BRDA:194,12,0,0
BRDA:194,12,1,0
BRDA:209,13,0,0
BRDA:209,13,1,0
BRDA:209,13,2,0
BRDA:214,14,0,0
BRDA:214,14,1,0
BRDA:218,15,0,0
BRDA:218,15,1,0
BRDA:229,16,0,0
BRDA:229,16,1,0
BRDA:258,17,0,0
BRDA:258,17,1,0
BRDA:263,18,0,0
BRDA:263,18,1,0
BRDA:266,19,0,0
BRDA:266,19,1,0
BRDA:271,20,0,0
BRDA:271,20,1,0
BRDA:278,21,0,0
BRDA:278,21,1,0
BRDA:282,22,0,0
BRDA:282,22,1,0
BRDA:304,23,0,0
BRDA:304,23,1,0
BRDA:328,24,0,0
BRDA:328,24,1,0
BRDA:330,25,0,0
BRDA:330,25,1,0
BRDA:341,26,0,0
BRDA:341,26,1,0
BRF:56
BRH:0
end_of_record
TN:
SF:src\components\Layout\Loader.jsx
FN:5,(anonymous_0)
FNF:1
FNH:0
FNDA:0,(anonymous_0)
DA:5,0
DA:6,0
DA:14,0
LF:3
LH:0
BRF:0
BRH:0
end_of_record
TN:
SF:src\components\Layout\Navbar.jsx
FN:7,(anonymous_0)
FN:11,(anonymous_1)
FNF:2
FNH:0
FNDA:0,(anonymous_0)
FNDA:0,(anonymous_1)
DA:7,0
DA:8,0
DA:12,0
LF:3
LH:0
BRDA:14,0,0,0
BRDA:14,0,1,0
BRF:2
BRH:0
end_of_record
TN:
SF:src\components\Login\Login.jsx
FN:10,(anonymous_0)
FN:17,(anonymous_1)
FN:40,(anonymous_2)
FN:95,(anonymous_3)
FN:117,(anonymous_4)
FN:124,(anonymous_5)
FN:129,(anonymous_6)
FNF:7
FNH:0
FNDA:0,(anonymous_0)
FNDA:0,(anonymous_1)
FNDA:0,(anonymous_2)
FNDA:0,(anonymous_3)
FNDA:0,(anonymous_4)
FNDA:0,(anonymous_5)
FNDA:0,(anonymous_6)
DA:10,0
DA:11,0
DA:12,0
DA:13,0
DA:14,0
DA:15,0
DA:17,0
DA:18,0
DA:19,0
DA:21,0
DA:22,0
DA:30,0
DA:31,0
DA:32,0
DA:34,0
DA:36,0
DA:40,0
DA:41,0
DA:42,0
DA:46,0
DA:48,0
DA:51,0
DA:95,0
DA:117,0
DA:124,0
DA:129,0
LF:26
LH:0
BRDA:111,0,0,0
BRDA:111,0,1,0
BRDA:121,1,0,0
BRDA:121,1,1,0
BRDA:163,2,0,0
BRDA:163,2,1,0
BRF:6
BRH:0
end_of_record
TN:
SF:src\components\Payment\Payment.jsx
FN:19,(anonymous_0)
FN:23,(anonymous_1)
FN:28,(anonymous_2)
FN:34,(anonymous_3)
FN:51,(anonymous_4)
FN:63,(anonymous_5)
FN:64,(anonymous_6)
FN:75,(anonymous_7)
FN:89,(anonymous_8)
FN:105,(anonymous_9)
FN:143,(anonymous_10)
FN:160,(anonymous_11)
FN:175,(anonymous_12)
FN:210,(anonymous_13)
FN:230,(anonymous_14)
FN:338,(anonymous_15)
FN:354,(anonymous_16)
FN:366,(anonymous_17)
FN:396,(anonymous_18)
FN:429,(anonymous_19)
FNF:20
FNH:0
FNDA:0,(anonymous_0)
FNDA:0,(anonymous_1)
FNDA:0,(anonymous_2)
FNDA:0,(anonymous_3)
FNDA:0,(anonymous_4)
FNDA:0,(anonymous_5)
FNDA:0,(anonymous_6)
FNDA:0,(anonymous_7)
FNDA:0,(anonymous_8)
FNDA:0,(anonymous_9)
FNDA:0,(anonymous_10)
FNDA:0,(anonymous_11)
FNDA:0,(anonymous_12)
FNDA:0,(anonymous_13)
FNDA:0,(anonymous_14)
FNDA:0,(anonymous_15)
FNDA:0,(anonymous_16)
FNDA:0,(anonymous_17)
FNDA:0,(anonymous_18)
FNDA:0,(anonymous_19)
DA:19,0
DA:20,0
DA:21,0
DA:22,0
DA:23,0
DA:24,0
DA:25,0
DA:26,0
DA:28,0
DA:29,0
DA:30,0
DA:34,0
DA:35,0
DA:52,0
DA:56,0
DA:63,0
DA:64,0
DA:65,0
DA:67,0
DA:69,0
DA:70,0
DA:75,0
DA:76,0
DA:81,0
DA:87,0
DA:90,0
DA:91,0
DA:92,0
DA:93,0
DA:99,0
DA:105,0
DA:106,0
DA:107,0
DA:108,0
DA:114,0
DA:120,0
DA:122,0
DA:123,0
DA:129,0
DA:130,0
DA:132,0
DA:134,0
DA:141,0
DA:144,0
DA:145,0
DA:146,0
DA:147,0
DA:154,0
DA:160,0
DA:161,0
DA:163,0
DA:169,0
DA:173,0
DA:176,0
DA:177,0
DA:178,0
DA:179,0
DA:185,0
DA:210,0
DA:219,0
DA:223,0
DA:230,0
DA:338,0
DA:354,0
DA:366,0
DA:396,0
DA:429,0
DA:430,0
DA:431,0
LF:69
LH:0
BRDA:59,0,0,0
BRDA:59,0,1,0
BRDA:69,1,0,0
BRDA:69,1,1,0
BRDA:122,2,0,0
BRDA:122,2,1,0
BRDA:122,3,0,0
BRDA:122,3,1,0
BRDA:129,4,0,0
BRDA:129,4,1,0
BRDA:132,5,0,0
BRDA:132,5,1,0
BRDA:232,6,0,0
BRDA:232,6,1,0
BRDA:242,7,0,0
BRDA:242,7,1,0
BRDA:249,8,0,0
BRDA:249,8,1,0
BRDA:340,9,0,0
BRDA:340,9,1,0
BRDA:350,10,0,0
BRDA:350,10,1,0
BRDA:359,11,0,0
BRDA:359,11,1,0
BRDA:398,12,0,0
BRDA:398,12,1,0
BRDA:409,13,0,0
BRDA:409,13,1,0
BRDA:445,14,0,0
BRDA:445,14,1,0
BRF:30
BRH:0
end_of_record
TN:
SF:src\components\Products\ProductDetails.jsx
FN:22,(anonymous_0)
FN:23,(anonymous_1)
FN:24,(anonymous_2)
FN:25,(anonymous_3)
FN:26,(anonymous_4)
FN:34,(anonymous_5)
FN:36,(anonymous_6)
FN:44,(anonymous_7)
FN:50,(anonymous_8)
FN:56,(anonymous_9)
FN:57,(anonymous_10)
FN:72,(anonymous_11)
FN:75,(anonymous_12)
FN:83,(anonymous_13)
FN:88,(anonymous_14)
FN:89,(anonymous_15)
FN:98,(anonymous_16)
FN:109,(anonymous_17)
FN:112,(anonymous_18)
FN:134,(anonymous_19)
FN:144,(anonymous_20)
FN:202,(anonymous_21)
FN:210,(anonymous_22)
FN:218,(anonymous_23)
FN:276,(anonymous_24)
FN:292,(anonymous_25)
FN:306,(anonymous_26)
FN:320,(anonymous_27)
FN:342,(anonymous_28)
FNF:29
FNH:0
FNDA:0,(anonymous_0)
FNDA:0,(anonymous_1)
FNDA:0,(anonymous_2)
FNDA:0,(anonymous_3)
FNDA:0,(anonymous_4)
FNDA:0,(anonymous_5)
FNDA:0,(anonymous_6)
FNDA:0,(anonymous_7)
FNDA:0,(anonymous_8)
FNDA:0,(anonymous_9)
FNDA:0,(anonymous_10)
FNDA:0,(anonymous_11)
FNDA:0,(anonymous_12)
FNDA:0,(anonymous_13)
FNDA:0,(anonymous_14)
FNDA:0,(anonymous_15)
FNDA:0,(anonymous_16)
FNDA:0,(anonymous_17)
FNDA:0,(anonymous_18)
FNDA:0,(anonymous_19)
FNDA:0,(anonymous_20)
FNDA:0,(anonymous_21)
FNDA:0,(anonymous_22)
FNDA:0,(anonymous_23)
FNDA:0,(anonymous_24)
FNDA:0,(anonymous_25)
FNDA:0,(anonymous_26)
FNDA:0,(anonymous_27)
FNDA:0,(anonymous_28)
DA:22,0
DA:23,0
DA:24,0
DA:25,0
DA:26,0
DA:27,0
DA:29,0
DA:30,0
DA:31,0
DA:32,0
DA:34,0
DA:35,0
DA:36,0
DA:37,0
DA:39,0
DA:44,0
DA:45,0
DA:46,0
DA:50,0
DA:51,0
DA:52,0
DA:56,0
DA:57,0
DA:59,0
DA:60,0
DA:62,0
DA:63,0
DA:65,0
DA:66,0
DA:67,0
DA:72,0
DA:73,0
DA:75,0
DA:76,0
DA:77,0
DA:82,0
DA:83,0
DA:86,0
DA:89,0
DA:93,0
DA:95,0
DA:98,0
DA:99,0
DA:100,0
DA:101,0
DA:102,0
DA:103,0
DA:110,0
DA:113,0
DA:116,0
DA:120,0
DA:135,0
DA:144,0
DA:202,0
DA:210,0
DA:218,0
DA:276,0
DA:282,0
DA:284,0
DA:292,0
DA:306,0
DA:320,0
DA:343,0
LF:63
LH:0
BRDA:35,0,0,0
BRDA:35,0,1,0
BRDA:36,1,0,0
BRDA:36,1,1,0
BRDA:36,2,0,0
BRDA:36,2,1,0
BRDA:57,3,0,0
BRDA:57,3,1,0
BRDA:59,4,0,0
BRDA:59,4,1,0
BRDA:62,5,0,0
BRDA:62,5,1,0
BRDA:76,6,0,0
BRDA:76,6,1,0
BRDA:82,7,0,0
BRDA:82,7,1,0
BRDA:86,8,0,0
BRDA:86,8,1,0
BRDA:93,9,0,0
BRDA:93,9,1,0
BRDA:99,10,0,0
BRDA:99,10,1,0
BRDA:122,11,0,0
BRDA:122,11,1,0
BRDA:128,12,0,0
BRDA:128,12,1,0
BRDA:133,13,0,0
BRDA:133,13,1,0
BRDA:137,14,0,0
BRDA:137,14,1,0
BRDA:150,15,0,0
BRDA:150,15,1,0
BRDA:171,16,0,0
BRDA:171,16,1,0
BRDA:198,17,0,0
BRDA:198,17,1,0
BRDA:203,18,0,0
BRDA:203,18,1,0
BRDA:296,19,0,0
BRDA:296,19,1,0
BRDA:310,20,0,0
BRDA:310,20,1,0
BRDA:324,21,0,0
BRDA:324,21,1,0
BRDA:330,22,0,0
BRDA:330,22,1,0
BRDA:339,23,0,0
BRDA:339,23,1,0
BRDA:341,24,0,0
BRDA:341,24,1,0
BRDA:360,25,0,0
BRDA:360,25,1,0
BRDA:360,25,2,0
BRDA:367,26,0,0
BRDA:367,26,1,0
BRDA:405,27,0,0
BRDA:405,27,1,0
BRF:57
BRH:0
end_of_record
TN:
SF:src\components\Products\Ratings.jsx
FN:6,(anonymous_0)
FNF:1
FNH:0
FNDA:0,(anonymous_0)
DA:6,0
DA:7,0
DA:9,0
DA:10,0
DA:11,0
DA:19,0
DA:20,0
DA:29,0
DA:40,0
LF:9
LH:0
BRDA:10,0,0,0
BRDA:10,0,1,0
BRDA:19,1,0,0
BRDA:19,1,1,0
BRDA:19,2,0,0
BRDA:19,2,1,0
BRF:6
BRH:0
end_of_record
TN:
SF:src\components\Products\SuggestedProduct.jsx
FN:10,(anonymous_0)
FN:12,(anonymous_1)
FN:16,(anonymous_2)
FN:17,(anonymous_3)
FN:34,(anonymous_4)
FNF:5
FNH:0
FNDA:0,(anonymous_0)
FNDA:0,(anonymous_1)
FNDA:0,(anonymous_2)
FNDA:0,(anonymous_3)
FNDA:0,(anonymous_4)
DA:10,0
DA:11,0
DA:12,0
DA:13,0
DA:16,0
DA:17,0
DA:18,0
DA:21,0
DA:35,0
LF:9
LH:0
BRDA:17,0,0,0
BRDA:17,0,1,0
BRDA:24,1,0,0
BRDA:24,1,1,0
BRDA:34,2,0,0
BRDA:34,2,1,0
BRF:6
BRH:0
end_of_record
TN:
SF:src\components\Profile\ProfileContent.jsx
FN:23,(anonymous_0)
FN:24,(anonymous_1)
FN:34,(anonymous_2)
FN:46,(anonymous_3)
FN:53,(anonymous_4)
FN:81,(anonymous_5)
FN:144,(anonymous_6)
FN:154,(anonymous_7)
FN:167,(anonymous_8)
FN:178,(anonymous_9)
FN:239,(anonymous_10)
FN:240,(anonymous_11)
FN:242,(anonymous_12)
FN:245,(anonymous_13)
FN:260,(anonymous_14)
FN:289,(anonymous_15)
FN:306,(anonymous_16)
FN:334,(anonymous_17)
FN:335,(anonymous_18)
FN:336,(anonymous_19)
FN:339,(anonymous_20)
FN:344,(anonymous_21)
FN:354,(anonymous_22)
FN:383,(anonymous_23)
FN:400,(anonymous_24)
FN:424,(anonymous_25)
FN:426,(anonymous_26)
FN:427,(anonymous_27)
FN:430,(anonymous_28)
FN:444,(anonymous_29)
FN:473,(anonymous_30)
FN:490,(anonymous_31)
FN:515,(anonymous_32)
FN:521,(anonymous_33)
FN:530,(anonymous_34)
FN:536,(anonymous_35)
FN:560,(anonymous_36)
FN:570,(anonymous_37)
FN:581,(anonymous_38)
FN:603,(anonymous_39)
FN:612,(anonymous_40)
FN:628,(anonymous_41)
FN:655,(anonymous_42)
FN:671,(anonymous_43)
FN:686,(anonymous_44)
FN:696,(anonymous_45)
FN:715,(anonymous_46)
FN:722,(anonymous_47)
FN:742,(anonymous_48)
FN:753,(anonymous_49)
FN:764,(anonymous_50)
FN:772,(anonymous_51)
FN:782,(anonymous_52)
FN:821,(anonymous_53)
FN:830,(anonymous_54)
FN:852,(anonymous_55)
FNF:56
FNH:0
FNDA:0,(anonymous_0)
FNDA:0,(anonymous_1)
FNDA:0,(anonymous_2)
FNDA:0,(anonymous_3)
FNDA:0,(anonymous_4)
FNDA:0,(anonymous_5)
FNDA:0,(anonymous_6)
FNDA:0,(anonymous_7)
FNDA:0,(anonymous_8)
FNDA:0,(anonymous_9)
FNDA:0,(anonymous_10)
FNDA:0,(anonymous_11)
FNDA:0,(anonymous_12)
FNDA:0,(anonymous_13)
FNDA:0,(anonymous_14)
FNDA:0,(anonymous_15)
FNDA:0,(anonymous_16)
FNDA:0,(anonymous_17)
FNDA:0,(anonymous_18)
FNDA:0,(anonymous_19)
FNDA:0,(anonymous_20)
FNDA:0,(anonymous_21)
FNDA:0,(anonymous_22)
FNDA:0,(anonymous_23)
FNDA:0,(anonymous_24)
FNDA:0,(anonymous_25)
FNDA:0,(anonymous_26)
FNDA:0,(anonymous_27)
FNDA:0,(anonymous_28)
FNDA:0,(anonymous_29)
FNDA:0,(anonymous_30)
FNDA:0,(anonymous_31)
FNDA:0,(anonymous_32)
FNDA:0,(anonymous_33)
FNDA:0,(anonymous_34)
FNDA:0,(anonymous_35)
FNDA:0,(anonymous_36)
FNDA:0,(anonymous_37)
FNDA:0,(anonymous_38)
FNDA:0,(anonymous_39)
FNDA:0,(anonymous_40)
FNDA:0,(anonymous_41)
FNDA:0,(anonymous_42)
FNDA:0,(anonymous_43)
FNDA:0,(anonymous_44)
FNDA:0,(anonymous_45)
FNDA:0,(anonymous_46)
FNDA:0,(anonymous_47)
FNDA:0,(anonymous_48)
FNDA:0,(anonymous_49)
FNDA:0,(anonymous_50)
FNDA:0,(anonymous_51)
FNDA:0,(anonymous_52)
FNDA:0,(anonymous_53)
FNDA:0,(anonymous_54)
FNDA:0,(anonymous_55)
DA:23,0
DA:24,0
DA:25,0
DA:26,0
DA:27,0
DA:28,0
DA:29,0
DA:31,0
DA:34,0
DA:35,0
DA:36,0
DA:37,0
DA:39,0
DA:40,0
DA:41,0
DA:46,0
DA:47,0
DA:48,0
DA:53,0
DA:54,0
DA:55,0
DA:56,0
DA:57,0
DA:58,0
DA:60,0
DA:61,0
DA:71,0
DA:73,0
DA:77,0
DA:81,0
DA:82,0
DA:83,0
DA:85,0
DA:87,0
DA:88,0
DA:90,0
DA:95,0
DA:96,0
DA:98,0
DA:101,0
DA:107,0
DA:144,0
DA:154,0
DA:167,0
DA:178,0
DA:239,0
DA:240,0
DA:242,0
DA:243,0
DA:245,0
DA:246,0
DA:252,0
DA:261,0
DA:290,0
DA:303,0
DA:305,0
DA:307,0
DA:316,0
DA:334,0
DA:335,0
DA:336,0
DA:337,0
DA:339,0
DA:340,0
DA:344,0
DA:346,0
DA:355,0
DA:384,0
DA:397,0
DA:399,0
DA:401,0
DA:409,0
DA:424,0
DA:426,0
DA:427,0
DA:428,0
DA:430,0
DA:431,0
DA:436,0
DA:445,0
DA:474,0
DA:487,0
DA:489,0
DA:491,0
DA:499,0
DA:515,0
DA:517,0
DA:518,0
DA:519,0
DA:521,0
DA:522,0
DA:524,0
DA:531,0
DA:532,0
DA:533,0
DA:534,0
DA:537,0
DA:541,0
DA:560,0
DA:570,0
DA:581,0
DA:603,0
DA:605,0
DA:606,0
DA:607,0
DA:608,0
DA:609,0
DA:610,0
DA:611,0
DA:612,0
DA:613,0
DA:616,0
DA:628,0
DA:629,0
DA:631,0
DA:632,0
DA:635,0
DA:645,0
DA:646,0
DA:647,0
DA:648,0
DA:649,0
DA:650,0
DA:651,0
DA:655,0
DA:656,0
DA:657,0
DA:660,0
DA:671,0
DA:686,0
DA:697,0
DA:715,0
DA:723,0
DA:742,0
DA:753,0
DA:764,0
DA:772,0
DA:783,0
DA:821,0
DA:831,0
DA:852,0
LF:141
LH:0
BRDA:25,0,0,0
BRDA:25,0,1,0
BRDA:26,1,0,0
BRDA:26,1,1,0
BRDA:27,2,0,0
BRDA:27,2,1,0
BRDA:35,3,0,0
BRDA:35,3,1,0
BRDA:39,4,0,0
BRDA:39,4,1,0
BRDA:75,5,0,0
BRDA:75,5,1,0
BRDA:87,6,0,0
BRDA:87,6,1,0
BRDA:111,7,0,0
BRDA:111,7,1,0
BRDA:197,8,0,0
BRDA:197,8,1,0
BRDA:206,9,0,0
BRDA:206,9,1,0
BRDA:214,10,0,0
BRDA:214,10,1,0
BRDA:221,11,0,0
BRDA:221,11,1,0
BRDA:228,12,0,0
BRDA:228,12,1,0
BRDA:261,13,0,0
BRDA:261,13,1,0
BRDA:305,14,0,0
BRDA:305,14,1,0
BRDA:344,15,0,0
BRDA:344,15,1,0
BRDA:355,16,0,0
BRDA:355,16,1,0
BRDA:399,17,0,0
BRDA:399,17,1,0
BRDA:445,18,0,0
BRDA:445,18,1,0
BRDA:489,19,0,0
BRDA:489,19,1,0
BRDA:631,20,0,0
BRDA:631,20,1,0
BRDA:631,21,0,0
BRDA:631,21,1,0
BRDA:631,21,2,0
BRDA:664,22,0,0
BRDA:664,22,1,0
BRDA:695,23,0,0
BRDA:695,23,1,0
BRDA:721,24,0,0
BRDA:721,24,1,0
BRDA:781,25,0,0
BRDA:781,25,1,0
BRDA:829,26,0,0
BRDA:829,26,1,0
BRDA:845,27,0,0
BRDA:845,27,1,0
BRDA:859,28,0,0
BRDA:859,28,1,0
BRDA:859,28,2,0
BRF:60
BRH:0
end_of_record
TN:
SF:src\components\Profile\ProfileSidebar.jsx
FN:17,(anonymous_0)
FN:22,(anonymous_1)
FN:24,(anonymous_2)
FN:27,(anonymous_3)
FN:32,(anonymous_4)
FN:37,(anonymous_5)
FN:43,(anonymous_6)
FN:50,(anonymous_7)
FN:70,(anonymous_8)
FN:81,(anonymous_9)
FN:89,(anonymous_10)
FN:100,(anonymous_11)
FN:108,(anonymous_12)
FN:116,(anonymous_13)
FN:124,(anonymous_14)
FN:132,(anonymous_15)
FN:145,(anonymous_16)
FN:166,(anonymous_17)
FN:178,(anonymous_18)
FNF:19
FNH:0
FNDA:0,(anonymous_0)
FNDA:0,(anonymous_1)
FNDA:0,(anonymous_2)
FNDA:0,(anonymous_3)
FNDA:0,(anonymous_4)
FNDA:0,(anonymous_5)
FNDA:0,(anonymous_6)
FNDA:0,(anonymous_7)
FNDA:0,(anonymous_8)
FNDA:0,(anonymous_9)
FNDA:0,(anonymous_10)
FNDA:0,(anonymous_11)
FNDA:0,(anonymous_12)
FNDA:0,(anonymous_13)
FNDA:0,(anonymous_14)
FNDA:0,(anonymous_15)
FNDA:0,(anonymous_16)
FNDA:0,(anonymous_17)
FNDA:0,(anonymous_18)
DA:17,0
DA:18,0
DA:19,0
DA:20,0
DA:22,0
DA:24,0
DA:25,0
DA:28,0
DA:29,0
DA:30,0
DA:33,0
DA:37,0
DA:38,0
DA:39,0
DA:43,0
DA:44,0
DA:45,0
DA:47,0
DA:50,0
DA:51,0
DA:55,0
DA:70,0
DA:81,0
DA:89,0
DA:100,0
DA:108,0
DA:116,0
DA:124,0
DA:132,0
DA:145,0
DA:166,0
DA:178,0
LF:32
LH:0
BRDA:38,0,0,0
BRDA:38,0,1,0
BRDA:38,1,0,0
BRDA:38,1,1,0
BRDA:44,2,0,0
BRDA:44,2,1,0
BRDA:58,3,0,0
BRDA:58,3,1,0
BRDA:63,4,0,0
BRDA:63,4,1,0
BRDA:64,5,0,0
BRDA:64,5,1,0
BRDA:80,6,0,0
BRDA:80,6,1,0
BRDA:83,7,0,0
BRDA:83,7,1,0
BRDA:84,8,0,0
BRDA:84,8,1,0
BRDA:88,9,0,0
BRDA:88,9,1,0
BRDA:91,10,0,0
BRDA:91,10,1,0
BRDA:92,11,0,0
BRDA:92,11,1,0
BRDA:96,12,0,0
BRDA:96,12,1,0
BRDA:96,12,2,0
BRDA:99,13,0,0
BRDA:99,13,1,0
BRDA:102,14,0,0
BRDA:102,14,1,0
BRDA:103,15,0,0
BRDA:103,15,1,0
BRDA:107,16,0,0
BRDA:107,16,1,0
BRDA:110,17,0,0
BRDA:110,17,1,0
BRDA:111,18,0,0
BRDA:111,18,1,0
BRDA:115,19,0,0
BRDA:115,19,1,0
BRDA:116,20,0,0
BRDA:116,20,1,0
BRDA:118,21,0,0
BRDA:118,21,1,0
BRDA:119,22,0,0
BRDA:119,22,1,0
BRDA:123,23,0,0
BRDA:123,23,1,0
BRDA:126,24,0,0
BRDA:126,24,1,0
BRDA:127,25,0,0
BRDA:127,25,1,0
BRDA:131,26,0,0
BRDA:131,26,1,0
BRDA:134,27,0,0
BRDA:134,27,1,0
BRDA:135,28,0,0
BRDA:135,28,1,0
BRDA:141,29,0,0
BRDA:141,29,1,0
BRDA:141,29,2,0
BRDA:144,30,0,0
BRDA:144,30,1,0
BRDA:147,31,0,0
BRDA:147,31,1,0
BRDA:148,32,0,0
BRDA:148,32,1,0
BRDA:155,33,0,0
BRDA:155,33,1,0
BRDA:158,34,0,0
BRDA:158,34,1,0
BRDA:159,35,0,0
BRDA:159,35,1,0
BRDA:175,36,0,0
BRDA:175,36,1,0
BRF:76
BRH:0
end_of_record
TN:
SF:src\components\Profile\TrackOrder.jsx
FN:7,(anonymous_0)
FN:9,(anonymous_1)
FN:10,(anonymous_2)
FN:15,(anonymous_3)
FN:19,(anonymous_4)
FNF:5
FNH:0
FNDA:0,(anonymous_0)
FNDA:0,(anonymous_1)
FNDA:0,(anonymous_2)
FNDA:0,(anonymous_3)
FNDA:0,(anonymous_4)
DA:7,0
DA:9,0
DA:10,0
DA:11,0
DA:13,0
DA:15,0
DA:16,0
DA:19,0
DA:21,0
LF:9
LH:0
BRDA:19,0,0,0
BRDA:19,0,1,0
BRDA:25,1,0,0
BRDA:25,1,1,0
BRDA:25,2,0,0
BRDA:25,2,1,0
BRDA:27,3,0,0
BRDA:27,3,1,0
BRDA:31,4,0,0
BRDA:31,4,1,0
BRDA:35,5,0,0
BRDA:35,5,1,0
BRDA:39,6,0,0
BRDA:39,6,1,0
BRDA:43,7,0,0
BRDA:43,7,1,0
BRDA:45,8,0,0
BRDA:45,8,1,0
BRDA:47,9,0,0
BRDA:47,9,1,0
BRF:20
BRH:0
end_of_record
TN:
SF:src\components\Route\Sponsored.jsx
FN:4,(anonymous_0)
FNF:1
FNH:0
FNDA:0,(anonymous_0)
DA:4,0
DA:5,0
LF:2
LH:0
BRF:0
BRH:0
end_of_record
TN:
SF:src\components\Route\BestDeals\BestDeals.jsx
FN:6,(anonymous_0)
FN:8,(anonymous_1)
FN:9,(anonymous_2)
FN:11,(anonymous_3)
FN:26,(anonymous_4)
FNF:5
FNH:0
FNDA:0,(anonymous_0)
FNDA:0,(anonymous_1)
FNDA:0,(anonymous_2)
FNDA:0,(anonymous_3)
FNDA:0,(anonymous_4)
DA:6,0
DA:7,0
DA:8,0
DA:9,0
DA:10,0
DA:11,0
DA:12,0
DA:13,0
DA:16,0
DA:26,0
LF:10
LH:0
BRDA:10,0,0,0
BRDA:10,0,1,0
BRDA:12,1,0,0
BRDA:12,1,1,0
BRDA:23,2,0,0
BRDA:23,2,1,0
BRDA:23,2,2,0
BRDA:25,3,0,0
BRDA:25,3,1,0
BRF:9
BRH:0
end_of_record
TN:
SF:src\components\Route\Categories\Categories.jsx
FN:6,(anonymous_0)
FN:15,(anonymous_1)
FN:36,(anonymous_2)
FN:37,(anonymous_3)
FN:44,(anonymous_4)
FNF:5
FNH:0
FNDA:0,(anonymous_0)
FNDA:0,(anonymous_1)
FNDA:0,(anonymous_2)
FNDA:0,(anonymous_3)
FNDA:0,(anonymous_4)
DA:6,0
DA:7,0
DA:8,0
DA:16,0
DA:37,0
DA:38,0
DA:40,0
DA:44,0
LF:8
LH:0
BRDA:14,0,0,0
BRDA:14,0,1,0
BRDA:35,1,0,0
BRDA:35,1,1,0
BRF:4
BRH:0
end_of_record
TN:
SF:src\components\Route\FeaturedProduct\FeaturedProduct.jsx
FN:6,(anonymous_0)
FN:7,(anonymous_1)
FN:19,(anonymous_2)
FNF:3
FNH:0
FNDA:0,(anonymous_0)
FNDA:0,(anonymous_1)
FNDA:0,(anonymous_2)
DA:6,0
DA:7,0
DA:9,0
DA:20,0
LF:4
LH:0
BRDA:16,0,0,0
BRDA:16,0,1,0
BRDA:16,0,2,0
BRDA:18,1,0,0
BRDA:18,1,1,0
BRF:5
BRH:0
end_of_record
TN:
SF:src\components\Route\Hero\Hero.jsx
FN:6,(anonymous_0)
FNF:1
FNH:0
FNDA:0,(anonymous_0)
DA:6,0
DA:7,0
LF:2
LH:0
BRF:0
BRH:0
end_of_record
TN:
SF:src\components\Route\ProductCard\ProductCard.jsx
FN:20,(anonymous_0)
FN:21,(anonymous_1)
FN:22,(anonymous_2)
FN:29,(anonymous_3)
FN:30,(anonymous_4)
FN:38,(anonymous_5)
FN:44,(anonymous_6)
FN:50,(anonymous_7)
FN:51,(anonymous_8)
FN:116,(anonymous_9)
FN:124,(anonymous_10)
FN:133,(anonymous_11)
FN:141,(anonymous_12)
FNF:13
FNH:0
FNDA:0,(anonymous_0)
FNDA:0,(anonymous_1)
FNDA:0,(anonymous_2)
FNDA:0,(anonymous_3)
FNDA:0,(anonymous_4)
FNDA:0,(anonymous_5)
FNDA:0,(anonymous_6)
FNDA:0,(anonymous_7)
FNDA:0,(anonymous_8)
FNDA:0,(anonymous_9)
FNDA:0,(anonymous_10)
FNDA:0,(anonymous_11)
FNDA:0,(anonymous_12)
DA:20,0
DA:21,0
DA:22,0
DA:23,0
DA:24,0
DA:25,0
DA:29,0
DA:30,0
DA:31,0
DA:33,0
DA:38,0
DA:39,0
DA:40,0
DA:44,0
DA:45,0
DA:46,0
DA:50,0
DA:51,0
DA:53,0
DA:54,0
DA:56,0
DA:57,0
DA:59,0
DA:60,0
DA:61,0
DA:67,0
DA:116,0
DA:124,0
DA:133,0
DA:141,0
LF:30
LH:0
BRDA:30,0,0,0
BRDA:30,0,1,0
BRDA:30,1,0,0
BRDA:30,1,1,0
BRDA:51,2,0,0
BRDA:51,2,1,0
BRDA:53,3,0,0
BRDA:53,3,1,0
BRDA:56,4,0,0
BRDA:56,4,1,0
BRDA:73,5,0,0
BRDA:73,5,1,0
BRDA:75,6,0,0
BRDA:75,6,1,0
BRDA:80,7,0,0
BRDA:80,7,1,0
BRDA:85,8,0,0
BRDA:85,8,1,0
BRDA:95,9,0,0
BRDA:95,9,1,0
BRDA:99,10,0,0
BRDA:99,10,1,0
BRDA:104,11,0,0
BRDA:104,11,1,0
BRDA:112,12,0,0
BRDA:112,12,1,0
BRDA:117,13,0,0
BRDA:117,13,1,0
BRDA:125,14,0,0
BRDA:125,14,1,0
BRDA:145,15,0,0
BRDA:145,15,1,0
BRF:32
BRH:0
end_of_record
TN:
SF:src\components\Route\ProductDetailsCard\ProductDetailsCard.jsx
FN:18,(anonymous_0)
FN:19,(anonymous_1)
FN:20,(anonymous_2)
FN:26,(anonymous_3)
FN:30,(anonymous_4)
FN:35,(anonymous_5)
FN:40,(anonymous_6)
FN:41,(anonymous_7)
FN:57,(anonymous_8)
FN:58,(anonymous_9)
FN:66,(anonymous_10)
FN:72,(anonymous_11)
FN:88,(anonymous_12)
FN:170,(anonymous_13)
FN:179,(anonymous_14)
FN:190,(anonymous_15)
FNF:16
FNH:0
FNDA:0,(anonymous_0)
FNDA:0,(anonymous_1)
FNDA:0,(anonymous_2)
FNDA:0,(anonymous_3)
FNDA:0,(anonymous_4)
FNDA:0,(anonymous_5)
FNDA:0,(anonymous_6)
FNDA:0,(anonymous_7)
FNDA:0,(anonymous_8)
FNDA:0,(anonymous_9)
FNDA:0,(anonymous_10)
FNDA:0,(anonymous_11)
FNDA:0,(anonymous_12)
FNDA:0,(anonymous_13)
FNDA:0,(anonymous_14)
FNDA:0,(anonymous_15)
DA:18,0
DA:19,0
DA:20,0
DA:21,0
DA:22,0
DA:23,0
DA:24,0
DA:26,0
DA:30,0
DA:31,0
DA:32,0
DA:35,0
DA:36,0
DA:40,0
DA:41,0
DA:43,0
DA:44,0
DA:46,0
DA:47,0
DA:49,0
DA:50,0
DA:51,0
DA:57,0
DA:58,0
DA:59,0
DA:61,0
DA:66,0
DA:67,0
DA:68,0
DA:72,0
DA:73,0
DA:74,0
DA:78,0
DA:88,0
DA:170,0
DA:179,0
DA:190,0
LF:37
LH:0
BRDA:31,0,0,0
BRDA:31,0,1,0
BRDA:41,1,0,0
BRDA:41,1,1,0
BRDA:43,2,0,0
BRDA:43,2,1,0
BRDA:46,3,0,0
BRDA:46,3,1,0
BRDA:58,4,0,0
BRDA:58,4,1,0
BRDA:58,5,0,0
BRDA:58,5,1,0
BRDA:82,6,0,0
BRDA:82,6,1,0
BRDA:93,7,0,0
BRDA:93,7,1,0
BRDA:138,8,0,0
BRDA:138,8,1,0
BRDA:166,9,0,0
BRDA:166,9,1,0
BRDA:172,10,0,0
BRDA:172,10,1,0
BRF:22
BRH:0
end_of_record
TN:
SF:src\components\Shop\AllCoupons.jsx
FN:13,(anonymous_0)
FN:22,(anonymous_1)
FN:23,(anonymous_2)
FN:27,(anonymous_3)
FN:33,(anonymous_4)
FN:37,(anonymous_5)
FN:42,(anonymous_6)
FN:43,(anonymous_7)
FN:49,(anonymous_8)
FN:65,(anonymous_9)
FN:70,(anonymous_10)
FN:96,(anonymous_11)
FN:99,(anonymous_12)
FN:111,(anonymous_13)
FN:129,(anonymous_14)
FN:148,(anonymous_15)
FN:167,(anonymous_16)
FN:183,(anonymous_17)
FN:195,(anonymous_18)
FN:207,(anonymous_19)
FN:217,(anonymous_20)
FN:223,(anonymous_21)
FNF:22
FNH:0
FNDA:0,(anonymous_0)
FNDA:0,(anonymous_1)
FNDA:0,(anonymous_2)
FNDA:0,(anonymous_3)
FNDA:0,(anonymous_4)
FNDA:0,(anonymous_5)
FNDA:0,(anonymous_6)
FNDA:0,(anonymous_7)
FNDA:0,(anonymous_8)
FNDA:0,(anonymous_9)
FNDA:0,(anonymous_10)
FNDA:0,(anonymous_11)
FNDA:0,(anonymous_12)
FNDA:0,(anonymous_13)
FNDA:0,(anonymous_14)
FNDA:0,(anonymous_15)
FNDA:0,(anonymous_16)
FNDA:0,(anonymous_17)
FNDA:0,(anonymous_18)
FNDA:0,(anonymous_19)
FNDA:0,(anonymous_20)
FNDA:0,(anonymous_21)
DA:13,0
DA:14,0
DA:15,0
DA:16,0
DA:17,0
DA:18,0
DA:19,0
DA:20,0
DA:21,0
DA:22,0
DA:23,0
DA:25,0
DA:27,0
DA:28,0
DA:29,0
DA:34,0
DA:35,0
DA:38,0
DA:42,0
DA:43,0
DA:44,0
DA:46,0
DA:49,0
DA:50,0
DA:52,0
DA:66,0
DA:67,0
DA:68,0
DA:71,0
DA:75,0
DA:97,0
DA:99,0
DA:108,0
DA:110,0
DA:112,0
DA:120,0
DA:129,0
DA:148,0
DA:167,0
DA:183,0
DA:195,0
DA:207,0
DA:217,0
DA:224,0
LF:44
LH:0
BRDA:110,0,0,0
BRDA:110,0,1,0
BRDA:122,1,0,0
BRDA:122,1,1,0
BRDA:141,2,0,0
BRDA:141,2,1,0
BRDA:222,3,0,0
BRDA:222,3,1,0
BRF:8
BRH:0
end_of_record
TN:
SF:src\components\Shop\AllEvents.jsx
FN:12,(anonymous_0)
FN:13,(anonymous_1)
FN:14,(anonymous_2)
FN:20,(anonymous_3)
FN:24,(anonymous_4)
FN:30,(anonymous_5)
FN:44,(anonymous_6)
FN:56,(anonymous_7)
FN:71,(anonymous_8)
FN:80,(anonymous_9)
FN:100,(anonymous_10)
FN:118,(anonymous_11)
FN:121,(anonymous_12)
FN:134,(anonymous_13)
FNF:14
FNH:0
FNDA:0,(anonymous_0)
FNDA:0,(anonymous_1)
FNDA:0,(anonymous_2)
FNDA:0,(anonymous_3)
FNDA:0,(anonymous_4)
FNDA:0,(anonymous_5)
FNDA:0,(anonymous_6)
FNDA:0,(anonymous_7)
FNDA:0,(anonymous_8)
FNDA:0,(anonymous_9)
FNDA:0,(anonymous_10)
FNDA:0,(anonymous_11)
FNDA:0,(anonymous_12)
FNDA:0,(anonymous_13)
DA:12,0
DA:13,0
DA:14,0
DA:15,0
DA:16,0
DA:18,0
DA:20,0
DA:21,0
DA:24,0
DA:25,0
DA:26,0
DA:27,0
DA:30,0
DA:31,0
DA:32,0
DA:33,0
DA:34,0
DA:35,0
DA:36,0
DA:38,0
DA:44,0
DA:45,0
DA:46,0
DA:49,0
DA:56,0
DA:71,0
DA:81,0
DA:101,0
DA:119,0
DA:121,0
DA:131,0
DA:133,0
DA:135,0
DA:144,0
LF:34
LH:0
BRDA:31,0,0,0
BRDA:31,0,1,0
BRDA:81,1,0,0
BRDA:81,1,1,0
BRDA:133,2,0,0
BRDA:133,2,1,0
BRDA:146,3,0,0
BRDA:146,3,1,0
BRDA:174,4,0,0
BRDA:174,4,1,0
BRF:10
BRH:0
end_of_record
TN:
SF:src\components\Shop\AllOrders.jsx
FN:12,(anonymous_0)
FN:13,(anonymous_1)
FN:14,(anonymous_2)
FN:18,(anonymous_3)
FN:29,(anonymous_4)
FN:37,(anonymous_5)
FN:65,(anonymous_6)
FN:75,(anonymous_7)
FN:93,(anonymous_8)
FNF:9
FNH:0
FNDA:0,(anonymous_0)
FNDA:0,(anonymous_1)
FNDA:0,(anonymous_2)
FNDA:0,(anonymous_3)
FNDA:0,(anonymous_4)
FNDA:0,(anonymous_5)
FNDA:0,(anonymous_6)
FNDA:0,(anonymous_7)
FNDA:0,(anonymous_8)
DA:12,0
DA:13,0
DA:14,0
DA:16,0
DA:18,0
DA:19,0
DA:22,0
DA:29,0
DA:38,0
DA:39,0
DA:65,0
DA:76,0
DA:90,0
DA:92,0
DA:94,0
DA:102,0
LF:16
LH:0
BRDA:42,0,0,0
BRDA:42,0,1,0
BRDA:92,1,0,0
BRDA:92,1,1,0
BRDA:104,2,0,0
BRDA:104,2,1,0
BRF:6
BRH:0
end_of_record
TN:
SF:src\components\Shop\AllProducts.jsx
FN:14,(anonymous_0)
FN:23,(anonymous_1)
FN:25,(anonymous_2)
FN:26,(anonymous_3)
FN:32,(anonymous_4)
FN:36,(anonymous_5)
FN:42,(anonymous_6)
FN:55,(anonymous_7)
FN:67,(anonymous_8)
FN:82,(anonymous_9)
FN:91,(anonymous_10)
FN:110,(anonymous_11)
FN:125,(anonymous_12)
FN:127,(anonymous_13)
FN:136,(anonymous_14)
FNF:15
FNH:0
FNDA:0,(anonymous_0)
FNDA:0,(anonymous_1)
FNDA:0,(anonymous_2)
FNDA:0,(anonymous_3)
FNDA:0,(anonymous_4)
FNDA:0,(anonymous_5)
FNDA:0,(anonymous_6)
FNDA:0,(anonymous_7)
FNDA:0,(anonymous_8)
FNDA:0,(anonymous_9)
FNDA:0,(anonymous_10)
FNDA:0,(anonymous_11)
FNDA:0,(anonymous_12)
FNDA:0,(anonymous_13)
FNDA:0,(anonymous_14)
DA:14,0
DA:23,0
DA:24,0
DA:25,0
DA:26,0
DA:27,0
DA:28,0
DA:30,0
DA:32,0
DA:33,0
DA:36,0
DA:37,0
DA:38,0
DA:39,0
DA:42,0
DA:43,0
DA:44,0
DA:45,0
DA:46,0
DA:47,0
DA:48,0
DA:50,0
DA:55,0
DA:56,0
DA:57,0
DA:60,0
DA:67,0
DA:82,0
DA:92,0
DA:111,0
DA:126,0
DA:127,0
DA:136,0
DA:144,0
LF:34
LH:0
BRDA:43,0,0,0
BRDA:43,0,1,0
BRDA:92,1,0,0
BRDA:92,1,1,0
BRDA:136,2,0,0
BRDA:136,2,1,0
BRDA:146,3,0,0
BRDA:146,3,1,0
BRDA:168,4,0,0
BRDA:168,4,1,0
BRF:10
BRH:0
end_of_record
TN:
SF:src\components\Shop\AllRefundOrders.jsx
FN:10,(anonymous_0)
FN:11,(anonymous_1)
FN:12,(anonymous_2)
FN:16,(anonymous_3)
FN:20,(anonymous_4)
FN:30,(anonymous_5)
FN:59,(anonymous_6)
FN:76,(anonymous_7)
FNF:8
FNH:0
FNDA:0,(anonymous_0)
FNDA:0,(anonymous_1)
FNDA:0,(anonymous_2)
FNDA:0,(anonymous_3)
FNDA:0,(anonymous_4)
FNDA:0,(anonymous_5)
FNDA:0,(anonymous_6)
FNDA:0,(anonymous_7)
DA:10,0
DA:11,0
DA:12,0
DA:14,0
DA:16,0
DA:17,0
DA:20,0
DA:22,0
DA:31,0
DA:60,0
DA:73,0
DA:75,0
DA:77,0
DA:85,0
LF:14
LH:0
BRDA:20,0,0,0
BRDA:20,0,1,0
BRDA:20,1,0,0
BRDA:20,1,1,0
BRDA:31,2,0,0
BRDA:31,2,1,0
BRDA:75,3,0,0
BRDA:75,3,1,0
BRDA:87,4,0,0
BRDA:87,4,1,0
BRF:10
BRH:0
end_of_record
TN:
SF:src\components\Shop\CreateEvent.jsx
FN:12,(anonymous_0)
FN:13,(anonymous_1)
FN:14,(anonymous_2)
FN:32,(anonymous_3)
FN:40,(anonymous_4)
FN:44,(anonymous_5)
FN:72,(anonymous_6)
FN:75,(anonymous_7)
FN:79,(anonymous_8)
FN:86,(anonymous_9)
FN:93,(anonymous_10)
FN:94,(anonymous_11)
FN:115,(anonymous_12)
FN:136,(anonymous_13)
FN:146,(anonymous_14)
FN:157,(anonymous_15)
FN:162,(anonymous_16)
FN:173,(anonymous_17)
FN:184,(anonymous_18)
FN:194,(anonymous_19)
FN:206,(anonymous_20)
FN:248,(anonymous_21)
FNF:22
FNH:0
FNDA:0,(anonymous_0)
FNDA:0,(anonymous_1)
FNDA:0,(anonymous_2)
FNDA:0,(anonymous_3)
FNDA:0,(anonymous_4)
FNDA:0,(anonymous_5)
FNDA:0,(anonymous_6)
FNDA:0,(anonymous_7)
FNDA:0,(anonymous_8)
FNDA:0,(anonymous_9)
FNDA:0,(anonymous_10)
FNDA:0,(anonymous_11)
FNDA:0,(anonymous_12)
FNDA:0,(anonymous_13)
FNDA:0,(anonymous_14)
FNDA:0,(anonymous_15)
FNDA:0,(anonymous_16)
FNDA:0,(anonymous_17)
FNDA:0,(anonymous_18)
FNDA:0,(anonymous_19)
FNDA:0,(anonymous_20)
FNDA:0,(anonymous_21)
DA:12,0
DA:13,0
DA:14,0
DA:15,0
DA:16,0
DA:18,0
DA:19,0
DA:20,0
DA:21,0
DA:22,0
DA:23,0
DA:24,0
DA:25,0
DA:26,0
DA:27,0
DA:29,0
DA:30,0
DA:32,0
DA:33,0
DA:34,0
DA:35,0
DA:36,0
DA:37,0
DA:40,0
DA:41,0
DA:44,0
DA:45,0
DA:46,0
DA:47,0
DA:48,0
DA:49,0
DA:51,0
DA:52,0
DA:62,0
DA:64,0
DA:68,0
DA:72,0
DA:73,0
DA:74,0
DA:75,0
DA:79,0
DA:80,0
DA:81,0
DA:84,0
DA:85,0
DA:87,0
DA:88,0
DA:92,0
DA:93,0
DA:94,0
DA:95,0
DA:96,0
DA:97,0
DA:98,0
DA:99,0
DA:100,0
DA:101,0
DA:102,0
DA:103,0
DA:104,0
DA:105,0
DA:106,0
DA:108,0
DA:109,0
DA:115,0
DA:116,0
DA:117,0
DA:119,0
DA:120,0
DA:121,0
DA:122,0
DA:126,0
DA:136,0
DA:146,0
DA:157,0
DA:163,0
DA:173,0
DA:184,0
DA:194,0
DA:206,0
DA:249,0
LF:81
LH:0
BRDA:30,0,0,0
BRDA:30,0,1,0
BRDA:66,1,0,0
BRDA:66,1,1,0
BRDA:116,2,0,0
BRDA:116,2,1,0
BRDA:119,3,0,0
BRDA:119,3,1,0
BRDA:217,4,0,0
BRDA:217,4,1,0
BRDA:229,5,0,0
BRDA:229,5,1,0
BRF:12
BRH:0
end_of_record
TN:
SF:src\components\Shop\CreateProduct.jsx
FN:11,(anonymous_0)
FN:12,(anonymous_1)
FN:13,(anonymous_2)
FN:26,(anonymous_3)
FN:38,(anonymous_4)
FN:66,(anonymous_5)
FN:69,(anonymous_6)
FN:72,(anonymous_7)
FN:79,(anonymous_8)
FN:86,(anonymous_9)
FN:87,(anonymous_10)
FN:117,(anonymous_11)
FN:135,(anonymous_12)
FN:147,(anonymous_13)
FN:152,(anonymous_14)
FN:167,(anonymous_15)
FN:180,(anonymous_16)
FN:194,(anonymous_17)
FN:210,(anonymous_18)
FN:228,(anonymous_19)
FNF:20
FNH:0
FNDA:0,(anonymous_0)
FNDA:0,(anonymous_1)
FNDA:0,(anonymous_2)
FNDA:0,(anonymous_3)
FNDA:0,(anonymous_4)
FNDA:0,(anonymous_5)
FNDA:0,(anonymous_6)
FNDA:0,(anonymous_7)
FNDA:0,(anonymous_8)
FNDA:0,(anonymous_9)
FNDA:0,(anonymous_10)
FNDA:0,(anonymous_11)
FNDA:0,(anonymous_12)
FNDA:0,(anonymous_13)
FNDA:0,(anonymous_14)
FNDA:0,(anonymous_15)
FNDA:0,(anonymous_16)
FNDA:0,(anonymous_17)
FNDA:0,(anonymous_18)
FNDA:0,(anonymous_19)
DA:11,0
DA:12,0
DA:13,0
DA:14,0
DA:15,0
DA:17,0
DA:18,0
DA:19,0
DA:20,0
DA:21,0
DA:22,0
DA:23,0
DA:24,0
DA:26,0
DA:27,0
DA:28,0
DA:30,0
DA:31,0
DA:32,0
DA:33,0
DA:38,0
DA:39,0
DA:40,0
DA:41,0
DA:42,0
DA:43,0
DA:45,0
DA:46,0
DA:56,0
DA:58,0
DA:62,0
DA:66,0
DA:67,0
DA:68,0
DA:69,0
DA:72,0
DA:73,0
DA:74,0
DA:77,0
DA:78,0
DA:80,0
DA:81,0
DA:85,0
DA:86,0
DA:87,0
DA:88,0
DA:89,0
DA:90,0
DA:91,0
DA:92,0
DA:93,0
DA:94,0
DA:95,0
DA:96,0
DA:97,0
DA:99,0
DA:103,0
DA:117,0
DA:135,0
DA:147,0
DA:153,0
DA:167,0
DA:180,0
DA:194,0
DA:210,0
DA:229,0
LF:66
LH:0
BRDA:27,0,0,0
BRDA:27,0,1,0
BRDA:30,1,0,0
BRDA:30,1,1,0
BRDA:60,2,0,0
BRDA:60,2,1,0
BRDA:151,3,0,0
BRDA:151,3,1,0
BRDA:227,4,0,0
BRDA:227,4,1,0
BRDA:231,5,0,0
BRDA:231,5,1,0
BRF:12
BRH:0
end_of_record
TN:
SF:src\components\Shop\DashboardHero.jsx
FN:13,(anonymous_0)
FN:15,(anonymous_1)
FN:16,(anonymous_2)
FN:17,(anonymous_3)
FN:19,(anonymous_4)
FN:33,(anonymous_5)
FN:41,(anonymous_6)
FN:69,(anonymous_7)
FN:79,(anonymous_8)
FN:94,(anonymous_9)
FN:97,(anonymous_10)
FNF:11
FNH:0
FNDA:0,(anonymous_0)
FNDA:0,(anonymous_1)
FNDA:0,(anonymous_2)
FNDA:0,(anonymous_3)
FNDA:0,(anonymous_4)
FNDA:0,(anonymous_5)
FNDA:0,(anonymous_6)
FNDA:0,(anonymous_7)
FNDA:0,(anonymous_8)
FNDA:0,(anonymous_9)
FNDA:0,(anonymous_10)
DA:13,0
DA:14,0
DA:15,0
DA:16,0
DA:17,0
DA:19,0
DA:20,0
DA:21,0
DA:24,0
DA:26,0
DA:33,0
DA:42,0
DA:43,0
DA:69,0
DA:80,0
DA:91,0
DA:93,0
DA:95,0
DA:97,0
DA:103,0
LF:20
LH:0
BRDA:46,0,0,0
BRDA:46,0,1,0
BRDA:93,1,0,0
BRDA:93,1,1,0
BRDA:140,2,0,0
BRDA:140,2,1,0
BRDA:160,3,0,0
BRDA:160,3,1,0
BRF:8
BRH:0
end_of_record
TN:
SF:src\components\Shop\DashboardMessages.jsx
FN:15,(anonymous_0)
FN:16,(anonymous_1)
FN:29,(anonymous_2)
FN:30,(anonymous_3)
FN:39,(anonymous_4)
FN:42,(anonymous_5)
FN:45,(anonymous_6)
FN:46,(anonymous_7)
FN:63,(anonymous_8)
FN:67,(anonymous_9)
FN:73,(anonymous_10)
FN:74,(anonymous_11)
FN:75,(anonymous_12)
FN:81,(anonymous_13)
FN:82,(anonymous_14)
FN:96,(anonymous_15)
FN:105,(anonymous_16)
FN:118,(anonymous_17)
FN:122,(anonymous_18)
FN:131,(anonymous_19)
FN:142,(anonymous_20)
FN:146,(anonymous_21)
FN:153,(anonymous_22)
FN:159,(anonymous_23)
FN:168,(anonymous_24)
FN:184,(anonymous_25)
FN:194,(anonymous_26)
FN:204,(anonymous_27)
FN:217,(anonymous_28)
FN:253,(anonymous_29)
FN:265,(anonymous_30)
FN:271,(anonymous_31)
FN:272,(anonymous_32)
FN:274,(anonymous_33)
FN:291,(anonymous_34)
FN:326,(anonymous_35)
FN:356,(anonymous_36)
FN:363,(anonymous_37)
FN:429,(anonymous_38)
FNF:39
FNH:0
FNDA:0,(anonymous_0)
FNDA:0,(anonymous_1)
FNDA:0,(anonymous_2)
FNDA:0,(anonymous_3)
FNDA:0,(anonymous_4)
FNDA:0,(anonymous_5)
FNDA:0,(anonymous_6)
FNDA:0,(anonymous_7)
FNDA:0,(anonymous_8)
FNDA:0,(anonymous_9)
FNDA:0,(anonymous_10)
FNDA:0,(anonymous_11)
FNDA:0,(anonymous_12)
FNDA:0,(anonymous_13)
FNDA:0,(anonymous_14)
FNDA:0,(anonymous_15)
FNDA:0,(anonymous_16)
FNDA:0,(anonymous_17)
FNDA:0,(anonymous_18)
FNDA:0,(anonymous_19)
FNDA:0,(anonymous_20)
FNDA:0,(anonymous_21)
FNDA:0,(anonymous_22)
FNDA:0,(anonymous_23)
FNDA:0,(anonymous_24)
FNDA:0,(anonymous_25)
FNDA:0,(anonymous_26)
FNDA:0,(anonymous_27)
FNDA:0,(anonymous_28)
FNDA:0,(anonymous_29)
FNDA:0,(anonymous_30)
FNDA:0,(anonymous_31)
FNDA:0,(anonymous_32)
FNDA:0,(anonymous_33)
FNDA:0,(anonymous_34)
FNDA:0,(anonymous_35)
FNDA:0,(anonymous_36)
FNDA:0,(anonymous_37)
FNDA:0,(anonymous_38)
DA:12,0
DA:13,0
DA:15,0
DA:16,0
DA:17,0
DA:18,0
DA:19,0
DA:20,0
DA:21,0
DA:22,0
DA:23,0
DA:24,0
DA:25,0
DA:26,0
DA:27,0
DA:29,0
DA:30,0
DA:31,0
DA:39,0
DA:40,0
DA:42,0
DA:45,0
DA:46,0
DA:47,0
DA:48,0
DA:54,0
DA:55,0
DA:60,0
DA:63,0
DA:64,0
DA:65,0
DA:66,0
DA:67,0
DA:68,0
DA:73,0
DA:74,0
DA:75,0
DA:77,0
DA:81,0
DA:82,0
DA:83,0
DA:84,0
DA:87,0
DA:89,0
DA:92,0
DA:96,0
DA:97,0
DA:99,0
DA:104,0
DA:105,0
DA:108,0
DA:114,0
DA:115,0
DA:116,0
DA:119,0
DA:120,0
DA:123,0
DA:127,0
DA:131,0
DA:132,0
DA:137,0
DA:143,0
DA:144,0
DA:147,0
DA:153,0
DA:154,0
DA:155,0
DA:156,0
DA:159,0
DA:160,0
DA:162,0
DA:163,0
DA:164,0
DA:165,0
DA:167,0
DA:168,0
DA:171,0
DA:177,0
DA:178,0
DA:185,0
DA:186,0
DA:187,0
DA:190,0
DA:194,0
DA:195,0
DA:204,0
DA:205,0
DA:208,0
DA:218,0
DA:253,0
DA:263,0
DA:264,0
DA:265,0
DA:266,0
DA:267,0
DA:269,0
DA:271,0
DA:272,0
DA:274,0
DA:275,0
DA:276,0
DA:277,0
DA:278,0
DA:280,0
DA:283,0
DA:286,0
DA:292,0
DA:326,0
DA:338,0
DA:356,0
DA:364,0
DA:429,0
LF:112
LH:0
BRDA:40,0,0,0
BRDA:40,0,1,0
BRDA:40,0,2,0
BRDA:64,1,0,0
BRDA:64,1,1,0
BRDA:77,2,0,0
BRDA:77,2,1,0
BRDA:115,3,0,0
BRDA:115,3,1,0
BRDA:210,4,0,0
BRDA:210,4,1,0
BRDA:216,5,0,0
BRDA:216,5,1,0
BRDA:234,6,0,0
BRDA:234,6,1,0
BRDA:289,7,0,0
BRDA:289,7,1,0
BRDA:292,8,0,0
BRDA:292,8,1,0
BRDA:292,8,2,0
BRDA:292,8,3,0
BRDA:292,8,4,0
BRDA:305,9,0,0
BRDA:305,9,1,0
BRDA:315,10,0,0
BRDA:315,10,1,0
BRDA:315,11,0,0
BRDA:315,11,1,0
BRDA:317,12,0,0
BRDA:317,12,1,0
BRDA:350,13,0,0
BRDA:350,13,1,0
BRDA:362,14,0,0
BRDA:362,14,1,0
BRDA:367,15,0,0
BRDA:367,15,1,0
BRDA:371,16,0,0
BRDA:371,16,1,0
BRDA:379,17,0,0
BRDA:379,17,1,0
BRDA:385,18,0,0
BRDA:385,18,1,0
BRDA:389,19,0,0
BRDA:389,19,1,0
BRF:44
BRH:0
end_of_record
TN:
SF:src\components\Shop\GenreChart.jsx
FN:25,(anonymous_0)
FN:31,(anonymous_1)
FN:39,(anonymous_2)
FN:40,(anonymous_3)
FN:48,(anonymous_4)
FN:128,(anonymous_5)
FN:138,(anonymous_6)
FN:164,(anonymous_7)
FNF:8
FNH:0
FNDA:0,(anonymous_0)
FNDA:0,(anonymous_1)
FNDA:0,(anonymous_2)
FNDA:0,(anonymous_3)
FNDA:0,(anonymous_4)
FNDA:0,(anonymous_5)
FNDA:0,(anonymous_6)
FNDA:0,(anonymous_7)
DA:15,0
DA:25,0
DA:26,0
DA:27,0
DA:28,0
DA:29,0
DA:31,0
DA:32,0
DA:33,0
DA:34,0
DA:35,0
DA:38,0
DA:39,0
DA:41,0
DA:42,0
DA:43,0
DA:45,0
DA:49,0
DA:50,0
DA:51,0
DA:55,0
DA:56,0
DA:59,0
DA:60,0
DA:64,0
DA:83,0
DA:120,0
DA:128,0
DA:138,0
DA:165,0
LF:30
LH:0
BRDA:32,0,0,0
BRDA:32,0,1,0
BRDA:41,1,0,0
BRDA:41,1,1,0
BRDA:41,2,0,0
BRDA:41,2,1,0
BRDA:55,3,0,0
BRDA:55,3,1,0
BRDA:59,4,0,0
BRDA:59,4,1,0
BRDA:83,5,0,0
BRDA:83,5,1,0
BRDA:130,6,0,0
BRDA:130,6,1,0
BRDA:140,7,0,0
BRDA:140,7,1,0
BRDA:150,8,0,0
BRDA:150,8,1,0
BRDA:152,9,0,0
BRDA:152,9,1,0
BRDA:163,10,0,0
BRDA:163,10,1,0
BRF:22
BRH:0
end_of_record
TN:
SF:src\components\Shop\OrderDetails.jsx
FN:12,(anonymous_0)
FN:13,(anonymous_1)
FN:14,(anonymous_2)
FN:22,(anonymous_3)
FN:26,(anonymous_4)
FN:28,(anonymous_5)
FN:37,(anonymous_6)
FN:41,(anonymous_7)
FN:46,(anonymous_8)
FN:55,(anonymous_9)
FN:59,(anonymous_10)
FN:95,(anonymous_11)
FN:151,(anonymous_12)
FN:165,(anonymous_13)
FN:178,(anonymous_14)
FN:183,(anonymous_15)
FNF:16
FNH:0
FNDA:0,(anonymous_0)
FNDA:0,(anonymous_1)
FNDA:0,(anonymous_2)
FNDA:0,(anonymous_3)
FNDA:0,(anonymous_4)
FNDA:0,(anonymous_5)
FNDA:0,(anonymous_6)
FNDA:0,(anonymous_7)
FNDA:0,(anonymous_8)
FNDA:0,(anonymous_9)
FNDA:0,(anonymous_10)
FNDA:0,(anonymous_11)
FNDA:0,(anonymous_12)
FNDA:0,(anonymous_13)
FNDA:0,(anonymous_14)
FNDA:0,(anonymous_15)
DA:12,0
DA:13,0
DA:14,0
DA:15,0
DA:17,0
DA:18,0
DA:20,0
DA:22,0
DA:23,0
DA:26,0
DA:28,0
DA:29,0
DA:38,0
DA:39,0
DA:42,0
DA:46,0
DA:47,0
DA:56,0
DA:57,0
DA:60,0
DA:64,0
DA:96,0
DA:151,0
DA:166,0
DA:178,0
DA:184,0
LF:26
LH:0
BRDA:26,0,0,0
BRDA:26,0,1,0
BRDA:94,1,0,0
BRDA:94,1,1,0
BRDA:135,2,0,0
BRDA:135,2,1,0
BRDA:137,3,0,0
BRDA:137,3,1,0
BRDA:147,4,0,0
BRDA:147,4,1,0
BRDA:147,4,2,0
BRDA:174,5,0,0
BRDA:174,5,1,0
BRDA:174,5,2,0
BRDA:194,6,0,0
BRDA:194,6,1,0
BRF:16
BRH:0
end_of_record
TN:
SF:src\components\Shop\ShopCreate.jsx
FN:11,(anonymous_0)
FN:24,(anonymous_1)
FN:29,(anonymous_2)
FN:107,(anonymous_3)
FN:126,(anonymous_4)
FN:144,(anonymous_5)
FN:150,(anonymous_6)
FN:152,(anonymous_7)
FN:167,(anonymous_8)
FN:183,(anonymous_9)
FN:199,(anonymous_10)
FNF:11
FNH:0
FNDA:0,(anonymous_0)
FNDA:0,(anonymous_1)
FNDA:0,(anonymous_2)
FNDA:0,(anonymous_3)
FNDA:0,(anonymous_4)
FNDA:0,(anonymous_5)
FNDA:0,(anonymous_6)
FNDA:0,(anonymous_7)
FNDA:0,(anonymous_8)
FNDA:0,(anonymous_9)
FNDA:0,(anonymous_10)
DA:11,0
DA:12,0
DA:13,0
DA:14,0
DA:15,0
DA:16,0
DA:17,0
DA:18,0
DA:19,0
DA:20,0
DA:21,0
DA:22,0
DA:24,0
DA:25,0
DA:26,0
DA:29,0
DA:30,0
DA:31,0
DA:33,0
DA:34,0
DA:35,0
DA:37,0
DA:38,0
DA:39,0
DA:40,0
DA:42,0
DA:46,0
DA:47,0
DA:48,0
DA:49,0
DA:50,0
DA:51,0
DA:52,0
DA:53,0
DA:55,0
DA:56,0
DA:57,0
DA:58,0
DA:59,0
DA:60,0
DA:61,0
DA:62,0
DA:63,0
DA:64,0
DA:65,0
DA:66,0
DA:67,0
DA:69,0
DA:71,0
DA:75,0
DA:107,0
DA:126,0
DA:144,0
DA:150,0
DA:152,0
DA:167,0
DA:183,0
DA:199,0
LF:58
LH:0
BRDA:69,0,0,0
BRDA:69,0,1,0
BRDA:141,1,0,0
BRDA:141,1,1,0
BRDA:149,2,0,0
BRDA:149,2,1,0
BRDA:211,3,0,0
BRDA:211,3,1,0
BRDA:232,4,0,0
BRDA:232,4,1,0
BRF:10
BRH:0
end_of_record
TN:
SF:src\components\Shop\ShopInfo.jsx
FN:13,(anonymous_0)
FN:15,(anonymous_1)
FN:22,(anonymous_2)
FN:25,(anonymous_3)
FN:28,(anonymous_4)
FN:35,(anonymous_5)
FN:52,(anonymous_6)
FN:54,(anonymous_7)
FN:54,(anonymous_8)
FNF:9
FNH:0
FNDA:0,(anonymous_0)
FNDA:0,(anonymous_1)
FNDA:0,(anonymous_2)
FNDA:0,(anonymous_3)
FNDA:0,(anonymous_4)
FNDA:0,(anonymous_5)
FNDA:0,(anonymous_6)
FNDA:0,(anonymous_7)
FNDA:0,(anonymous_8)
DA:13,0
DA:14,0
DA:15,0
DA:16,0
DA:17,0
DA:18,0
DA:19,0
DA:22,0
DA:23,0
DA:24,0
DA:25,0
DA:26,0
DA:27,0
DA:29,0
DA:30,0
DA:35,0
DA:36,0
DA:37,0
DA:40,0
DA:41,0
DA:42,0
DA:43,0
DA:45,0
DA:46,0
DA:51,0
DA:52,0
DA:54,0
DA:56,0
DA:60,0
LF:29
LH:0
BRDA:51,0,0,0
BRDA:51,0,1,0
BRDA:54,1,0,0
BRDA:54,1,1,0
BRDA:56,2,0,0
BRDA:56,2,1,0
BRDA:63,3,0,0
BRDA:63,3,1,0
BRDA:90,4,0,0
BRDA:90,4,1,0
BRDA:100,5,0,0
BRDA:100,5,1,0
BRF:12
BRH:0
end_of_record
TN:
SF:src\components\Shop\ShopLogin.jsx
FN:10,(anonymous_0)
FN:17,(anonymous_1)
FN:84,(anonymous_2)
FN:106,(anonymous_3)
FN:113,(anonymous_4)
FN:118,(anonymous_5)
FNF:6
FNH:0
FNDA:0,(anonymous_0)
FNDA:0,(anonymous_1)
FNDA:0,(anonymous_2)
FNDA:0,(anonymous_3)
FNDA:0,(anonymous_4)
FNDA:0,(anonymous_5)
DA:10,0
DA:11,0
DA:12,0
DA:13,0
DA:14,0
DA:15,0
DA:17,0
DA:18,0
DA:19,0
DA:21,0
DA:22,0
DA:30,0
DA:31,0
DA:32,0
DA:34,0
DA:36,0
DA:40,0
DA:84,0
DA:106,0
DA:113,0
DA:118,0
LF:21
LH:0
BRDA:34,0,0,0
BRDA:34,0,1,0
BRDA:100,1,0,0
BRDA:100,1,1,0
BRDA:110,2,0,0
BRDA:110,2,1,0
BRDA:152,3,0,0
BRDA:152,3,1,0
BRF:8
BRH:0
end_of_record
TN:
SF:src\components\Shop\ShopProfileData.jsx
FN:11,(anonymous_0)
FN:12,(anonymous_1)
FN:13,(anonymous_2)
FN:14,(anonymous_3)
FN:18,(anonymous_4)
FN:24,(anonymous_5)
FN:34,(anonymous_6)
FN:43,(anonymous_7)
FN:52,(anonymous_8)
FN:70,(anonymous_9)
FN:81,(anonymous_10)
FN:93,(anonymous_11)
FNF:12
FNH:0
FNDA:0,(anonymous_0)
FNDA:0,(anonymous_1)
FNDA:0,(anonymous_2)
FNDA:0,(anonymous_3)
FNDA:0,(anonymous_4)
FNDA:0,(anonymous_5)
FNDA:0,(anonymous_6)
FNDA:0,(anonymous_7)
FNDA:0,(anonymous_8)
FNDA:0,(anonymous_9)
FNDA:0,(anonymous_10)
FNDA:0,(anonymous_11)
DA:11,0
DA:12,0
DA:13,0
DA:14,0
DA:15,0
DA:17,0
DA:18,0
DA:19,0
DA:22,0
DA:24,0
DA:26,0
DA:34,0
DA:43,0
DA:52,0
DA:70,0
DA:81,0
DA:94,0
LF:17
LH:0
BRDA:24,0,0,0
BRDA:24,0,1,0
BRDA:32,1,0,0
BRDA:32,1,1,0
BRDA:41,2,0,0
BRDA:41,2,1,0
BRDA:50,3,0,0
BRDA:50,3,1,0
BRDA:58,4,0,0
BRDA:58,4,1,0
BRDA:67,5,0,0
BRDA:67,5,1,0
BRDA:69,6,0,0
BRDA:69,6,1,0
BRDA:69,7,0,0
BRDA:69,7,1,0
BRDA:77,8,0,0
BRDA:77,8,1,0
BRDA:80,9,0,0
BRDA:80,9,1,0
BRDA:80,10,0,0
BRDA:80,10,1,0
BRDA:89,11,0,0
BRDA:89,11,1,0
BRDA:91,12,0,0
BRDA:91,12,1,0
BRDA:91,13,0,0
BRDA:91,13,1,0
BRF:28
BRH:0
end_of_record
TN:
SF:src\components\Shop\ShopSettings.jsx
FN:10,(anonymous_0)
FN:11,(anonymous_1)
FN:23,(anonymous_2)
FN:52,(anonymous_3)
FN:79,(anonymous_4)
FN:88,(anonymous_5)
FN:91,(anonymous_6)
FN:138,(anonymous_7)
FN:154,(anonymous_8)
FN:166,(anonymous_9)
FN:180,(anonymous_10)
FN:194,(anonymous_11)
FNF:12
FNH:0
FNDA:0,(anonymous_0)
FNDA:0,(anonymous_1)
FNDA:0,(anonymous_2)
FNDA:0,(anonymous_3)
FNDA:0,(anonymous_4)
FNDA:0,(anonymous_5)
FNDA:0,(anonymous_6)
FNDA:0,(anonymous_7)
FNDA:0,(anonymous_8)
FNDA:0,(anonymous_9)
FNDA:0,(anonymous_10)
FNDA:0,(anonymous_11)
DA:10,0
DA:11,0
DA:12,0
DA:13,0
DA:14,0
DA:15,0
DA:16,0
DA:17,0
DA:20,0
DA:23,0
DA:24,0
DA:25,0
DA:26,0
DA:27,0
DA:28,0
DA:30,0
DA:32,0
DA:42,0
DA:44,0
DA:48,0
DA:52,0
DA:53,0
DA:54,0
DA:57,0
DA:59,0
DA:60,0
DA:61,0
DA:68,0
DA:69,0
DA:71,0
DA:74,0
DA:79,0
DA:80,0
DA:82,0
DA:89,0
DA:90,0
DA:92,0
DA:98,0
DA:138,0
DA:154,0
DA:166,0
DA:180,0
DA:194,0
LF:43
LH:0
BRDA:13,0,0,0
BRDA:13,0,1,0
BRDA:14,1,0,0
BRDA:14,1,1,0
BRDA:14,2,0,0
BRDA:14,2,1,0
BRDA:15,3,0,0
BRDA:15,3,1,0
BRDA:16,4,0,0
BRDA:16,4,1,0
BRDA:17,5,0,0
BRDA:17,5,1,0
BRDA:46,6,0,0
BRDA:46,6,1,0
BRDA:59,7,0,0
BRDA:59,7,1,0
BRDA:71,8,0,0
BRDA:71,8,1,0
BRDA:105,9,0,0
BRDA:105,9,1,0
BRDA:149,10,0,0
BRDA:149,10,1,0
BRF:22
BRH:0
end_of_record
TN:
SF:src\components\Shop\WithdrawMoney.jsx
FN:12,(anonymous_0)
FN:15,(anonymous_1)
FN:27,(anonymous_2)
FN:31,(anonymous_3)
FN:53,(anonymous_4)
FN:65,(anonymous_5)
FN:70,(anonymous_6)
FN:75,(anonymous_7)
FN:81,(anonymous_8)
FN:85,(anonymous_9)
FN:96,(anonymous_10)
FN:112,(anonymous_11)
FN:127,(anonymous_12)
FN:146,(anonymous_13)
FN:162,(anonymous_14)
FN:184,(anonymous_15)
FN:205,(anonymous_16)
FN:225,(anonymous_17)
FN:247,(anonymous_18)
FN:289,(anonymous_19)
FN:301,(anonymous_20)
FN:320,(anonymous_21)
FNF:22
FNH:0
FNDA:0,(anonymous_0)
FNDA:0,(anonymous_1)
FNDA:0,(anonymous_2)
FNDA:0,(anonymous_3)
FNDA:0,(anonymous_4)
FNDA:0,(anonymous_5)
FNDA:0,(anonymous_6)
FNDA:0,(anonymous_7)
FNDA:0,(anonymous_8)
FNDA:0,(anonymous_9)
FNDA:0,(anonymous_10)
FNDA:0,(anonymous_11)
FNDA:0,(anonymous_12)
FNDA:0,(anonymous_13)
FNDA:0,(anonymous_14)
FNDA:0,(anonymous_15)
FNDA:0,(anonymous_16)
FNDA:0,(anonymous_17)
FNDA:0,(anonymous_18)
FNDA:0,(anonymous_19)
FNDA:0,(anonymous_20)
FNDA:0,(anonymous_21)
DA:12,0
DA:13,0
DA:14,0
DA:15,0
DA:16,0
DA:17,0
DA:18,0
DA:27,0
DA:28,0
DA:31,0
DA:32,0
DA:34,0
DA:43,0
DA:45,0
DA:54,0
DA:55,0
DA:56,0
DA:66,0
DA:70,0
DA:71,0
DA:76,0
DA:77,0
DA:81,0
DA:82,0
DA:85,0
DA:86,0
DA:87,0
DA:89,0
DA:90,0
DA:97,0
DA:102,0
DA:104,0
DA:112,0
DA:127,0
DA:147,0
DA:163,0
DA:185,0
DA:206,0
DA:226,0
DA:248,0
DA:289,0
DA:301,0
DA:320,0
LF:43
LH:0
BRDA:86,0,0,0
BRDA:86,0,1,0
BRDA:86,1,0,0
BRDA:86,1,1,0
BRDA:112,2,0,0
BRDA:112,2,1,0
BRDA:117,3,0,0
BRDA:117,3,1,0
BRDA:121,4,0,0
BRDA:121,4,1,0
BRDA:127,5,0,0
BRDA:127,5,1,0
BRDA:131,6,0,0
BRDA:131,6,1,0
BRDA:272,7,0,0
BRDA:272,7,1,0
BRDA:272,8,0,0
BRDA:272,8,1,0
BRF:18
BRH:0
end_of_record
TN:
SF:src\components\Shop\Layout\DashboardHeader.jsx
FN:9,(anonymous_0)
FN:10,(anonymous_1)
FNF:2
FNH:0
FNDA:0,(anonymous_0)
FNDA:0,(anonymous_1)
DA:9,0
DA:10,0
DA:12,0
LF:3
LH:0
BRF:0
BRH:0
end_of_record
TN:
SF:src\components\Shop\Layout\DashboardSideBar.jsx
FN:11,(anonymous_0)
FN:84,(anonymous_1)
FNF:2
FNH:0
FNDA:0,(anonymous_0)
FNDA:0,(anonymous_1)
DA:11,0
DA:12,0
DA:81,0
DA:85,0
LF:4
LH:0
BRDA:88,0,0,0
BRDA:88,0,1,0
BRDA:90,1,0,0
BRDA:90,1,1,0
BRDA:93,2,0,0
BRDA:93,2,1,0
BRF:6
BRH:0
end_of_record
TN:
SF:src\components\Signup\Signup.jsx
FN:17,(anonymous_0)
FN:25,(anonymous_1)
FN:50,(anonymous_2)
FN:126,(anonymous_3)
FN:142,(anonymous_4)
FN:157,(anonymous_5)
FN:163,(anonymous_6)
FN:165,(anonymous_7)
FN:184,(anonymous_8)
FNF:9
FNH:0
FNDA:0,(anonymous_0)
FNDA:0,(anonymous_1)
FNDA:0,(anonymous_2)
FNDA:0,(anonymous_3)
FNDA:0,(anonymous_4)
FNDA:0,(anonymous_5)
FNDA:0,(anonymous_6)
FNDA:0,(anonymous_7)
FNDA:0,(anonymous_8)
DA:17,0
DA:18,0
DA:19,0
DA:20,0
DA:21,0
DA:22,0
DA:23,0
DA:25,0
DA:26,0
DA:27,0
DA:28,0
DA:30,0
DA:31,0
DA:33,0
DA:34,0
DA:43,0
DA:45,0
DA:46,0
DA:50,0
DA:51,0
DA:52,0
DA:54,0
DA:57,0
DA:58,0
DA:59,0
DA:60,0
DA:61,0
DA:62,0
DA:65,0
DA:66,0
DA:67,0
DA:78,0
DA:79,0
DA:80,0
DA:81,0
DA:82,0
DA:84,0
DA:86,0
DA:88,0
DA:91,0
DA:126,0
DA:142,0
DA:157,0
DA:163,0
DA:165,0
DA:184,0
LF:46
LH:0
BRDA:57,0,0,0
BRDA:57,0,1,0
BRDA:59,1,0,0
BRDA:59,1,1,0
BRDA:84,2,0,0
BRDA:84,2,1,0
BRDA:155,3,0,0
BRDA:155,3,1,0
BRDA:162,4,0,0
BRDA:162,4,1,0
BRDA:176,5,0,0
BRDA:176,5,1,0
BRDA:196,6,0,0
BRDA:196,6,1,0
BRF:14
BRH:0
end_of_record
TN:
SF:src\components\Wishlist\Wishlist.jsx
FN:12,(anonymous_0)
FN:13,(anonymous_1)
FN:16,(anonymous_2)
FN:20,(anonymous_3)
FN:34,(anonymous_4)
FN:46,(anonymous_5)
FN:61,(anonymous_6)
FN:80,(anonymous_7)
FN:90,(anonymous_8)
FN:111,(anonymous_9)
FNF:10
FNH:0
FNDA:0,(anonymous_0)
FNDA:0,(anonymous_1)
FNDA:0,(anonymous_2)
FNDA:0,(anonymous_3)
FNDA:0,(anonymous_4)
FNDA:0,(anonymous_5)
FNDA:0,(anonymous_6)
FNDA:0,(anonymous_7)
FNDA:0,(anonymous_8)
FNDA:0,(anonymous_9)
DA:12,0
DA:13,0
DA:14,0
DA:16,0
DA:17,0
DA:20,0
DA:21,0
DA:22,0
DA:23,0
DA:26,0
DA:34,0
DA:46,0
DA:62,0
DA:80,0
DA:81,0
DA:82,0
DA:84,0
DA:90,0
DA:111,0
LF:19
LH:0
BRDA:29,0,0,0
BRDA:29,0,1,0
BRDA:29,1,0,0
BRDA:29,1,1,0
BRDA:53,2,0,0
BRDA:53,2,1,0
BRDA:60,3,0,0
BRDA:60,3,1,0
BRF:8
BRH:0
end_of_record
TN:
SF:src\components\cart\Cart.jsx
FN:12,(anonymous_0)
FN:13,(anonymous_1)
FN:17,(anonymous_2)
FN:23,(anonymous_3)
FN:27,(anonymous_4)
FN:40,(anonymous_5)
FN:52,(anonymous_6)
FN:67,(anonymous_7)
FN:99,(anonymous_8)
FN:103,(anonymous_9)
FN:118,(anonymous_10)
FN:131,(anonymous_11)
FN:138,(anonymous_12)
FN:163,(anonymous_13)
FNF:14
FNH:0
FNDA:0,(anonymous_0)
FNDA:0,(anonymous_1)
FNDA:0,(anonymous_2)
FNDA:0,(anonymous_3)
FNDA:0,(anonymous_4)
FNDA:0,(anonymous_5)
FNDA:0,(anonymous_6)
FNDA:0,(anonymous_7)
FNDA:0,(anonymous_8)
FNDA:0,(anonymous_9)
FNDA:0,(anonymous_10)
FNDA:0,(anonymous_11)
FNDA:0,(anonymous_12)
FNDA:0,(anonymous_13)
DA:12,0
DA:13,0
DA:14,0
DA:17,0
DA:18,0
DA:22,0
DA:23,0
DA:27,0
DA:28,0
DA:31,0
DA:40,0
DA:52,0
DA:68,0
DA:99,0
DA:100,0
DA:101,0
DA:103,0
DA:104,0
DA:105,0
DA:107,0
DA:112,0
DA:113,0
DA:118,0
DA:119,0
DA:120,0
DA:121,0
DA:124,0
DA:131,0
DA:138,0
DA:163,0
LF:30
LH:0
BRDA:34,0,0,0
BRDA:34,0,1,0
BRDA:34,1,0,0
BRDA:34,1,1,0
BRDA:59,2,0,0
BRDA:59,2,1,0
BRDA:66,3,0,0
BRDA:66,3,1,0
BRDA:104,4,0,0
BRDA:104,4,1,0
BRDA:119,5,0,0
BRDA:119,5,1,0
BRDA:120,6,0,0
BRDA:120,6,1,0
BRF:14
BRH:0
end_of_record
TN:
SF:src\hooks\usePayment.jsx
FN:7,(anonymous_0)
FN:9,(anonymous_1)
FN:12,(anonymous_2)
FN:37,(anonymous_3)
FN:57,(anonymous_4)
FN:62,(anonymous_5)
FNF:6
FNH:0
FNDA:0,(anonymous_0)
FNDA:0,(anonymous_1)
FNDA:0,(anonymous_2)
FNDA:0,(anonymous_3)
FNDA:0,(anonymous_4)
FNDA:0,(anonymous_5)
DA:7,0
DA:8,0
DA:9,0
DA:10,0
DA:11,0
DA:12,0
DA:13,0
DA:14,0
DA:15,0
DA:21,0
DA:22,0
DA:23,0
DA:38,0
DA:43,0
DA:49,0
DA:55,0
DA:58,0
DA:59,0
DA:60,0
DA:61,0
DA:63,0
DA:64,0
DA:69,0
DA:70,0
DA:71,0
DA:76,0
DA:77,0
DA:82,0
LF:28
LH:0
BRDA:22,0,0,0
BRDA:22,0,1,0
BRDA:46,1,0,0
BRDA:46,1,1,0
BRDA:69,2,0,0
BRDA:69,2,1,0
BRF:6
BRH:0
end_of_record
TN:
SF:src\pages\ActivationPage.jsx
FN:8,(anonymous_0)
FN:12,(anonymous_1)
FN:14,(anonymous_2)
FNF:3
FNH:0
FNDA:0,(anonymous_0)
FNDA:0,(anonymous_1)
FNDA:0,(anonymous_2)
DA:8,0
DA:9,0
DA:10,0
DA:12,0
DA:13,0
DA:14,0
DA:15,0
DA:16,0
DA:20,0
DA:22,0
DA:23,0
DA:26,0
DA:31,0
LF:13
LH:0
BRDA:13,0,0,0
BRDA:13,0,1,0
BRDA:41,1,0,0
BRDA:41,1,1,0
BRF:4
BRH:0
end_of_record
TN:
SF:src\pages\AdminDashboardEvents.jsx
FN:6,(anonymous_0)
FNF:1
FNH:0
FNDA:0,(anonymous_0)
DA:6,0
DA:7,0
LF:2
LH:0
BRF:0
BRH:0
end_of_record
TN:
SF:src\pages\AdminDashboardOrders.jsx
FN:8,(anonymous_0)
FN:12,(anonymous_1)
FN:15,(anonymous_2)
FN:26,(anonymous_3)
FN:57,(anonymous_4)
FN:62,(anonymous_5)
FN:65,(anonymous_6)
FNF:7
FNH:0
FNDA:0,(anonymous_0)
FNDA:0,(anonymous_1)
FNDA:0,(anonymous_2)
FNDA:0,(anonymous_3)
FNDA:0,(anonymous_4)
FNDA:0,(anonymous_5)
FNDA:0,(anonymous_6)
DA:8,0
DA:9,0
DA:11,0
DA:12,0
DA:15,0
DA:16,0
DA:19,0
DA:27,0
DA:56,0
DA:57,0
DA:60,0
DA:61,0
DA:63,0
DA:65,0
DA:72,0
LF:15
LH:0
BRDA:27,0,0,0
BRDA:27,0,1,0
BRDA:56,1,0,0
BRDA:56,1,1,0
BRDA:61,2,0,0
BRDA:61,2,1,0
BRF:6
BRH:0
end_of_record
TN:
SF:src\pages\AdminDashboardPage.jsx
FN:6,(anonymous_0)
FNF:1
FNH:0
FNDA:0,(anonymous_0)
DA:6,0
DA:7,0
LF:2
LH:0
BRF:0
BRH:0
end_of_record
TN:
SF:src\pages\AdminDashboardProducts.jsx
FN:8,(anonymous_0)
FN:9,(anonymous_1)
FN:12,(anonymous_2)
FNF:3
FNH:0
FNDA:0,(anonymous_0)
FNDA:0,(anonymous_1)
FNDA:0,(anonymous_2)
DA:8,0
DA:9,0
DA:12,0
DA:13,0
DA:14,0
DA:19,0
LF:6
LH:0
BRDA:13,0,0,0
BRDA:13,0,1,0
BRDA:13,1,0,0
BRDA:13,1,1,0
BRF:4
BRH:0
end_of_record
TN:
SF:src\pages\AdminDashboardSellers.jsx
FN:6,(anonymous_0)
FNF:1
FNH:0
FNDA:0,(anonymous_0)
DA:6,0
DA:7,0
LF:2
LH:0
BRF:0
BRH:0
end_of_record
TN:
SF:src\pages\AdminDashboardUsers.jsx
FN:6,(anonymous_0)
FNF:1
FNH:0
FNDA:0,(anonymous_0)
DA:6,0
DA:7,0
LF:2
LH:0
BRF:0
BRH:0
end_of_record
TN:
SF:src\pages\AdminDashboardWithdraw.jsx
FN:6,(anonymous_0)
FNF:1
FNH:0
FNDA:0,(anonymous_0)
DA:6,0
DA:7,0
LF:2
LH:0
BRF:0
BRH:0
end_of_record
TN:
SF:src\pages\BestSellingPage.jsx
FN:8,(anonymous_0)
FN:10,(anonymous_1)
FN:12,(anonymous_2)
FN:15,(anonymous_3)
FN:34,(anonymous_4)
FNF:5
FNH:0
FNDA:0,(anonymous_0)
FNDA:0,(anonymous_1)
FNDA:0,(anonymous_2)
FNDA:0,(anonymous_3)
FNDA:0,(anonymous_4)
DA:8,0
DA:9,0
DA:10,0
DA:12,0
DA:13,0
DA:14,0
DA:15,0
DA:17,0
DA:18,0
DA:22,0
DA:34,0
LF:11
LH:0
BRDA:13,0,0,0
BRDA:13,0,1,0
BRDA:24,1,0,0
BRDA:24,1,1,0
BRDA:33,2,0,0
BRDA:33,2,1,0
BRF:6
BRH:0
end_of_record
TN:
SF:src\pages\CheckoutPage.jsx
FN:7,(anonymous_0)
FNF:1
FNH:0
FNDA:0,(anonymous_0)
DA:7,0
DA:8,0
LF:2
LH:0
BRF:0
BRH:0
end_of_record
TN:
SF:src\pages\EventsPage.jsx
FN:7,(anonymous_0)
FN:8,(anonymous_1)
FN:17,(anonymous_2)
FNF:3
FNH:0
FNDA:0,(anonymous_0)
FNDA:0,(anonymous_1)
FNDA:0,(anonymous_2)
DA:7,0
DA:8,0
DA:9,0
DA:18,0
LF:4
LH:0
BRDA:11,0,0,0
BRDA:11,0,1,0
BRDA:16,1,0,0
BRDA:16,1,1,0
BRF:4
BRH:0
end_of_record
TN:
SF:src\pages\FAQPage.jsx
FN:6,(anonymous_0)
FN:16,(anonymous_1)
FN:19,(anonymous_2)
FN:36,(anonymous_3)
FN:86,(anonymous_4)
FN:135,(anonymous_5)
FN:184,(anonymous_6)
FN:234,(anonymous_7)
FN:281,(anonymous_8)
FNF:9
FNH:0
FNDA:0,(anonymous_0)
FNDA:0,(anonymous_1)
FNDA:0,(anonymous_2)
FNDA:0,(anonymous_3)
FNDA:0,(anonymous_4)
FNDA:0,(anonymous_5)
FNDA:0,(anonymous_6)
FNDA:0,(anonymous_7)
FNDA:0,(anonymous_8)
DA:6,0
DA:7,0
DA:16,0
DA:17,0
DA:19,0
DA:20,0
DA:21,0
DA:23,0
DA:27,0
DA:36,0
DA:86,0
DA:135,0
DA:184,0
DA:234,0
DA:281,0
LF:15
LH:0
BRDA:20,0,0,0
BRDA:20,0,1,0
BRDA:41,1,0,0
BRDA:41,1,1,0
BRDA:71,2,0,0
BRDA:71,2,1,0
BRDA:91,3,0,0
BRDA:91,3,1,0
BRDA:121,4,0,0
BRDA:121,4,1,0
BRDA:140,5,0,0
BRDA:140,5,1,0
BRDA:170,6,0,0
BRDA:170,6,1,0
BRDA:189,7,0,0
BRDA:189,7,1,0
BRDA:219,8,0,0
BRDA:219,8,1,0
BRDA:239,9,0,0
BRDA:239,9,1,0
BRDA:269,10,0,0
BRDA:269,10,1,0
BRDA:286,11,0,0
BRDA:286,11,1,0
BRDA:316,12,0,0
BRDA:316,12,1,0
BRF:26
BRH:0
end_of_record
TN:
SF:src\pages\ForgotPasswordPage.jsx
FN:10,(anonymous_0)
FN:14,(anonymous_1)
FN:22,(anonymous_2)
FN:66,(anonymous_3)
FNF:4
FNH:0
FNDA:0,(anonymous_0)
FNDA:0,(anonymous_1)
FNDA:0,(anonymous_2)
FNDA:0,(anonymous_3)
DA:10,0
DA:11,0
DA:12,0
DA:14,0
DA:15,0
DA:16,0
DA:18,0
DA:19,0
DA:20,0
DA:22,0
DA:24,0
DA:25,0
DA:29,0
DA:66,0
LF:14
LH:0
BRDA:24,0,0,0
BRDA:24,0,1,0
BRDA:77,1,0,0
BRDA:77,1,1,0
BRDA:80,2,0,0
BRDA:80,2,1,0
BRF:6
BRH:0
end_of_record
TN:
SF:src\pages\HomePage.jsx
FN:11,(anonymous_0)
FNF:1
FNH:0
FNDA:0,(anonymous_0)
DA:11,0
DA:12,0
LF:2
LH:0
BRF:0
BRH:0
end_of_record
TN:
SF:src\pages\LoginPage.jsx
FN:8,(anonymous_0)
FN:10,(anonymous_1)
FN:13,(anonymous_2)
FNF:3
FNH:0
FNDA:0,(anonymous_0)
FNDA:0,(anonymous_1)
FNDA:0,(anonymous_2)
DA:8,0
DA:9,0
DA:10,0
DA:13,0
DA:14,0
DA:15,0
DA:19,0
LF:7
LH:0
BRDA:14,0,0,0
BRDA:14,0,1,0
BRF:2
BRH:0
end_of_record
TN:
SF:src\pages\OrderDetailsPage.jsx
FN:6,(anonymous_0)
FNF:1
FNH:0
FNDA:0,(anonymous_0)
DA:6,0
DA:7,0
LF:2
LH:0
BRF:0
BRH:0
end_of_record
TN:
SF:src\pages\OrderSuccessPage.jsx
FN:7,(anonymous_0)
FN:17,(anonymous_1)
FNF:2
FNH:0
FNDA:0,(anonymous_0)
FNDA:0,(anonymous_1)
DA:7,0
DA:8,0
DA:17,0
DA:18,0
DA:26,0
LF:5
LH:0
BRF:0
BRH:0
end_of_record
TN:
SF:src\pages\PaymentPage.jsx
FN:7,(anonymous_0)
FNF:1
FNH:0
FNDA:0,(anonymous_0)
DA:7,0
DA:8,0
LF:2
LH:0
BRF:0
BRH:0
end_of_record
TN:
SF:src\pages\ProductDetailsPage.jsx
FN:11,(anonymous_0)
FN:12,(anonymous_1)
FN:13,(anonymous_2)
FN:24,(anonymous_3)
FN:26,(anonymous_4)
FN:29,(anonymous_5)
FNF:6
FNH:0
FNDA:0,(anonymous_0)
FNDA:0,(anonymous_1)
FNDA:0,(anonymous_2)
FNDA:0,(anonymous_3)
FNDA:0,(anonymous_4)
FNDA:0,(anonymous_5)
DA:11,0
DA:12,0
DA:13,0
DA:14,0
DA:15,0
DA:16,0
DA:17,0
DA:24,0
DA:25,0
DA:26,0
DA:27,0
DA:29,0
DA:30,0
DA:36,0
DA:41,0
LF:15
LH:0
BRDA:25,0,0,0
BRDA:25,0,1,0
BRDA:26,1,0,0
BRDA:26,1,1,0
BRDA:29,2,0,0
BRDA:29,2,1,0
BRDA:46,3,0,0
BRDA:46,3,1,0
BRDA:48,4,0,0
BRDA:48,4,1,0
BRF:10
BRH:0
end_of_record
TN:
SF:src\pages\ProductsPage.jsx
FN:10,(anonymous_0)
FN:13,(anonymous_1)
FN:16,(anonymous_2)
FN:22,(anonymous_3)
FN:40,(anonymous_4)
FNF:5
FNH:0
FNDA:0,(anonymous_0)
FNDA:0,(anonymous_1)
FNDA:0,(anonymous_2)
FNDA:0,(anonymous_3)
FNDA:0,(anonymous_4)
DA:10,0
DA:11,0
DA:12,0
DA:13,0
DA:14,0
DA:16,0
DA:17,0
DA:18,0
DA:19,0
DA:22,0
DA:23,0
DA:28,0
DA:40,0
LF:13
LH:0
BRDA:17,0,0,0
BRDA:17,0,1,0
BRDA:22,1,0,0
BRDA:22,1,1,0
BRDA:30,2,0,0
BRDA:30,2,1,0
BRDA:39,3,0,0
BRDA:39,3,1,0
BRDA:42,4,0,0
BRDA:42,4,1,0
BRDA:42,5,0,0
BRDA:42,5,1,0
BRF:12
BRH:0
end_of_record
TN:
SF:src\pages\ProfilePage.jsx
FN:8,(anonymous_0)
FNF:1
FNH:0
FNDA:0,(anonymous_0)
DA:8,0
DA:9,0
DA:10,0
LF:3
LH:0
BRF:0
BRH:0
end_of_record
TN:
SF:src\pages\ResetPassword.jsx
FN:6,(anonymous_0)
FN:19,(anonymous_1)
FN:39,(anonymous_2)
FN:76,(anonymous_3)
FN:81,(anonymous_4)
FN:97,(anonymous_5)
FN:102,(anonymous_6)
FNF:7
FNH:0
FNDA:0,(anonymous_0)
FNDA:0,(anonymous_1)
FNDA:0,(anonymous_2)
FNDA:0,(anonymous_3)
FNDA:0,(anonymous_4)
FNDA:0,(anonymous_5)
FNDA:0,(anonymous_6)
DA:6,0
DA:7,0
DA:8,0
DA:10,0
DA:11,0
DA:12,0
DA:13,0
DA:14,0
DA:15,0
DA:16,0
DA:19,0
DA:20,0
DA:21,0
DA:22,0
DA:24,0
DA:25,0
DA:26,0
DA:29,0
DA:30,0
DA:32,0
DA:38,0
DA:39,0
DA:41,0
DA:43,0
DA:47,0
DA:76,0
DA:81,0
DA:97,0
DA:102,0
LF:29
LH:0
BRDA:24,0,0,0
BRDA:24,0,1,0
BRDA:41,1,0,0
BRDA:41,1,1,0
BRDA:62,2,0,0
BRDA:62,2,1,0
BRDA:63,3,0,0
BRDA:63,3,1,0
BRDA:72,4,0,0
BRDA:72,4,1,0
BRDA:83,5,0,0
BRDA:83,5,1,0
BRDA:93,6,0,0
BRDA:93,6,1,0
BRDA:104,7,0,0
BRDA:104,7,1,0
BRDA:113,8,0,0
BRDA:113,8,1,0
BRF:18
BRH:0
end_of_record
TN:
SF:src\pages\SellerActivationPage.jsx
FN:7,(anonymous_0)
FN:11,(anonymous_1)
FN:13,(anonymous_2)
FNF:3
FNH:0
FNDA:0,(anonymous_0)
FNDA:0,(anonymous_1)
FNDA:0,(anonymous_2)
DA:7,0
DA:8,0
DA:9,0
DA:11,0
DA:12,0
DA:13,0
DA:14,0
DA:15,0
DA:19,0
DA:21,0
DA:22,0
DA:25,0
DA:30,0
LF:13
LH:0
BRDA:12,0,0,0
BRDA:12,0,1,0
BRDA:40,1,0,0
BRDA:40,1,1,0
BRF:4
BRH:0
end_of_record
TN:
SF:src\pages\ShopCreate.jsx
FN:8,(anonymous_0)
FN:10,(anonymous_1)
FN:13,(anonymous_2)
FNF:3
FNH:0
FNDA:0,(anonymous_0)
FNDA:0,(anonymous_1)
FNDA:0,(anonymous_2)
DA:8,0
DA:9,0
DA:10,0
DA:13,0
DA:14,0
DA:15,0
DA:19,0
LF:7
LH:0
BRDA:14,0,0,0
BRDA:14,0,1,0
BRF:2
BRH:0
end_of_record
TN:
SF:src\pages\ShopLoginPage.jsx
FN:8,(anonymous_0)
FN:10,(anonymous_1)
FN:13,(anonymous_2)
FNF:3
FNH:0
FNDA:0,(anonymous_0)
FNDA:0,(anonymous_1)
FNDA:0,(anonymous_2)
DA:8,0
DA:9,0
DA:10,0
DA:13,0
DA:14,0
DA:15,0
DA:19,0
LF:7
LH:0
BRDA:14,0,0,0
BRDA:14,0,1,0
BRF:2
BRH:0
end_of_record
TN:
SF:src\pages\SignupPage.jsx
FN:8,(anonymous_0)
FN:10,(anonymous_1)
FN:13,(anonymous_2)
FNF:3
FNH:0
FNDA:0,(anonymous_0)
FNDA:0,(anonymous_1)
FNDA:0,(anonymous_2)
DA:8,0
DA:9,0
DA:10,0
DA:13,0
DA:14,0
DA:15,0
DA:19,0
LF:7
LH:0
BRDA:14,0,0,0
BRDA:14,0,1,0
BRF:2
BRH:0
end_of_record
TN:
SF:src\pages\TrackOrderPage.jsx
FN:6,(anonymous_0)
FNF:1
FNH:0
FNDA:0,(anonymous_0)
DA:6,0
DA:7,0
LF:2
LH:0
BRF:0
BRH:0
end_of_record
TN:
SF:src\pages\UserInbox.jsx
FN:15,(anonymous_0)
FN:16,(anonymous_1)
FN:29,(anonymous_2)
FN:30,(anonymous_3)
FN:39,(anonymous_4)
FN:42,(anonymous_5)
FN:45,(anonymous_6)
FN:46,(anonymous_7)
FN:63,(anonymous_8)
FN:67,(anonymous_9)
FN:73,(anonymous_10)
FN:74,(anonymous_11)
FN:75,(anonymous_12)
FN:81,(anonymous_13)
FN:82,(anonymous_14)
FN:96,(anonymous_15)
FN:105,(anonymous_16)
FN:118,(anonymous_17)
FN:122,(anonymous_18)
FN:131,(anonymous_19)
FN:142,(anonymous_20)
FN:145,(anonymous_21)
FN:150,(anonymous_22)
FN:156,(anonymous_23)
FN:165,(anonymous_24)
FN:181,(anonymous_25)
FN:191,(anonymous_26)
FN:201,(anonymous_27)
FN:215,(anonymous_28)
FN:250,(anonymous_29)
FN:264,(anonymous_30)
FN:269,(anonymous_31)
FN:271,(anonymous_32)
FN:272,(anonymous_33)
FN:289,(anonymous_34)
FN:322,(anonymous_35)
FN:353,(anonymous_36)
FN:360,(anonymous_37)
FN:423,(anonymous_38)
FNF:39
FNH:0
FNDA:0,(anonymous_0)
FNDA:0,(anonymous_1)
FNDA:0,(anonymous_2)
FNDA:0,(anonymous_3)
FNDA:0,(anonymous_4)
FNDA:0,(anonymous_5)
FNDA:0,(anonymous_6)
FNDA:0,(anonymous_7)
FNDA:0,(anonymous_8)
FNDA:0,(anonymous_9)
FNDA:0,(anonymous_10)
FNDA:0,(anonymous_11)
FNDA:0,(anonymous_12)
FNDA:0,(anonymous_13)
FNDA:0,(anonymous_14)
FNDA:0,(anonymous_15)
FNDA:0,(anonymous_16)
FNDA:0,(anonymous_17)
FNDA:0,(anonymous_18)
FNDA:0,(anonymous_19)
FNDA:0,(anonymous_20)
FNDA:0,(anonymous_21)
FNDA:0,(anonymous_22)
FNDA:0,(anonymous_23)
FNDA:0,(anonymous_24)
FNDA:0,(anonymous_25)
FNDA:0,(anonymous_26)
FNDA:0,(anonymous_27)
FNDA:0,(anonymous_28)
FNDA:0,(anonymous_29)
FNDA:0,(anonymous_30)
FNDA:0,(anonymous_31)
FNDA:0,(anonymous_32)
FNDA:0,(anonymous_33)
FNDA:0,(anonymous_34)
FNDA:0,(anonymous_35)
FNDA:0,(anonymous_36)
FNDA:0,(anonymous_37)
FNDA:0,(anonymous_38)
DA:12,0
DA:13,0
DA:15,0
DA:16,0
DA:17,0
DA:18,0
DA:19,0
DA:20,0
DA:21,0
DA:22,0
DA:23,0
DA:24,0
DA:25,0
DA:26,0
DA:27,0
DA:29,0
DA:30,0
DA:31,0
DA:39,0
DA:40,0
DA:42,0
DA:45,0
DA:46,0
DA:47,0
DA:48,0
DA:54,0
DA:55,0
DA:60,0
DA:63,0
DA:64,0
DA:65,0
DA:66,0
DA:67,0
DA:68,0
DA:73,0
DA:74,0
DA:75,0
DA:77,0
DA:81,0
DA:82,0
DA:83,0
DA:84,0
DA:87,0
DA:89,0
DA:92,0
DA:96,0
DA:97,0
DA:99,0
DA:104,0
DA:105,0
DA:108,0
DA:114,0
DA:115,0
DA:116,0
DA:119,0
DA:120,0
DA:123,0
DA:127,0
DA:131,0
DA:132,0
DA:137,0
DA:143,0
DA:146,0
DA:150,0
DA:151,0
DA:152,0
DA:153,0
DA:156,0
DA:157,0
DA:159,0
DA:160,0
DA:161,0
DA:162,0
DA:164,0
DA:165,0
DA:168,0
DA:174,0
DA:175,0
DA:182,0
DA:183,0
DA:184,0
DA:187,0
DA:191,0
DA:192,0
DA:201,0
DA:202,0
DA:205,0
DA:216,0
DA:250,0
DA:261,0
DA:262,0
DA:263,0
DA:264,0
DA:265,0
DA:266,0
DA:269,0
DA:270,0
DA:271,0
DA:272,0
DA:273,0
DA:274,0
DA:275,0
DA:276,0
DA:278,0
DA:281,0
DA:284,0
DA:290,0
DA:322,0
DA:334,0
DA:335,0
DA:353,0
DA:361,0
DA:423,0
LF:113
LH:0
BRDA:40,0,0,0
BRDA:40,0,1,0
BRDA:40,0,2,0
BRDA:64,1,0,0
BRDA:64,1,1,0
BRDA:77,2,0,0
BRDA:77,2,1,0
BRDA:115,3,0,0
BRDA:115,3,1,0
BRDA:207,4,0,0
BRDA:207,4,1,0
BRDA:214,5,0,0
BRDA:214,5,1,0
BRDA:232,6,0,0
BRDA:232,6,1,0
BRDA:287,7,0,0
BRDA:287,7,1,0
BRDA:290,8,0,0
BRDA:290,8,1,0
BRDA:290,8,2,0
BRDA:290,8,3,0
BRDA:290,8,4,0
BRDA:303,9,0,0
BRDA:303,9,1,0
BRDA:312,10,0,0
BRDA:312,10,1,0
BRDA:347,11,0,0
BRDA:347,11,1,0
BRDA:359,12,0,0
BRDA:359,12,1,0
BRDA:363,13,0,0
BRDA:363,13,1,0
BRDA:367,14,0,0
BRDA:367,14,1,0
BRDA:374,15,0,0
BRDA:374,15,1,0
BRDA:380,16,0,0
BRDA:380,16,1,0
BRDA:384,17,0,0
BRDA:384,17,1,0
BRF:40
BRH:0
end_of_record
TN:
SF:src\pages\Shop\ShopAllCoupouns.jsx
FN:6,(anonymous_0)
FNF:1
FNH:0
FNDA:0,(anonymous_0)
DA:6,0
DA:7,0
LF:2
LH:0
BRF:0
BRH:0
end_of_record
TN:
SF:src\pages\Shop\ShopAllEvents.jsx
FN:6,(anonymous_0)
FNF:1
FNH:0
FNDA:0,(anonymous_0)
DA:6,0
DA:7,0
LF:2
LH:0
BRF:0
BRH:0
end_of_record
TN:
SF:src\pages\Shop\ShopAllOrders.jsx
FN:6,(anonymous_0)
FNF:1
FNH:0
FNDA:0,(anonymous_0)
DA:6,0
DA:7,0
LF:2
LH:0
BRF:0
BRH:0
end_of_record
TN:
SF:src\pages\Shop\ShopAllProducts.jsx
FN:9,(anonymous_0)
FN:11,(anonymous_1)
FN:14,(anonymous_2)
FNF:3
FNH:0
FNDA:0,(anonymous_0)
FNDA:0,(anonymous_1)
FNDA:0,(anonymous_2)
DA:9,0
DA:10,0
DA:11,0
DA:12,0
DA:14,0
DA:15,0
DA:18,0
LF:7
LH:0
BRDA:27,0,0,0
BRDA:27,0,1,0
BRDA:27,1,0,0
BRDA:27,1,1,0
BRF:4
BRH:0
end_of_record
TN:
SF:src\pages\Shop\ShopAllRefunds.jsx
FN:6,(anonymous_0)
FNF:1
FNH:0
FNDA:0,(anonymous_0)
DA:6,0
DA:7,0
LF:2
LH:0
BRF:0
BRH:0
end_of_record
TN:
SF:src\pages\Shop\ShopCreateEvents.jsx
FN:6,(anonymous_0)
FNF:1
FNH:0
FNDA:0,(anonymous_0)
DA:6,0
DA:7,0
LF:2
LH:0
BRF:0
BRH:0
end_of_record
TN:
SF:src\pages\Shop\ShopCreateProduct.jsx
FN:6,(anonymous_0)
FNF:1
FNH:0
FNDA:0,(anonymous_0)
DA:6,0
DA:7,0
LF:2
LH:0
BRF:0
BRH:0
end_of_record
TN:
SF:src\pages\Shop\ShopDashboardPage.jsx
FN:8,(anonymous_0)
FNF:1
FNH:0
FNDA:0,(anonymous_0)
DA:8,0
DA:9,0
LF:2
LH:0
BRF:0
BRH:0
end_of_record
TN:
SF:src\pages\Shop\ShopHomePage.jsx
FN:6,(anonymous_0)
FNF:1
FNH:0
FNDA:0,(anonymous_0)
DA:6,0
DA:7,0
LF:2
LH:0
BRF:0
BRH:0
end_of_record
TN:
SF:src\pages\Shop\ShopInboxPage.jsx
FN:6,(anonymous_0)
FNF:1
FNH:0
FNDA:0,(anonymous_0)
DA:6,0
DA:7,0
LF:2
LH:0
BRF:0
BRH:0
end_of_record
TN:
SF:src\pages\Shop\ShopOrderDetails.jsx
FN:6,(anonymous_0)
FNF:1
FNH:0
FNDA:0,(anonymous_0)
DA:6,0
DA:7,0
LF:2
LH:0
BRF:0
BRH:0
end_of_record
TN:
SF:src\pages\Shop\ShopPreviewPage.jsx
FN:6,(anonymous_0)
FNF:1
FNH:0
FNDA:0,(anonymous_0)
DA:6,0
DA:7,0
LF:2
LH:0
BRF:0
BRH:0
end_of_record
TN:
SF:src\pages\Shop\ShopSettingsPage.jsx
FN:6,(anonymous_0)
FNF:1
FNH:0
FNDA:0,(anonymous_0)
DA:6,0
DA:7,0
LF:2
LH:0
BRF:0
BRH:0
end_of_record
TN:
SF:src\pages\Shop\ShopWithDrawMoneyPage.jsx
FN:6,(anonymous_0)
FNF:1
FNH:0
FNDA:0,(anonymous_0)
DA:6,0
DA:7,0
LF:2
LH:0
BRF:0
BRH:0
end_of_record
TN:
SF:src\redux\store.js
FNF:0
FNH:0
DA:10,0
LF:1
LH:0
BRF:0
BRH:0
end_of_record
TN:
SF:src\redux\actions\cart.js
FN:3,(anonymous_0)
FN:3,(anonymous_1)
FN:16,(anonymous_2)
FN:16,(anonymous_3)
FN:26,(anonymous_4)
FN:26,(anonymous_5)
FNF:6
FNH:0
FNDA:0,(anonymous_0)
FNDA:0,(anonymous_1)
FNDA:0,(anonymous_2)
FNDA:0,(anonymous_3)
FNDA:0,(anonymous_4)
FNDA:0,(anonymous_5)
DA:3,0
DA:4,0
DA:11,0
DA:12,0
DA:16,0
DA:17,0
DA:21,0
DA:22,0
DA:26,0
DA:27,0
DA:28,0
LF:11
LH:0
BRF:0
BRH:0
end_of_record
TN:
SF:src\redux\actions\event.js
FN:5,(anonymous_0)
FN:5,(anonymous_1)
FN:31,(anonymous_2)
FN:31,(anonymous_3)
FN:51,(anonymous_4)
FN:51,(anonymous_5)
FN:77,(anonymous_6)
FN:77,(anonymous_7)
FNF:8
FNH:0
FNDA:0,(anonymous_0)
FNDA:0,(anonymous_1)
FNDA:0,(anonymous_2)
FNDA:0,(anonymous_3)
FNDA:0,(anonymous_4)
FNDA:0,(anonymous_5)
FNDA:0,(anonymous_6)
FNDA:0,(anonymous_7)
DA:5,0
DA:6,0
DA:7,0
DA:11,0
DA:13,0
DA:18,0
DA:23,0
DA:31,0
DA:32,0
DA:33,0
DA:37,0
DA:38,0
DA:43,0
DA:51,0
DA:52,0
DA:53,0
DA:57,0
DA:64,0
DA:69,0
DA:77,0
DA:78,0
DA:79,0
DA:83,0
DA:84,0
DA:89,0
LF:25
LH:0
BRF:0
BRH:0
end_of_record
TN:
SF:src\redux\actions\order.js
FN:5,(anonymous_0)
FN:5,(anonymous_1)
FN:28,(anonymous_2)
FN:28,(anonymous_3)
FN:51,(anonymous_4)
FN:51,(anonymous_5)
FNF:6
FNH:0
FNDA:0,(anonymous_0)
FNDA:0,(anonymous_1)
FNDA:0,(anonymous_2)
FNDA:0,(anonymous_3)
FNDA:0,(anonymous_4)
FNDA:0,(anonymous_5)
DA:5,0
DA:6,0
DA:7,0
DA:11,0
DA:15,0
DA:20,0
DA:28,0
DA:29,0
DA:30,0
DA:34,0
DA:38,0
DA:43,0
DA:51,0
DA:52,0
DA:53,0
DA:57,0
DA:61,0
DA:66,0
LF:18
LH:0
BRF:0
BRH:0
end_of_record
TN:
SF:src\redux\actions\product.js
FN:5,(anonymous_0)
FN:5,(anonymous_1)
FN:31,(anonymous_2)
FN:31,(anonymous_3)
FN:53,(anonymous_4)
FN:53,(anonymous_5)
FN:79,(anonymous_6)
FN:79,(anonymous_7)
FNF:8
FNH:0
FNDA:0,(anonymous_0)
FNDA:0,(anonymous_1)
FNDA:0,(anonymous_2)
FNDA:0,(anonymous_3)
FNDA:0,(anonymous_4)
FNDA:0,(anonymous_5)
FNDA:0,(anonymous_6)
FNDA:0,(anonymous_7)
DA:5,0
DA:6,0
DA:7,0
DA:11,0
DA:13,0
DA:18,0
DA:23,0
DA:31,0
DA:32,0
DA:33,0
DA:37,0
DA:40,0
DA:45,0
DA:53,0
DA:54,0
DA:55,0
DA:58,0
DA:59,0
DA:66,0
DA:71,0
DA:79,0
DA:80,0
DA:81,0
DA:85,0
DA:86,0
DA:91,0
LF:26
LH:0
BRF:0
BRH:0
end_of_record
TN:
SF:src\redux\actions\sellers.js
FN:5,(anonymous_0)
FN:5,(anonymous_1)
FNF:2
FNH:0
FNDA:0,(anonymous_0)
FNDA:0,(anonymous_1)
DA:5,0
DA:6,0
DA:7,0
DA:11,0
DA:15,0
DA:20,0
LF:6
LH:0
BRF:0
BRH:0
end_of_record
TN:
SF:src\redux\actions\user.js
FN:5,(anonymous_0)
FN:5,(anonymous_1)
FN:26,(anonymous_2)
FN:26,(anonymous_3)
FN:48,(anonymous_4)
FN:48,(anonymous_5)
FN:80,(anonymous_6)
FN:81,(anonymous_7)
FN:116,(anonymous_8)
FN:116,(anonymous_9)
FN:143,(anonymous_10)
FN:143,(anonymous_11)
FNF:12
FNH:0
FNDA:0,(anonymous_0)
FNDA:0,(anonymous_1)
FNDA:0,(anonymous_2)
FNDA:0,(anonymous_3)
FNDA:0,(anonymous_4)
FNDA:0,(anonymous_5)
FNDA:0,(anonymous_6)
FNDA:0,(anonymous_7)
FNDA:0,(anonymous_8)
FNDA:0,(anonymous_9)
FNDA:0,(anonymous_10)
FNDA:0,(anonymous_11)
DA:5,0
DA:6,0
DA:7,0
DA:10,0
DA:13,0
DA:18,0
DA:26,0
DA:27,0
DA:28,0
DA:31,0
DA:34,0
DA:39,0
DA:48,0
DA:49,0
DA:50,0
DA:54,0
DA:66,0
DA:71,0
DA:80,0
DA:81,0
DA:82,0
DA:83,0
DA:87,0
DA:100,0
DA:108,0
DA:116,0
DA:117,0
DA:118,0
DA:122,0
DA:127,0
DA:135,0
DA:143,0
DA:144,0
DA:145,0
DA:149,0
DA:153,0
DA:158,0
LF:37
LH:0
BRF:0
BRH:0
end_of_record
TN:
SF:src\redux\actions\wishlist.js
FN:2,(anonymous_0)
FN:2,(anonymous_1)
FN:16,(anonymous_2)
FN:16,(anonymous_3)
FNF:4
FNH:0
FNDA:0,(anonymous_0)
FNDA:0,(anonymous_1)
FNDA:0,(anonymous_2)
FNDA:0,(anonymous_3)
DA:2,0
DA:3,0
DA:8,0
DA:12,0
DA:16,0
DA:17,0
DA:21,0
DA:25,0
LF:8
LH:0
BRF:0
BRH:0
end_of_record
TN:
SF:src\redux\reducers\cart.js
FN:10,(anonymous_0)
FN:14,(anonymous_1)
FN:20,(anonymous_2)
FN:36,(anonymous_3)
FN:39,(anonymous_4)
FN:44,(anonymous_5)
FNF:6
FNH:0
FNDA:0,(anonymous_0)
FNDA:0,(anonymous_1)
FNDA:0,(anonymous_2)
FNDA:0,(anonymous_3)
FNDA:0,(anonymous_4)
FNDA:0,(anonymous_5)
DA:3,0
DA:9,0
DA:11,0
DA:14,0
DA:15,0
DA:16,0
DA:20,0
DA:23,0
DA:37,0
DA:39,0
DA:45,0
LF:11
LH:0
BRDA:4,0,0,0
BRDA:4,0,1,0
BRDA:15,1,0,0
BRDA:15,1,1,0
BRDA:20,2,0,0
BRDA:20,2,1,0
BRF:6
BRH:0
end_of_record
TN:
SF:src\redux\reducers\event.js
FN:8,(anonymous_0)
FN:11,(anonymous_1)
FN:16,(anonymous_2)
FN:23,(anonymous_3)
FN:26,(anonymous_4)
FN:30,(anonymous_5)
FN:36,(anonymous_6)
FN:39,(anonymous_7)
FN:43,(anonymous_8)
FN:49,(anonymous_9)
FN:52,(anonymous_10)
FN:56,(anonymous_11)
FN:61,(anonymous_12)
FNF:13
FNH:0
FNDA:0,(anonymous_0)
FNDA:0,(anonymous_1)
FNDA:0,(anonymous_2)
FNDA:0,(anonymous_3)
FNDA:0,(anonymous_4)
FNDA:0,(anonymous_5)
FNDA:0,(anonymous_6)
FNDA:0,(anonymous_7)
FNDA:0,(anonymous_8)
FNDA:0,(anonymous_9)
FNDA:0,(anonymous_10)
FNDA:0,(anonymous_11)
FNDA:0,(anonymous_12)
DA:3,0
DA:7,0
DA:9,0
DA:12,0
DA:13,0
DA:14,0
DA:17,0
DA:18,0
DA:19,0
DA:24,0
DA:27,0
DA:28,0
DA:31,0
DA:32,0
DA:37,0
DA:40,0
DA:41,0
DA:44,0
DA:45,0
DA:50,0
DA:53,0
DA:54,0
DA:57,0
DA:58,0
DA:62,0
LF:25
LH:0
BRF:0
BRH:0
end_of_record
TN:
SF:src\redux\reducers\order.js
FN:9,(anonymous_0)
FN:13,(anonymous_1)
FN:17,(anonymous_2)
FN:22,(anonymous_3)
FN:25,(anonymous_4)
FN:29,(anonymous_5)
FN:34,(anonymous_6)
FN:37,(anonymous_7)
FN:41,(anonymous_8)
FN:45,(anonymous_9)
FNF:10
FNH:0
FNDA:0,(anonymous_0)
FNDA:0,(anonymous_1)
FNDA:0,(anonymous_2)
FNDA:0,(anonymous_3)
FNDA:0,(anonymous_4)
FNDA:0,(anonymous_5)
FNDA:0,(anonymous_6)
FNDA:0,(anonymous_7)
FNDA:0,(anonymous_8)
FNDA:0,(anonymous_9)
DA:3,0
DA:7,0
DA:10,0
DA:14,0
DA:15,0
DA:18,0
DA:19,0
DA:23,0
DA:26,0
DA:27,0
DA:30,0
DA:31,0
DA:35,0
DA:38,0
DA:39,0
DA:42,0
DA:43,0
DA:46,0
LF:18
LH:0
BRF:0
BRH:0
end_of_record
TN:
SF:src\redux\reducers\product.js
FN:8,(anonymous_0)
FN:11,(anonymous_1)
FN:16,(anonymous_2)
FN:23,(anonymous_3)
FN:26,(anonymous_4)
FN:30,(anonymous_5)
FN:36,(anonymous_6)
FN:39,(anonymous_7)
FN:43,(anonymous_8)
FN:49,(anonymous_9)
FN:52,(anonymous_10)
FN:56,(anonymous_11)
FN:61,(anonymous_12)
FNF:13
FNH:0
FNDA:0,(anonymous_0)
FNDA:0,(anonymous_1)
FNDA:0,(anonymous_2)
FNDA:0,(anonymous_3)
FNDA:0,(anonymous_4)
FNDA:0,(anonymous_5)
FNDA:0,(anonymous_6)
FNDA:0,(anonymous_7)
FNDA:0,(anonymous_8)
FNDA:0,(anonymous_9)
FNDA:0,(anonymous_10)
FNDA:0,(anonymous_11)
FNDA:0,(anonymous_12)
DA:3,0
DA:7,0
DA:9,0
DA:12,0
DA:13,0
DA:14,0
DA:17,0
DA:18,0
DA:19,0
DA:24,0
DA:27,0
DA:28,0
DA:31,0
DA:32,0
DA:37,0
DA:40,0
DA:41,0
DA:44,0
DA:45,0
DA:50,0
DA:53,0
DA:54,0
DA:57,0
DA:58,0
DA:62,0
LF:25
LH:0
BRF:0
BRH:0
end_of_record
TN:
SF:src\redux\reducers\seller.js
FN:8,(anonymous_0)
FN:11,(anonymous_1)
FN:16,(anonymous_2)
FN:22,(anonymous_3)
FN:25,(anonymous_4)
FN:29,(anonymous_5)
FN:34,(anonymous_6)
FNF:7
FNH:0
FNDA:0,(anonymous_0)
FNDA:0,(anonymous_1)
FNDA:0,(anonymous_2)
FNDA:0,(anonymous_3)
FNDA:0,(anonymous_4)
FNDA:0,(anonymous_5)
FNDA:0,(anonymous_6)
DA:3,0
DA:7,0
DA:9,0
DA:12,0
DA:13,0
DA:14,0
DA:17,0
DA:18,0
DA:19,0
DA:23,0
DA:26,0
DA:27,0
DA:30,0
DA:31,0
DA:35,0
LF:15
LH:0
BRF:0
BRH:0
end_of_record
TN:
SF:src\redux\reducers\user.js
FN:8,(anonymous_0)
FN:12,(anonymous_1)
FN:17,(anonymous_2)
FN:24,(anonymous_3)
FN:27,(anonymous_4)
FN:31,(anonymous_5)
FN:37,(anonymous_6)
FN:40,(anonymous_7)
FN:45,(anonymous_8)
FN:51,(anonymous_9)
FN:54,(anonymous_10)
FN:59,(anonymous_11)
FN:64,(anonymous_12)
FN:67,(anonymous_13)
FN:71,(anonymous_14)
FN:76,(anonymous_15)
FNF:16
FNH:0
FNDA:0,(anonymous_0)
FNDA:0,(anonymous_1)
FNDA:0,(anonymous_2)
FNDA:0,(anonymous_3)
FNDA:0,(anonymous_4)
FNDA:0,(anonymous_5)
FNDA:0,(anonymous_6)
FNDA:0,(anonymous_7)
FNDA:0,(anonymous_8)
FNDA:0,(anonymous_9)
FNDA:0,(anonymous_10)
FNDA:0,(anonymous_11)
FNDA:0,(anonymous_12)
FNDA:0,(anonymous_13)
FNDA:0,(anonymous_14)
FNDA:0,(anonymous_15)
DA:3,0
DA:7,0
DA:9,0
DA:13,0
DA:14,0
DA:15,0
DA:18,0
DA:19,0
DA:20,0
DA:25,0
DA:28,0
DA:29,0
DA:32,0
DA:33,0
DA:38,0
DA:41,0
DA:42,0
DA:43,0
DA:46,0
DA:47,0
DA:52,0
DA:55,0
DA:56,0
DA:57,0
DA:60,0
DA:61,0
DA:65,0
DA:68,0
DA:69,0
DA:72,0
DA:73,0
DA:77,0
LF:32
LH:0
BRF:0
BRH:0
end_of_record
TN:
SF:src\redux\reducers\wishlist.js
FN:10,(anonymous_0)
FN:12,(anonymous_1)
FN:16,(anonymous_2)
FN:28,(anonymous_3)
FN:31,(anonymous_4)
FNF:5
FNH:0
FNDA:0,(anonymous_0)
FNDA:0,(anonymous_1)
FNDA:0,(anonymous_2)
FNDA:0,(anonymous_3)
FNDA:0,(anonymous_4)
DA:3,0
DA:9,0
DA:11,0
DA:12,0
DA:13,0
DA:14,0
DA:17,0
DA:21,0
DA:29,0
DA:31,0
LF:10
LH:0
BRDA:4,0,0,0
BRDA:4,0,1,0
BRDA:13,1,0,0
BRDA:13,1,1,0
BRDA:17,2,0,0
BRDA:17,2,1,0
BRF:6
BRH:0
end_of_record
TN:
SF:src\routes\AdminRoutes.js
FNF:0
FNH:0
LF:0
LH:0
BRF:0
BRH:0
end_of_record
TN:
SF:src\routes\ProtectedAdminRoute.js
FN:4,(anonymous_0)
FN:5,(anonymous_1)
FNF:2
FNH:0
FNDA:0,(anonymous_0)
FNDA:0,(anonymous_1)
DA:4,0
DA:5,0
DA:6,0
DA:7,0
DA:8,0
DA:9,0
DA:10,0
DA:12,0
LF:8
LH:0
BRDA:6,0,0,0
BRDA:6,0,1,0
BRDA:7,1,0,0
BRDA:7,1,1,0
BRDA:9,2,0,0
BRDA:9,2,1,0
BRF:6
BRH:0
end_of_record
TN:
SF:src\routes\ProtectedRoute.js
FN:4,(anonymous_0)
FN:5,(anonymous_1)
FNF:2
FNH:0
FNDA:0,(anonymous_0)
FNDA:0,(anonymous_1)
DA:4,0
DA:5,0
DA:6,0
DA:7,0
DA:8,0
DA:10,0
LF:6
LH:0
BRDA:6,0,0,0
BRDA:6,0,1,0
BRDA:7,1,0,0
BRDA:7,1,1,0
BRF:4
BRH:0
end_of_record
TN:
SF:src\routes\Routes.js
FNF:0
FNH:0
LF:0
LH:0
BRF:0
BRH:0
end_of_record
TN:
SF:src\routes\SellerProtectedRoute.js
FN:5,(anonymous_0)
FN:6,(anonymous_1)
FNF:2
FNH:0
FNDA:0,(anonymous_0)
FNDA:0,(anonymous_1)
DA:5,0
DA:6,0
DA:7,0
DA:8,0
DA:10,0
DA:11,0
DA:13,0
LF:7
LH:0
BRDA:7,0,0,0
BRDA:7,0,1,0
BRDA:10,1,0,0
BRDA:10,1,1,0
BRF:4
BRH:0
end_of_record
TN:
SF:src\routes\ShopRoutes.js
FNF:0
FNH:0
LF:0
LH:0
BRF:0
BRH:0
end_of_record
TN:
SF:src\static\data.js
FNF:0
FNH:0
DA:2,0
DA:26,0
DA:191,0
DA:264,0
DA:554,0
DA:577,0
DA:595,0
LF:7
LH:0
BRF:0
BRH:0
end_of_record
TN:
SF:src\styles\styles.js
FNF:0
FNH:0
DA:1,0
LF:1
LH:0
BRF:0
BRH:0
end_of_record
