{"numFailedTestSuites":1,"numFailedTests":0,"numPassedTestSuites":3,"numPassedTests":10,"numPendingTestSuites":0,"numPendingTests":0,"numRuntimeErrorTestSuites":1,"numTodoTests":0,"numTotalTestSuites":4,"numTotalTests":10,"openHandles":[],"snapshot":{"added":0,"didUpdate":false,"failure":false,"filesAdded":0,"filesRemoved":0,"filesRemovedList":[],"filesUnmatched":0,"filesUpdated":0,"matched":0,"total":0,"unchecked":0,"uncheckedKeysByFile":[],"unmatched":0,"updated":0},"startTime":1746389810955,"success":false,"testResults":[{"assertionResults":[],"coverage":{},"endTime":1746389815166,"message":"  \u001b[1m● \u001b[22mTest suite failed to run\n\n    Cannot find module 'mongodb-memory-server' from '__tests__/models/user.test.js'\n\n    \u001b[0m \u001b[90m 1 |\u001b[39m \u001b[36mconst\u001b[39m mongoose \u001b[33m=\u001b[39m require(\u001b[32m\"mongoose\"\u001b[39m)\u001b[33m;\u001b[39m\n     \u001b[90m 2 |\u001b[39m \u001b[36mconst\u001b[39m \u001b[33mUser\u001b[39m \u001b[33m=\u001b[39m require(\u001b[32m\"../../model/user\"\u001b[39m)\u001b[33m;\u001b[39m\n    \u001b[31m\u001b[1m>\u001b[22m\u001b[39m\u001b[90m 3 |\u001b[39m \u001b[36mconst\u001b[39m { \u001b[33mMongoMemoryServer\u001b[39m } \u001b[33m=\u001b[39m require(\u001b[32m\"mongodb-memory-server\"\u001b[39m)\u001b[33m;\u001b[39m\n     \u001b[90m   |\u001b[39m                               \u001b[31m\u001b[1m^\u001b[22m\u001b[39m\n     \u001b[90m 4 |\u001b[39m\n     \u001b[90m 5 |\u001b[39m \u001b[36mlet\u001b[39m mongoServer\u001b[33m;\u001b[39m\n     \u001b[90m 6 |\u001b[39m\u001b[0m\n\n      \u001b[2mat Resolver._throwModNotFoundError (\u001b[22mnode_modules/jest-resolve/build/resolver.js\u001b[2m:427:11)\u001b[22m\n      \u001b[2mat Object.require (\u001b[22m\u001b[0m\u001b[36m__tests__/models/user.test.js\u001b[39m\u001b[0m\u001b[2m:3:31)\u001b[22m\n","name":"D:\\Pakka Wala Final\\Multi_vondor_E_shop\\backend\\__tests__\\models\\user.test.js","startTime":1746389815166,"status":"failed","summary":""},{"assertionResults":[{"ancestorTitles":["Product Controller Functions","getProductsByShopId"],"duration":25,"failureDetails":[],"failureMessages":[],"fullName":"Product Controller Functions getProductsByShopId should return products for a specific shop","invocations":1,"location":null,"numPassingAsserts":2,"retryReasons":[],"status":"passed","title":"should return products for a specific shop"},{"ancestorTitles":["Product Controller Functions","getGenreDistribution"],"duration":1,"failureDetails":[],"failureMessages":[],"fullName":"Product Controller Functions getGenreDistribution should calculate genre distribution correctly","invocations":1,"location":null,"numPassingAsserts":1,"retryReasons":[],"status":"passed","title":"should calculate genre distribution correctly"},{"ancestorTitles":["Product Controller Functions","createProduct"],"duration":2,"failureDetails":[],"failureMessages":[],"fullName":"Product Controller Functions createProduct should create a product with valid shop","invocations":1,"location":null,"numPassingAsserts":2,"retryReasons":[],"status":"passed","title":"should create a product with valid shop"}],"endTime":1746389814893,"message":"","name":"D:\\Pakka Wala Final\\Multi_vondor_E_shop\\backend\\__tests__\\controllers\\product.test.js","startTime":1746389811470,"status":"passed","summary":""},{"assertionResults":[{"ancestorTitles":["Authentication Middleware","isAuthenticated"],"duration":16,"failureDetails":[],"failureMessages":[],"fullName":"Authentication Middleware isAuthenticated should call next with error if no token is present","invocations":1,"location":null,"numPassingAsserts":3,"retryReasons":[],"status":"passed","title":"should call next with error if no token is present"},{"ancestorTitles":["Authentication Middleware","isAuthenticated"],"duration":2,"failureDetails":[],"failureMessages":[],"fullName":"Authentication Middleware isAuthenticated should set req.user and call next if token is valid","invocations":1,"location":null,"numPassingAsserts":2,"retryReasons":[],"status":"passed","title":"should set req.user and call next if token is valid"},{"ancestorTitles":["Authentication Middleware","isSeller"],"duration":1,"failureDetails":[],"failureMessages":[],"fullName":"Authentication Middleware isSeller should verify seller authentication","invocations":1,"location":null,"numPassingAsserts":2,"retryReasons":[],"status":"passed","title":"should verify seller authentication"},{"ancestorTitles":["Authentication Middleware","isAdmin"],"duration":1,"failureDetails":[],"failureMessages":[],"fullName":"Authentication Middleware isAdmin should verify admin role","invocations":1,"location":null,"numPassingAsserts":1,"retryReasons":[],"status":"passed","title":"should verify admin role"},{"ancestorTitles":["Authentication Middleware","isAdmin"],"duration":1,"failureDetails":[],"failureMessages":[],"fullName":"Authentication Middleware isAdmin should reject non-admin users","invocations":1,"location":null,"numPassingAsserts":1,"retryReasons":[],"status":"passed","title":"should reject non-admin users"}],"endTime":1746389815075,"message":"","name":"D:\\Pakka Wala Final\\Multi_vondor_E_shop\\backend\\__tests__\\middleware\\auth.test.js","startTime":1746389811463,"status":"passed","summary":""},{"assertionResults":[{"ancestorTitles":["Order Processing","createOrder"],"duration":14,"failureDetails":[],"failureMessages":[],"fullName":"Order Processing createOrder should create orders grouped by shop","invocations":1,"location":null,"numPassingAsserts":5,"retryReasons":[],"status":"passed","title":"should create orders grouped by shop"},{"ancestorTitles":["Order Processing","updateOrderStatus"],"duration":4,"failureDetails":[],"failureMessages":[],"fullName":"Order Processing updateOrderStatus should update seller balance on delivery","invocations":1,"location":null,"numPassingAsserts":4,"retryReasons":[],"status":"passed","title":"should update seller balance on delivery"}],"endTime":1746389815087,"message":"","name":"D:\\Pakka Wala Final\\Multi_vondor_E_shop\\backend\\__tests__\\controllers\\order.test.js","startTime":1746389811504,"status":"passed","summary":""}],"wasInterrupted":false}
